<?xml version="1.0" encoding="UTF-8"?>
<robot generator="Robot 6.0.1 (Python 3.11.1 on win32)" generated="20230308 13:58:57.853" rpa="false" schemaversion="3">
<suite id="s1" name="LoginTest1" source="C:\Users\Ilham BOURHAIM\PycharmProjects\pythonProject13\LoginTest\LoginTest1.robot">
<test id="s1-t1" name="LoginTest" line="9">
<kw name="open the browser with URL" library="resources">
<kw name="Create Webdriver" library="SeleniumLibrary">
<arg>Chrome</arg>
<doc>Creates an instance of Selenium WebDriver.</doc>
<msg timestamp="20230308 13:58:58.190" level="INFO">Creating an instance of the Chrome WebDriver.</msg>
<status status="PASS" starttime="20230308 13:58:58.190" endtime="20230308 13:59:00.401"/>
</kw>
<kw name="Go To" library="SeleniumLibrary">
<arg>${URL}</arg>
<doc>Navigates the current browser window to the provided ``url``.</doc>
<msg timestamp="20230308 13:59:00.401" level="INFO">Opening url 'http://192.168.31.31/'</msg>
<status status="PASS" starttime="20230308 13:59:00.401" endtime="20230308 13:59:02.214"/>
</kw>
<kw name="Maximize Browser Window" library="SeleniumLibrary">
<doc>Maximizes current browser window.</doc>
<status status="PASS" starttime="20230308 13:59:02.214" endtime="20230308 13:59:02.366"/>
</kw>
<kw name="Sleep" library="BuiltIn">
<arg>6</arg>
<doc>Pauses the test executed for the given time.</doc>
<msg timestamp="20230308 13:59:08.371" level="INFO">Slept 6 seconds</msg>
<status status="PASS" starttime="20230308 13:59:02.367" endtime="20230308 13:59:08.371"/>
</kw>
<status status="PASS" starttime="20230308 13:58:58.190" endtime="20230308 13:59:08.371"/>
</kw>
<kw name="Se connecter" library="UnSu1_LoginKeywords">
<kw name="Click Element" library="SeleniumLibrary">
<arg>${Connexion}</arg>
<doc>Click the element identified by ``locator``.</doc>
<msg timestamp="20230308 13:59:08.374" level="INFO">Clicking element 'xpath://span[contains(text(),' / S’enregistrer')]'.</msg>
<status status="PASS" starttime="20230308 13:59:08.372" endtime="20230308 13:59:09.151"/>
</kw>
<kw name="Sleep" library="BuiltIn">
<arg>4</arg>
<doc>Pauses the test executed for the given time.</doc>
<msg timestamp="20230308 13:59:13.151" level="INFO">Slept 4 seconds</msg>
<status status="PASS" starttime="20230308 13:59:09.151" endtime="20230308 13:59:13.151"/>
</kw>
<status status="PASS" starttime="20230308 13:59:08.372" endtime="20230308 13:59:13.152"/>
</kw>
<kw name="Entre a Valide UserName" library="UnSu1_LoginKeywords">
<arg>${valid_UserName}</arg>
<kw name="Input Text" library="SeleniumLibrary">
<arg>${txt_loginUserName}</arg>
<arg>${valid_UserName}</arg>
<doc>Types the given ``text`` into the text field identified by ``locator``.</doc>
<msg timestamp="20230308 13:59:13.154" level="INFO">Typing text 'ilhambourhaum1@gmail.com' into text field 'xpath://input[@id='username']'.</msg>
<status status="PASS" starttime="20230308 13:59:13.153" endtime="20230308 13:59:13.300"/>
</kw>
<status status="PASS" starttime="20230308 13:59:13.152" endtime="20230308 13:59:13.300"/>
</kw>
<kw name="Entre a Valide Password" library="UnSu1_LoginKeywords">
<arg>${Invalid_Password}</arg>
<kw name="Input Text" library="SeleniumLibrary">
<arg>${txt_loginPassword}</arg>
<arg>${Invalid_Password}</arg>
<doc>Types the given ``text`` into the text field identified by ``locator``.</doc>
<msg timestamp="20230308 13:59:13.301" level="INFO">Typing text 'ilh1*' into text field 'xpath://input[@id='password']'.</msg>
<status status="PASS" starttime="20230308 13:59:13.300" endtime="20230308 13:59:13.399"/>
</kw>
<kw name="Sleep" library="BuiltIn">
<arg>5</arg>
<doc>Pauses the test executed for the given time.</doc>
<msg timestamp="20230308 13:59:18.400" level="INFO">Slept 5 seconds</msg>
<status status="PASS" starttime="20230308 13:59:13.399" endtime="20230308 13:59:18.400"/>
</kw>
<status status="PASS" starttime="20230308 13:59:13.300" endtime="20230308 13:59:18.400"/>
</kw>
<kw name="S'identifier and Verify the UnSuccessful Login" library="UnSu1_LoginKeywords">
<kw name="Click Element" library="SeleniumLibrary">
<arg>${Identification_Button}</arg>
<doc>Click the element identified by ``locator``.</doc>
<msg timestamp="20230308 13:59:18.403" level="INFO">Clicking element 'xpath://button[contains(text(),'Identification')]'.</msg>
<status status="PASS" starttime="20230308 13:59:18.401" endtime="20230308 13:59:19.135"/>
</kw>
<kw name="Wait Until Element Is Visible" library="SeleniumLibrary">
<arg>${UnSuccessful_Login}</arg>
<doc>Waits until the element ``locator`` is visible.</doc>
<status status="PASS" starttime="20230308 13:59:19.136" endtime="20230308 13:59:19.190"/>
</kw>
<status status="PASS" starttime="20230308 13:59:18.400" endtime="20230308 13:59:19.190"/>
</kw>
<status status="PASS" starttime="20230308 13:58:58.189" endtime="20230308 13:59:19.191"/>
</test>
<doc>Unsuccessful Login</doc>
<status status="PASS" starttime="20230308 13:58:57.855" endtime="20230308 13:59:19.191"/>
</suite>
<statistics>
<total>
<stat pass="1" fail="0" skip="0">All Tests</stat>
</total>
<tag>
</tag>
<suite>
<stat pass="1" fail="0" skip="0" id="s1" name="LoginTest1">LoginTest1</stat>
</suite>
</statistics>
<errors>
</errors>
</robot>
