<?xml version="1.0" encoding="UTF-8"?>
<robot generator="Robot 6.0.1 (Python 3.11.1 on win32)" generated="20230303 16:12:04.743" rpa="false" schemaversion="3">
<suite id="s1" name="LoginTest" source="C:\Users\Ilham BOURHAIM\PycharmProjects\pythonProject13\LoginTest">
<suite id="s1-s1" name="LoginTest" source="C:\Users\Ilham BOURHAIM\PycharmProjects\pythonProject13\LoginTest\LoginTest.robot">
<test id="s1-s1-t1" name="LoginTest" line="10">
<kw name="open the browser with URL" library="resources">
<kw name="Create Webdriver" library="SeleniumLibrary">
<arg>Chrome</arg>
<doc>Creates an instance of Selenium WebDriver.</doc>
<msg timestamp="20230303 16:12:05.722" level="INFO">Creating an instance of the Chrome WebDriver.</msg>
<status status="PASS" starttime="20230303 16:12:05.721" endtime="20230303 16:12:13.346"/>
</kw>
<kw name="Go To" library="SeleniumLibrary">
<arg>${URL}</arg>
<doc>Navigates the current browser window to the provided ``url``.</doc>
<msg timestamp="20230303 16:12:13.347" level="INFO">Opening url 'http://192.168.31.31/'</msg>
<status status="PASS" starttime="20230303 16:12:13.346" endtime="20230303 16:12:23.698"/>
</kw>
<kw name="Maximize Browser Window" library="SeleniumLibrary">
<doc>Maximizes current browser window.</doc>
<status status="PASS" starttime="20230303 16:12:23.699" endtime="20230303 16:12:24.659"/>
</kw>
<kw name="Sleep" library="BuiltIn">
<arg>6</arg>
<doc>Pauses the test executed for the given time.</doc>
<msg timestamp="20230303 16:12:30.661" level="INFO">Slept 6 seconds</msg>
<status status="PASS" starttime="20230303 16:12:24.659" endtime="20230303 16:12:30.661"/>
</kw>
<status status="PASS" starttime="20230303 16:12:05.721" endtime="20230303 16:12:30.661"/>
</kw>
<kw name="Se connecter" library="LoginKeywords">
<kw name="Click Element" library="SeleniumLibrary">
<arg>${Connexion}</arg>
<doc>Click the element identified by ``locator``.</doc>
<msg timestamp="20230303 16:12:30.664" level="INFO">Clicking element 'xpath://span[contains(text(),' / S’enregistrer')]'.</msg>
<status status="PASS" starttime="20230303 16:12:30.663" endtime="20230303 16:12:33.693"/>
</kw>
<kw name="Sleep" library="BuiltIn">
<arg>4</arg>
<doc>Pauses the test executed for the given time.</doc>
<msg timestamp="20230303 16:12:37.695" level="INFO">Slept 4 seconds</msg>
<status status="PASS" starttime="20230303 16:12:33.693" endtime="20230303 16:12:37.695"/>
</kw>
<status status="PASS" starttime="20230303 16:12:30.662" endtime="20230303 16:12:37.695"/>
</kw>
<kw name="Entre a Valide UserName" library="LoginKeywords">
<arg>${UserName}</arg>
<kw name="Input Text" library="SeleniumLibrary">
<arg>${txt_loginUserName}</arg>
<arg>${UserName}</arg>
<doc>Types the given ``text`` into the text field identified by ``locator``.</doc>
<msg timestamp="20230303 16:12:37.698" level="INFO">Typing text 'ilhambourhaum1@gmail.com' into text field 'xpath://input[@id='username']'.</msg>
<status status="PASS" starttime="20230303 16:12:37.697" endtime="20230303 16:12:38.025"/>
</kw>
<status status="PASS" starttime="20230303 16:12:37.696" endtime="20230303 16:12:38.026"/>
</kw>
<kw name="Entre a Valide Password" library="LoginKeywords">
<arg>${Password}</arg>
<kw name="Input Text" library="SeleniumLibrary">
<arg>${txt_loginPassword}</arg>
<arg>${Password}</arg>
<doc>Types the given ``text`` into the text field identified by ``locator``.</doc>
<msg timestamp="20230303 16:12:38.027" level="INFO">Typing text 'ilham12*' into text field 'xpath://input[@id='password']'.</msg>
<status status="PASS" starttime="20230303 16:12:38.026" endtime="20230303 16:12:38.331"/>
</kw>
<kw name="Sleep" library="BuiltIn">
<arg>5</arg>
<doc>Pauses the test executed for the given time.</doc>
<msg timestamp="20230303 16:12:43.332" level="INFO">Slept 5 seconds</msg>
<status status="PASS" starttime="20230303 16:12:38.332" endtime="20230303 16:12:43.332"/>
</kw>
<status status="PASS" starttime="20230303 16:12:38.026" endtime="20230303 16:12:43.332"/>
</kw>
<kw name="S'identifier and Verify the Successful Login" library="LoginKeywords">
<kw name="Click Element" library="SeleniumLibrary">
<arg>${Identification_Button}</arg>
<doc>Click the element identified by ``locator``.</doc>
<msg timestamp="20230303 16:12:43.335" level="INFO">Clicking element 'xpath://button[contains(text(),'Identification')]'.</msg>
<status status="PASS" starttime="20230303 16:12:43.333" endtime="20230303 16:12:51.973"/>
</kw>
<kw name="Wait Until Element Is Visible" library="SeleniumLibrary">
<arg>${Successful_Login}</arg>
<doc>Waits until the element ``locator`` is visible.</doc>
<status status="PASS" starttime="20230303 16:12:51.973" endtime="20230303 16:12:52.019"/>
</kw>
<status status="PASS" starttime="20230303 16:12:43.333" endtime="20230303 16:12:52.020"/>
</kw>
<status status="PASS" starttime="20230303 16:12:05.720" endtime="20230303 16:12:52.021"/>
</test>
<doc>successful Login</doc>
<status status="PASS" starttime="20230303 16:12:04.808" endtime="20230303 16:12:52.021"/>
</suite>
<status status="PASS" starttime="20230303 16:12:04.762" endtime="20230303 16:12:52.023"/>
</suite>
<statistics>
<total>
<stat pass="1" fail="0" skip="0">All Tests</stat>
</total>
<tag>
</tag>
<suite>
<stat pass="1" fail="0" skip="0" id="s1" name="LoginTest">LoginTest</stat>
<stat pass="1" fail="0" skip="0" id="s1-s1" name="LoginTest">LoginTest.LoginTest</stat>
</suite>
</statistics>
<errors>
</errors>
</robot>
