<?xml version="1.0" encoding="UTF-8"?>
<robot generator="Rebot 6.0.1 (Python 3.11.1 on win32)" generated="20230303 12:09:01.212" rpa="false" schemaversion="3">
<suite id="s1" name="pythonProject13" source="C:\Users\Ilham BOURHAIM\PycharmProjects\pythonProject13">
<suite id="s1-s1" name="projet1- FILS DE CABLE - Commande" source="C:\Users\Ilham BOURHAIM\PycharmProjects\pythonProject13\projet1- FILS DE CABLE - Commande">
<suite id="s1-s1-s1" name="Test1" source="C:\Users\Ilham BOURHAIM\PycharmProjects\pythonProject13\projet1- FILS DE CABLE - Commande\test1.robot">
<test id="s1-s1-s1-t1" name="Cables et fils electrique-Fils de cable" line="12">
<kw name="open the browser with URL" library="resources">
<kw name="Create Webdriver" library="SeleniumLibrary">
<arg>Chrome</arg>
<doc>Creates an instance of Selenium WebDriver.</doc>
<msg timestamp="20230303 11:39:51.544" level="INFO">Creating an instance of the Chrome WebDriver.</msg>
<status status="PASS" starttime="20230303 11:39:51.544" endtime="20230303 11:39:56.936"/>
</kw>
<kw name="Go To" library="SeleniumLibrary">
<arg>${URL}</arg>
<doc>Navigates the current browser window to the provided ``url``.</doc>
<msg timestamp="20230303 11:39:56.937" level="INFO">Opening url 'http://192.168.31.31/'</msg>
<status status="PASS" starttime="20230303 11:39:56.936" endtime="20230303 11:40:04.460"/>
</kw>
<kw name="Maximize Browser Window" library="SeleniumLibrary">
<doc>Maximizes current browser window.</doc>
<status status="PASS" starttime="20230303 11:40:04.461" endtime="20230303 11:40:05.451"/>
</kw>
<kw name="Sleep" library="BuiltIn">
<arg>6</arg>
<doc>Pauses the test executed for the given time.</doc>
<msg timestamp="20230303 11:40:11.456" level="INFO">Slept 6 seconds</msg>
<status status="PASS" starttime="20230303 11:40:05.453" endtime="20230303 11:40:11.456"/>
</kw>
<status status="PASS" starttime="20230303 11:39:51.544" endtime="20230303 11:40:11.457"/>
</kw>
<kw name="click an Cables et fils electrique-Fils de cable" library="clickAn">
<arg>${Categories}</arg>
<arg>${Câbles_fils}</arg>
<arg>${FILS_CABLE}</arg>
<kw name="Click Element" library="SeleniumLibrary">
<arg>${Categories}</arg>
<doc>Click the element identified by ``locator``.</doc>
<msg timestamp="20230303 11:40:11.460" level="INFO">Clicking element 'xpath://span[contains(text(),'Categories')]'.</msg>
<status status="PASS" starttime="20230303 11:40:11.459" endtime="20230303 11:40:11.569"/>
</kw>
<kw name="Sleep" library="BuiltIn">
<arg>5</arg>
<doc>Pauses the test executed for the given time.</doc>
<msg timestamp="20230303 11:40:16.570" level="INFO">Slept 5 seconds</msg>
<status status="PASS" starttime="20230303 11:40:11.569" endtime="20230303 11:40:16.570"/>
</kw>
<kw name="Click Element" library="SeleniumLibrary">
<arg>${Câbles_fils}</arg>
<doc>Click the element identified by ``locator``.</doc>
<msg timestamp="20230303 11:40:16.570" level="INFO">Clicking element 'xpath://header/div[1]/div[2]/div[1]/div[1]/ul[1]/li[2]/div[2]/div[1]/ul[1]/li[2]/a[1]'.</msg>
<status status="PASS" starttime="20230303 11:40:16.570" endtime="20230303 11:40:19.435"/>
</kw>
<kw name="Sleep" library="BuiltIn">
<arg>5</arg>
<doc>Pauses the test executed for the given time.</doc>
<msg timestamp="20230303 11:40:24.436" level="INFO">Slept 5 seconds</msg>
<status status="PASS" starttime="20230303 11:40:19.436" endtime="20230303 11:40:24.436"/>
</kw>
<kw name="Click Element" library="SeleniumLibrary">
<arg>${FILS_CABLE}</arg>
<doc>Click the element identified by ``locator``.</doc>
<msg timestamp="20230303 11:40:24.437" level="INFO">Clicking element 'css:body.page-template-default.page.page-id-837.theme-flatsome.woocommerce-js.yith-wcan-pro.lightbox.nav-dropdown-has-shadow.nav-dropdown-has-border.page-template-blank.page-template-blank-php:nth-child(2) div.content-area section.section:nth-child(3) div.section-content.relative:nth-child(2) div.row div.col.medium-4.small-12.large-4:nth-child(3) div.col-inner.box-shadow-3:nth-child(1) div.row.row-collapse div.col.medium-8.large-8:nth-child(2) div.col-inner h3:nth-child(2) &gt; a:nth-child(1)'.</msg>
<status status="PASS" starttime="20230303 11:40:24.436" endtime="20230303 11:40:29.379"/>
</kw>
<kw name="Sleep" library="BuiltIn">
<arg>5</arg>
<doc>Pauses the test executed for the given time.</doc>
<msg timestamp="20230303 11:40:34.380" level="INFO">Slept 5 seconds</msg>
<status status="PASS" starttime="20230303 11:40:29.379" endtime="20230303 11:40:34.380"/>
</kw>
<status status="PASS" starttime="20230303 11:40:11.457" endtime="20230303 11:40:34.381"/>
</kw>
<kw name="choisir un produit et l ajouter directement dans le panier + Voir le panier (2 produits)" library="Choose">
<arg>${Ajout_Panier}</arg>
<arg>${Voir_panier}</arg>
<arg>${Ajouter_nbr_produit}</arg>
<arg>${Mettre_à_jour_panier}</arg>
<arg>${Panier_mis_à_jour}</arg>
<arg>${Valider_Commande}</arg>
<arg>${Détails_de_facturation}</arg>
<kw name="Sleep" library="BuiltIn">
<arg>5</arg>
<doc>Pauses the test executed for the given time.</doc>
<msg timestamp="20230303 11:40:39.385" level="INFO">Slept 5 seconds</msg>
<status status="PASS" starttime="20230303 11:40:34.384" endtime="20230303 11:40:39.385"/>
</kw>
<kw name="Click Element" library="SeleniumLibrary">
<arg>${Ajout_Panier}</arg>
<doc>Click the element identified by ``locator``.</doc>
<msg timestamp="20230303 11:40:39.388" level="INFO">Clicking element 'xpath://button[contains(text(),'Ajouter au panier')]'.</msg>
<status status="PASS" starttime="20230303 11:40:39.385" endtime="20230303 11:40:39.533"/>
</kw>
<kw name="Sleep" library="BuiltIn">
<arg>5</arg>
<doc>Pauses the test executed for the given time.</doc>
<msg timestamp="20230303 11:40:44.535" level="INFO">Slept 5 seconds</msg>
<status status="PASS" starttime="20230303 11:40:39.534" endtime="20230303 11:40:44.536"/>
</kw>
<kw name="Click Element" library="SeleniumLibrary">
<arg>${Voir_panier}</arg>
<doc>Click the element identified by ``locator``.</doc>
<msg timestamp="20230303 11:40:44.547" level="INFO">Clicking element 'xpath://header/div[1]/div[1]/div[1]/div[4]/ul[1]/li[3]/ul[1]/li[1]/div[1]/p[2]/a[1]'.</msg>
<status status="PASS" starttime="20230303 11:40:44.539" endtime="20230303 11:40:47.915"/>
</kw>
<kw name="Sleep" library="BuiltIn">
<arg>5</arg>
<doc>Pauses the test executed for the given time.</doc>
<msg timestamp="20230303 11:40:52.918" level="INFO">Slept 5 seconds</msg>
<status status="PASS" starttime="20230303 11:40:47.918" endtime="20230303 11:40:52.919"/>
</kw>
<kw name="Click Element" library="SeleniumLibrary">
<arg>${Ajouter_nbr_produit}</arg>
<doc>Click the element identified by ``locator``.</doc>
<msg timestamp="20230303 11:40:52.923" level="INFO">Clicking element 'xpath://tbody/tr[1]/td[5]/div[1]/input[3]'.</msg>
<status status="PASS" starttime="20230303 11:40:52.920" endtime="20230303 11:40:53.026"/>
</kw>
<kw name="Sleep" library="BuiltIn">
<arg>7</arg>
<doc>Pauses the test executed for the given time.</doc>
<msg timestamp="20230303 11:41:00.028" level="INFO">Slept 7 seconds</msg>
<status status="PASS" starttime="20230303 11:40:53.026" endtime="20230303 11:41:00.028"/>
</kw>
<kw name="Click Element" library="SeleniumLibrary">
<arg>${Mettre_à_jour_panier}</arg>
<doc>Click the element identified by ``locator``.</doc>
<msg timestamp="20230303 11:41:00.030" level="INFO">Clicking element 'xpath: // button[contains(text(), 'Mettre à jour le panier')]'.</msg>
<status status="PASS" starttime="20230303 11:41:00.028" endtime="20230303 11:41:00.140"/>
</kw>
<kw name="Sleep" library="BuiltIn">
<arg>5</arg>
<doc>Pauses the test executed for the given time.</doc>
<msg timestamp="20230303 11:41:05.142" level="INFO">Slept 5 seconds</msg>
<status status="PASS" starttime="20230303 11:41:00.141" endtime="20230303 11:41:05.142"/>
</kw>
<kw name="Wait Until Element Is Visible" library="SeleniumLibrary">
<arg>${Panier_mis_à_jour}</arg>
<doc>Waits until the element ``locator`` is visible.</doc>
<status status="PASS" starttime="20230303 11:41:05.142" endtime="20230303 11:41:05.229"/>
</kw>
<kw name="Sleep" library="BuiltIn">
<arg>5</arg>
<doc>Pauses the test executed for the given time.</doc>
<msg timestamp="20230303 11:41:10.231" level="INFO">Slept 5 seconds</msg>
<status status="PASS" starttime="20230303 11:41:05.230" endtime="20230303 11:41:10.231"/>
</kw>
<kw name="Click Element" library="SeleniumLibrary">
<arg>${Valider_Commande}</arg>
<doc>Click the element identified by ``locator``.</doc>
<msg timestamp="20230303 11:41:10.233" level="INFO">Clicking element 'xpath://a[contains(text(),'Valider la commande')]'.</msg>
<status status="PASS" starttime="20230303 11:41:10.232" endtime="20230303 11:41:13.802"/>
</kw>
<kw name="Wait Until Element Is Visible" library="SeleniumLibrary">
<arg>${Détails_de_facturation}</arg>
<doc>Waits until the element ``locator`` is visible.</doc>
<status status="PASS" starttime="20230303 11:41:13.802" endtime="20230303 11:41:13.852"/>
</kw>
<kw name="Sleep" library="BuiltIn">
<arg>5</arg>
<doc>Pauses the test executed for the given time.</doc>
<msg timestamp="20230303 11:41:18.852" level="INFO">Slept 5 seconds</msg>
<status status="PASS" starttime="20230303 11:41:13.852" endtime="20230303 11:41:18.852"/>
</kw>
<status status="PASS" starttime="20230303 11:40:34.382" endtime="20230303 11:41:18.852"/>
</kw>
<kw name="valider la commande" library="CommandePage">
<arg>${Prénom}</arg>
<arg>${Nom}</arg>
<arg>${Nom_d_entreprise}</arg>
<arg>${Numéro_nom_de_rue}</arg>
<arg>${Ville}</arg>
<arg>${Région_Département}</arg>
<arg>${Code_postal}</arg>
<arg>${Téléphone}</arg>
<arg>${E_mail}</arg>
<kw name="Maximize Browser Window" library="SeleniumLibrary">
<doc>Maximizes current browser window.</doc>
<status status="PASS" starttime="20230303 11:41:18.854" endtime="20230303 11:41:18.858"/>
</kw>
<kw name="Input Text" library="SeleniumLibrary">
<arg>${Prénom1}</arg>
<arg>${Prénom}</arg>
<doc>Types the given ``text`` into the text field identified by ``locator``.</doc>
<msg timestamp="20230303 11:41:18.859" level="INFO">Typing text 'Ilham' into text field ' xpath://input[@id='billing_first_name']'.</msg>
<status status="PASS" starttime="20230303 11:41:18.858" endtime="20230303 11:41:19.000"/>
</kw>
<kw name="Input Text" library="SeleniumLibrary">
<arg>${Nom1}</arg>
<arg>${Nom}</arg>
<doc>Types the given ``text`` into the text field identified by ``locator``.</doc>
<msg timestamp="20230303 11:41:19.001" level="INFO">Typing text 'Brh' into text field 'xpath://input[@id='billing_last_name']'.</msg>
<status status="PASS" starttime="20230303 11:41:19.000" endtime="20230303 11:41:19.130"/>
</kw>
<kw name="Sleep" library="BuiltIn">
<arg>5</arg>
<doc>Pauses the test executed for the given time.</doc>
<msg timestamp="20230303 11:41:24.132" level="INFO">Slept 5 seconds</msg>
<status status="PASS" starttime="20230303 11:41:19.130" endtime="20230303 11:41:24.132"/>
</kw>
<kw name="Input Text" library="SeleniumLibrary">
<arg>${Nom_d_entreprise1}</arg>
<arg>${Nom_d_entreprise}</arg>
<doc>Types the given ``text`` into the text field identified by ``locator``.</doc>
<msg timestamp="20230303 11:41:24.134" level="INFO">Typing text 'AB' into text field 'xpath://input[@id='billing_company']'.</msg>
<status status="PASS" starttime="20230303 11:41:24.133" endtime="20230303 11:41:24.355"/>
</kw>
<kw name="Sleep" library="BuiltIn">
<arg>5</arg>
<doc>Pauses the test executed for the given time.</doc>
<msg timestamp="20230303 11:41:29.356" level="INFO">Slept 5 seconds</msg>
<status status="PASS" starttime="20230303 11:41:24.356" endtime="20230303 11:41:29.356"/>
</kw>
<kw name="Input Text" library="SeleniumLibrary">
<arg>${Numéro_nom_de_rue1}</arg>
<arg>${Numéro_nom_de_rue}</arg>
<doc>Types the given ``text`` into the text field identified by ``locator``.</doc>
<msg timestamp="20230303 11:41:29.358" level="INFO">Typing text 'Hay Nahda' into text field 'xpath://input[@id='billing_address_1']'.</msg>
<status status="PASS" starttime="20230303 11:41:29.356" endtime="20230303 11:41:29.597"/>
</kw>
<kw name="Input Text" library="SeleniumLibrary">
<arg>${Ville1}</arg>
<arg>${Ville}</arg>
<doc>Types the given ``text`` into the text field identified by ``locator``.</doc>
<msg timestamp="20230303 11:41:29.600" level="INFO">Typing text 'Rabat' into text field 'xpath://input[@id='billing_city']'.</msg>
<status status="PASS" starttime="20230303 11:41:29.597" endtime="20230303 11:41:29.759"/>
</kw>
<kw name="Input Text" library="SeleniumLibrary">
<arg>${Région_Département1}</arg>
<arg>${Région_Département}</arg>
<doc>Types the given ``text`` into the text field identified by ``locator``.</doc>
<msg timestamp="20230303 11:41:29.761" level="INFO">Typing text 'Rabat-Salé-Kénitra' into text field 'xpath://input[@id='billing_state']'.</msg>
<status status="PASS" starttime="20230303 11:41:29.759" endtime="20230303 11:41:29.940"/>
</kw>
<kw name="Input Text" library="SeleniumLibrary">
<arg>${Code_postal1}</arg>
<arg>${Code_postal}</arg>
<doc>Types the given ``text`` into the text field identified by ``locator``.</doc>
<msg timestamp="20230303 11:41:29.941" level="INFO">Typing text '20200' into text field 'xpath://input[@id='billing_postcode']'.</msg>
<status status="PASS" starttime="20230303 11:41:29.940" endtime="20230303 11:41:30.069"/>
</kw>
<kw name="Sleep" library="BuiltIn">
<arg>4</arg>
<doc>Pauses the test executed for the given time.</doc>
<msg timestamp="20230303 11:41:34.078" level="INFO">Slept 4 seconds</msg>
<status status="PASS" starttime="20230303 11:41:30.077" endtime="20230303 11:41:34.078"/>
</kw>
<kw name="Input Text" library="SeleniumLibrary">
<arg>${Téléphone1}</arg>
<arg>${Téléphone}</arg>
<doc>Types the given ``text`` into the text field identified by ``locator``.</doc>
<msg timestamp="20230303 11:41:34.080" level="INFO">Typing text '0651780789' into text field 'xpath://input[@id='billing_phone']'.</msg>
<status status="PASS" starttime="20230303 11:41:34.078" endtime="20230303 11:41:34.234"/>
</kw>
<kw name="Input Text" library="SeleniumLibrary">
<arg>${E_mail1}</arg>
<arg>${E_mail}</arg>
<doc>Types the given ``text`` into the text field identified by ``locator``.</doc>
<msg timestamp="20230303 11:41:34.235" level="INFO">Typing text 'IlhamBrh1@gmail.com' into text field 'xpath://input[@id='billing_email']'.</msg>
<status status="PASS" starttime="20230303 11:41:34.234" endtime="20230303 11:41:34.419"/>
</kw>
<kw name="Sleep" library="BuiltIn">
<arg>4</arg>
<doc>Pauses the test executed for the given time.</doc>
<msg timestamp="20230303 11:41:38.421" level="INFO">Slept 4 seconds</msg>
<status status="PASS" starttime="20230303 11:41:34.419" endtime="20230303 11:41:38.421"/>
</kw>
<kw name="Select Checkbox" library="SeleniumLibrary">
<arg>${Accepter_les_conditions}</arg>
<doc>Selects the checkbox identified by ``locator``.</doc>
<msg timestamp="20230303 11:41:38.422" level="INFO">Selecting checkbox 'id:terms'.</msg>
<status status="PASS" starttime="20230303 11:41:38.421" endtime="20230303 11:41:38.604"/>
</kw>
<kw name="Sleep" library="BuiltIn">
<arg>5</arg>
<doc>Pauses the test executed for the given time.</doc>
<msg timestamp="20230303 11:41:43.606" level="INFO">Slept 5 seconds</msg>
<status status="PASS" starttime="20230303 11:41:38.604" endtime="20230303 11:41:43.606"/>
</kw>
<kw name="Click Element" library="SeleniumLibrary">
<arg>${Commander}</arg>
<doc>Click the element identified by ``locator``.</doc>
<msg timestamp="20230303 11:41:43.607" level="INFO">Clicking element 'xpath://button[@id='place_order']'.</msg>
<status status="PASS" starttime="20230303 11:41:43.606" endtime="20230303 11:41:43.789"/>
</kw>
<kw name="Sleep" library="BuiltIn">
<arg>7</arg>
<doc>Pauses the test executed for the given time.</doc>
<msg timestamp="20230303 11:41:50.792" level="INFO">Slept 7 seconds</msg>
<status status="PASS" starttime="20230303 11:41:43.789" endtime="20230303 11:41:50.792"/>
</kw>
<kw name="Wait Until Element Is Visible" library="SeleniumLibrary">
<arg>${commande_reçue}</arg>
<doc>Waits until the element ``locator`` is visible.</doc>
<status status="PASS" starttime="20230303 11:41:50.792" endtime="20230303 11:41:51.369"/>
</kw>
<kw name="Sleep" library="BuiltIn">
<arg>5</arg>
<doc>Pauses the test executed for the given time.</doc>
<msg timestamp="20230303 11:41:56.370" level="INFO">Slept 5 seconds</msg>
<status status="PASS" starttime="20230303 11:41:51.369" endtime="20230303 11:41:56.370"/>
</kw>
<status status="PASS" starttime="20230303 11:41:18.853" endtime="20230303 11:41:56.370"/>
</kw>
<status status="PASS" starttime="20230303 11:39:51.544" endtime="20230303 11:41:56.370"/>
</test>
<doc>Cables et fils electrique-Fils de cable_Partie de Commande</doc>
<status status="PASS" starttime="20230303 11:39:51.068" endtime="20230303 11:41:56.370"/>
</suite>
<suite id="s1-s1-s2" name="Test2" source="C:\Users\Ilham BOURHAIM\PycharmProjects\pythonProject13\projet1- FILS DE CABLE - Commande\test2.robot">
<test id="s1-s1-s2-t1" name="Cables et fils electrique-Fils de cable" line="10">
<kw name="open the browser with URL" library="resources">
<kw name="Create Webdriver" library="SeleniumLibrary">
<arg>Chrome</arg>
<doc>Creates an instance of Selenium WebDriver.</doc>
<msg timestamp="20230303 11:39:51.544" level="INFO">Creating an instance of the Chrome WebDriver.</msg>
<status status="PASS" starttime="20230303 11:39:51.544" endtime="20230303 11:39:56.414"/>
</kw>
<kw name="Go To" library="SeleniumLibrary">
<arg>${URL}</arg>
<doc>Navigates the current browser window to the provided ``url``.</doc>
<msg timestamp="20230303 11:39:56.415" level="INFO">Opening url 'http://192.168.31.31/'</msg>
<status status="PASS" starttime="20230303 11:39:56.415" endtime="20230303 11:40:06.097"/>
</kw>
<kw name="Maximize Browser Window" library="SeleniumLibrary">
<doc>Maximizes current browser window.</doc>
<status status="PASS" starttime="20230303 11:40:06.097" endtime="20230303 11:40:06.323"/>
</kw>
<kw name="Sleep" library="BuiltIn">
<arg>6</arg>
<doc>Pauses the test executed for the given time.</doc>
<msg timestamp="20230303 11:40:12.328" level="INFO">Slept 6 seconds</msg>
<status status="PASS" starttime="20230303 11:40:06.324" endtime="20230303 11:40:12.328"/>
</kw>
<status status="PASS" starttime="20230303 11:39:51.544" endtime="20230303 11:40:12.329"/>
</kw>
<kw name="click an Cables et fils electrique-Fils de cable" library="clickAn">
<arg>${Categories}</arg>
<arg>${Câbles_fils}</arg>
<arg>${FILS_CABLE}</arg>
<kw name="Click Element" library="SeleniumLibrary">
<arg>${Categories}</arg>
<doc>Click the element identified by ``locator``.</doc>
<msg timestamp="20230303 11:40:12.329" level="INFO">Clicking element 'xpath://span[contains(text(),'Categories')]'.</msg>
<status status="PASS" starttime="20230303 11:40:12.329" endtime="20230303 11:40:12.543"/>
</kw>
<kw name="Sleep" library="BuiltIn">
<arg>5</arg>
<doc>Pauses the test executed for the given time.</doc>
<msg timestamp="20230303 11:40:17.544" level="INFO">Slept 5 seconds</msg>
<status status="PASS" starttime="20230303 11:40:12.543" endtime="20230303 11:40:17.544"/>
</kw>
<kw name="Click Element" library="SeleniumLibrary">
<arg>${Câbles_fils}</arg>
<doc>Click the element identified by ``locator``.</doc>
<msg timestamp="20230303 11:40:17.545" level="INFO">Clicking element 'xpath://header/div[1]/div[2]/div[1]/div[1]/ul[1]/li[2]/div[2]/div[1]/ul[1]/li[2]/a[1]'.</msg>
<status status="PASS" starttime="20230303 11:40:17.544" endtime="20230303 11:40:23.298"/>
</kw>
<kw name="Sleep" library="BuiltIn">
<arg>5</arg>
<doc>Pauses the test executed for the given time.</doc>
<msg timestamp="20230303 11:40:28.299" level="INFO">Slept 5 seconds</msg>
<status status="PASS" starttime="20230303 11:40:23.298" endtime="20230303 11:40:28.299"/>
</kw>
<kw name="Click Element" library="SeleniumLibrary">
<arg>${FILS_CABLE}</arg>
<doc>Click the element identified by ``locator``.</doc>
<msg timestamp="20230303 11:40:28.301" level="INFO">Clicking element 'css:body.page-template-default.page.page-id-837.theme-flatsome.woocommerce-js.yith-wcan-pro.lightbox.nav-dropdown-has-shadow.nav-dropdown-has-border.page-template-blank.page-template-blank-php:nth-child(2) div.content-area section.section:nth-child(3) div.section-content.relative:nth-child(2) div.row div.col.medium-4.small-12.large-4:nth-child(3) div.col-inner.box-shadow-3:nth-child(1) div.row.row-collapse div.col.medium-8.large-8:nth-child(2) div.col-inner h3:nth-child(2) &gt; a:nth-child(1)'.</msg>
<status status="PASS" starttime="20230303 11:40:28.299" endtime="20230303 11:40:33.917"/>
</kw>
<kw name="Sleep" library="BuiltIn">
<arg>5</arg>
<doc>Pauses the test executed for the given time.</doc>
<msg timestamp="20230303 11:40:38.919" level="INFO">Slept 5 seconds</msg>
<status status="PASS" starttime="20230303 11:40:33.918" endtime="20230303 11:40:38.919"/>
</kw>
<status status="PASS" starttime="20230303 11:40:12.329" endtime="20230303 11:40:38.924"/>
</kw>
<kw name="choisir un produit et passer directement la commande" library="choose2">
<arg>${Ajout_Panier}</arg>
<arg>${Commander1}</arg>
<arg>${Détails_de_facturation}</arg>
<kw name="Sleep" library="BuiltIn">
<arg>7</arg>
<doc>Pauses the test executed for the given time.</doc>
<msg timestamp="20230303 11:40:45.959" level="INFO">Slept 7 seconds</msg>
<status status="PASS" starttime="20230303 11:40:38.927" endtime="20230303 11:40:45.960"/>
</kw>
<kw name="Click Element" library="SeleniumLibrary">
<arg>${Ajout_Panier}</arg>
<doc>Click the element identified by ``locator``.</doc>
<msg timestamp="20230303 11:40:45.968" level="INFO">Clicking element 'xpath://button[contains(text(),'Ajouter au panier')]'.</msg>
<status status="PASS" starttime="20230303 11:40:45.962" endtime="20230303 11:40:46.265"/>
</kw>
<kw name="Sleep" library="BuiltIn">
<arg>3</arg>
<doc>Pauses the test executed for the given time.</doc>
<msg timestamp="20230303 11:40:49.266" level="INFO">Slept 3 seconds</msg>
<status status="PASS" starttime="20230303 11:40:46.265" endtime="20230303 11:40:49.266"/>
</kw>
<kw name="Click Element" library="SeleniumLibrary">
<arg>${Commander1}</arg>
<doc>Click the element identified by ``locator``.</doc>
<msg timestamp="20230303 11:40:49.267" level="INFO">Clicking element 'xpath://header/div[1]/div[1]/div[1]/div[4]/ul[1]/li[3]/ul[1]/li[1]/div[1]/p[2]/a[2]'.</msg>
<msg timestamp="20230303 11:40:49.588" level="INFO" html="true">&lt;/td&gt;&lt;/tr&gt;&lt;tr&gt;&lt;td colspan="3"&gt;&lt;a href="1-selenium-screenshot-1.png"&gt;&lt;img src="1-selenium-screenshot-1.png" width="800px"&gt;&lt;/a&gt;</msg>
<msg timestamp="20230303 11:40:49.589" level="FAIL">Element with locator 'xpath://header/div[1]/div[1]/div[1]/div[4]/ul[1]/li[3]/ul[1]/li[1]/div[1]/p[2]/a[2]' not found.</msg>
<status status="FAIL" starttime="20230303 11:40:49.266" endtime="20230303 11:40:49.593"/>
</kw>
<kw name="Sleep" library="BuiltIn">
<arg>6</arg>
<doc>Pauses the test executed for the given time.</doc>
<status status="NOT RUN" starttime="20230303 11:40:49.593" endtime="20230303 11:40:49.593"/>
</kw>
<kw name="Wait Until Element Is Visible" library="SeleniumLibrary">
<arg>${Détails_de_facturation}</arg>
<doc>Waits until the element ``locator`` is visible.</doc>
<status status="NOT RUN" starttime="20230303 11:40:49.593" endtime="20230303 11:40:49.593"/>
</kw>
<kw name="Sleep" library="BuiltIn">
<arg>5</arg>
<doc>Pauses the test executed for the given time.</doc>
<status status="NOT RUN" starttime="20230303 11:40:49.593" endtime="20230303 11:40:49.593"/>
</kw>
<status status="FAIL" starttime="20230303 11:40:38.925" endtime="20230303 11:40:49.593"/>
</kw>
<kw name="valider la commande" library="CommandePage">
<arg>${Prénom}</arg>
<arg>${Nom}</arg>
<arg>${Nom_d_entreprise}</arg>
<arg>${Numéro_nom_de_rue}</arg>
<arg>${Ville}</arg>
<arg>${Région_Département}</arg>
<arg>${Code_postal}</arg>
<arg>${Téléphone}</arg>
<arg>${E_mail}</arg>
<status status="NOT RUN" starttime="20230303 11:40:49.593" endtime="20230303 11:40:49.600"/>
</kw>
<status status="FAIL" starttime="20230303 11:39:51.528" endtime="20230303 11:40:49.600">Element with locator 'xpath://header/div[1]/div[1]/div[1]/div[4]/ul[1]/li[3]/ul[1]/li[1]/div[1]/p[2]/a[2]' not found.</status>
</test>
<doc>Cables et fils electrique-Fils de cable_Partie de Commande</doc>
<status status="FAIL" starttime="20230303 11:39:51.052" endtime="20230303 11:40:49.602"/>
</suite>
<suite id="s1-s1-s3" name="Test3" source="C:\Users\Ilham BOURHAIM\PycharmProjects\pythonProject13\projet1- FILS DE CABLE - Commande\test3.robot">
<test id="s1-s1-s3-t1" name="Cables et fils electrique-Fils de cable" line="10">
<kw name="open the browser with URL" library="resources">
<kw name="Create Webdriver" library="SeleniumLibrary">
<arg>Chrome</arg>
<doc>Creates an instance of Selenium WebDriver.</doc>
<msg timestamp="20230303 11:39:51.705" level="INFO">Creating an instance of the Chrome WebDriver.</msg>
<status status="PASS" starttime="20230303 11:39:51.705" endtime="20230303 11:39:55.987"/>
</kw>
<kw name="Go To" library="SeleniumLibrary">
<arg>${URL}</arg>
<doc>Navigates the current browser window to the provided ``url``.</doc>
<msg timestamp="20230303 11:39:55.988" level="INFO">Opening url 'http://192.168.31.31/'</msg>
<status status="PASS" starttime="20230303 11:39:55.988" endtime="20230303 11:40:04.447"/>
</kw>
<kw name="Maximize Browser Window" library="SeleniumLibrary">
<doc>Maximizes current browser window.</doc>
<status status="PASS" starttime="20230303 11:40:04.447" endtime="20230303 11:40:05.738"/>
</kw>
<kw name="Sleep" library="BuiltIn">
<arg>6</arg>
<doc>Pauses the test executed for the given time.</doc>
<msg timestamp="20230303 11:40:11.739" level="INFO">Slept 6 seconds</msg>
<status status="PASS" starttime="20230303 11:40:05.739" endtime="20230303 11:40:11.739"/>
</kw>
<status status="PASS" starttime="20230303 11:39:51.705" endtime="20230303 11:40:11.740"/>
</kw>
<kw name="click an Cables et fils electrique-Fils de cable" library="clickAn">
<arg>${Categories}</arg>
<arg>${Câbles_fils}</arg>
<arg>${FILS_CABLE}</arg>
<kw name="Click Element" library="SeleniumLibrary">
<arg>${Categories}</arg>
<doc>Click the element identified by ``locator``.</doc>
<msg timestamp="20230303 11:40:11.745" level="INFO">Clicking element 'xpath://span[contains(text(),'Categories')]'.</msg>
<status status="PASS" starttime="20230303 11:40:11.743" endtime="20230303 11:40:11.878"/>
</kw>
<kw name="Sleep" library="BuiltIn">
<arg>5</arg>
<doc>Pauses the test executed for the given time.</doc>
<msg timestamp="20230303 11:40:16.880" level="INFO">Slept 5 seconds</msg>
<status status="PASS" starttime="20230303 11:40:11.879" endtime="20230303 11:40:16.880"/>
</kw>
<kw name="Click Element" library="SeleniumLibrary">
<arg>${Câbles_fils}</arg>
<doc>Click the element identified by ``locator``.</doc>
<msg timestamp="20230303 11:40:16.882" level="INFO">Clicking element 'xpath://header/div[1]/div[2]/div[1]/div[1]/ul[1]/li[2]/div[2]/div[1]/ul[1]/li[2]/a[1]'.</msg>
<status status="PASS" starttime="20230303 11:40:16.880" endtime="20230303 11:40:22.276"/>
</kw>
<kw name="Sleep" library="BuiltIn">
<arg>5</arg>
<doc>Pauses the test executed for the given time.</doc>
<msg timestamp="20230303 11:40:27.279" level="INFO">Slept 5 seconds</msg>
<status status="PASS" starttime="20230303 11:40:22.277" endtime="20230303 11:40:27.279"/>
</kw>
<kw name="Click Element" library="SeleniumLibrary">
<arg>${FILS_CABLE}</arg>
<doc>Click the element identified by ``locator``.</doc>
<msg timestamp="20230303 11:40:27.280" level="INFO">Clicking element 'css:body.page-template-default.page.page-id-837.theme-flatsome.woocommerce-js.yith-wcan-pro.lightbox.nav-dropdown-has-shadow.nav-dropdown-has-border.page-template-blank.page-template-blank-php:nth-child(2) div.content-area section.section:nth-child(3) div.section-content.relative:nth-child(2) div.row div.col.medium-4.small-12.large-4:nth-child(3) div.col-inner.box-shadow-3:nth-child(1) div.row.row-collapse div.col.medium-8.large-8:nth-child(2) div.col-inner h3:nth-child(2) &gt; a:nth-child(1)'.</msg>
<status status="PASS" starttime="20230303 11:40:27.279" endtime="20230303 11:40:32.754"/>
</kw>
<kw name="Sleep" library="BuiltIn">
<arg>5</arg>
<doc>Pauses the test executed for the given time.</doc>
<msg timestamp="20230303 11:40:37.757" level="INFO">Slept 5 seconds</msg>
<status status="PASS" starttime="20230303 11:40:32.754" endtime="20230303 11:40:37.757"/>
</kw>
<status status="PASS" starttime="20230303 11:40:11.742" endtime="20230303 11:40:37.758"/>
</kw>
<kw name="clicker sur un produit et voir le panier" library="choose3">
<arg>${clicker_Produit}</arg>
<arg>${Ajout_Panier}</arg>
<arg>${Voirr_Panier}</arg>
<arg>${Valider_Commande}</arg>
<kw name="Sleep" library="BuiltIn">
<arg>5</arg>
<doc>Pauses the test executed for the given time.</doc>
<msg timestamp="20230303 11:40:42.761" level="INFO">Slept 5 seconds</msg>
<status status="PASS" starttime="20230303 11:40:37.759" endtime="20230303 11:40:42.761"/>
</kw>
<kw name="Click Element" library="SeleniumLibrary">
<arg>${clicker_Produit}</arg>
<doc>Click the element identified by ``locator``.</doc>
<msg timestamp="20230303 11:40:42.763" level="INFO">Clicking element 'xpath://a[contains(text(),'cable souple 16mm')]'.</msg>
<status status="PASS" starttime="20230303 11:40:42.761" endtime="20230303 11:40:45.984"/>
</kw>
<kw name="Sleep" library="BuiltIn">
<arg>5</arg>
<doc>Pauses the test executed for the given time.</doc>
<msg timestamp="20230303 11:40:50.986" level="INFO">Slept 5 seconds</msg>
<status status="PASS" starttime="20230303 11:40:45.985" endtime="20230303 11:40:50.987"/>
</kw>
<kw name="Click Element" library="SeleniumLibrary">
<arg>${Ajout_Panier}</arg>
<doc>Click the element identified by ``locator``.</doc>
<msg timestamp="20230303 11:40:50.993" level="INFO">Clicking element 'xpath://button[contains(text(),'Ajouter au panier')]'.</msg>
<status status="PASS" starttime="20230303 11:40:50.988" endtime="20230303 11:40:56.129"/>
</kw>
<kw name="Sleep" library="BuiltIn">
<arg>3</arg>
<doc>Pauses the test executed for the given time.</doc>
<msg timestamp="20230303 11:40:59.130" level="INFO">Slept 3 seconds</msg>
<status status="PASS" starttime="20230303 11:40:56.129" endtime="20230303 11:40:59.130"/>
</kw>
<kw name="Click Element" library="SeleniumLibrary">
<arg>${Voirr_Panier}</arg>
<doc>Click the element identified by ``locator``.</doc>
<msg timestamp="20230303 11:40:59.131" level="INFO">Clicking element 'xpath://header/div[1]/div[1]/div[1]/div[4]/ul[1]/li[3]/ul[1]/li[1]/div[1]/p[2]/a[1]'.</msg>
<msg timestamp="20230303 11:40:59.566" level="INFO" html="true">&lt;/td&gt;&lt;/tr&gt;&lt;tr&gt;&lt;td colspan="3"&gt;&lt;a href="2-selenium-screenshot-1.png"&gt;&lt;img src="2-selenium-screenshot-1.png" width="800px"&gt;&lt;/a&gt;</msg>
<msg timestamp="20230303 11:40:59.566" level="FAIL">StaleElementReferenceException: Message: stale element reference: element is not attached to the page document
  (Session info: chrome=110.0.5481.177)
Stacktrace:
Backtrace:
	(No symbol) [0x012037D3]
	(No symbol) [0x01198B81]
	(No symbol) [0x0109B36D]
	(No symbol) [0x0109E0FB]
	(No symbol) [0x0109DFD0]
	(No symbol) [0x0109E250]
	(No symbol) [0x010D1F68]
	(No symbol) [0x010CFD0B]
	(No symbol) [0x010CE4D8]
	(No symbol) [0x010C3253]
	(No symbol) [0x010EB41C]
	(No symbol) [0x010C2B96]
	(No symbol) [0x010EB774]
	(No symbol) [0x01101215]
	(No symbol) [0x010EB216]
	(No symbol) [0x010C0D97]
	(No symbol) [0x010C253D]
	GetHandleVerifier [0x0147ABF2+2510930]
	GetHandleVerifier [0x014A8EC1+2700065]
	GetHandleVerifier [0x014AC86C+2714828]
	GetHandleVerifier [0x012B3480+645344]
	(No symbol) [0x011A0FD2]
	(No symbol) [0x011A6C68]
	(No symbol) [0x011A6D4B]
	(No symbol) [0x011B0D6B]
	BaseThreadInitThunk [0x75FF00F9+25]
	RtlGetAppContainerNamedObjectPath [0x76F77BBE+286]
	RtlGetAppContainerNamedObjectPath [0x76F77B8E+238]
</msg>
<status status="FAIL" starttime="20230303 11:40:59.130" endtime="20230303 11:40:59.575"/>
</kw>
<kw name="Sleep" library="BuiltIn">
<arg>5</arg>
<doc>Pauses the test executed for the given time.</doc>
<status status="NOT RUN" starttime="20230303 11:40:59.576" endtime="20230303 11:40:59.576"/>
</kw>
<kw name="Click Element" library="SeleniumLibrary">
<arg>${Valider_Commande}</arg>
<doc>Click the element identified by ``locator``.</doc>
<status status="NOT RUN" starttime="20230303 11:40:59.576" endtime="20230303 11:40:59.576"/>
</kw>
<kw name="Sleep" library="BuiltIn">
<arg>4</arg>
<doc>Pauses the test executed for the given time.</doc>
<status status="NOT RUN" starttime="20230303 11:40:59.576" endtime="20230303 11:40:59.576"/>
</kw>
<status status="FAIL" starttime="20230303 11:40:37.758" endtime="20230303 11:40:59.577"/>
</kw>
<kw name="valider la commande" library="CommandePage">
<arg>${Prénom}</arg>
<arg>${Nom}</arg>
<arg>${Nom_d_entreprise}</arg>
<arg>${Numéro_nom_de_rue}</arg>
<arg>${Ville}</arg>
<arg>${Région_Département}</arg>
<arg>${Code_postal}</arg>
<arg>${Téléphone}</arg>
<arg>${E_mail}</arg>
<status status="NOT RUN" starttime="20230303 11:40:59.577" endtime="20230303 11:40:59.577"/>
</kw>
<status status="FAIL" starttime="20230303 11:39:51.705" endtime="20230303 11:40:59.577">StaleElementReferenceException: Message: stale element reference: element is not attached to the page document
  (Session info: chrome=110.0.5481.177)
Stacktrace:
Backtrace:
	(No symbol) [0x012037D3]
	(No symbol) [0x01198B81]
	(No symbol) [0x0109B36D]
	(No symbol) [0x0109E0FB]
	(No symbol) [0x0109DFD0]
	(No symbol) [0x0109E250]
	(No symbol) [0x010D1F68]
	(No symbol) [0x010CFD0B]
	(No symbol) [0x010CE4D8]
	(No symbol) [0x010C3253]
	(No symbol) [0x010EB41C]
	(No symbol) [0x010C2B96]
	(No symbol) [0x010EB774]
	(No symbol) [0x01101215]
	(No symbol) [0x010EB216]
	(No symbol) [0x010C0D97]
	(No symbol) [0x010C253D]
	GetHandleVerifier [0x0147ABF2+2510930]
	GetHandleVerifier [0x014A8EC1+2700065]
	GetHandleVerifier [0x014AC86C+2714828]
	GetHandleVerifier [0x012B3480+645344]
	(No symbol) [0x011A0FD2]
	(No symbol) [0x011A6C68]
	(No symbol) [0x011A6D4B]
	(No symbol) [0x011B0D6B]
	BaseThreadInitThunk [0x75FF00F9+25]
	RtlGetAppContainerNamedObjectPath [0x76F77BBE+286]
	RtlGetAppContainerNamedObjectPath [0x76F77B8E+238]
</status>
</test>
<doc>Cables et fils electrique-Fils de cable_Partie de Commande</doc>
<status status="FAIL" starttime="20230303 11:39:51.133" endtime="20230303 11:40:59.578"/>
</suite>
<suite id="s1-s1-s4" name="Test4" source="C:\Users\Ilham BOURHAIM\PycharmProjects\pythonProject13\projet1- FILS DE CABLE - Commande\test4.robot">
<test id="s1-s1-s4-t1" name="Cables et fils electrique-Fils de cable" line="10">
<kw name="open the browser with URL" library="resources">
<kw name="Create Webdriver" library="SeleniumLibrary">
<arg>Chrome</arg>
<doc>Creates an instance of Selenium WebDriver.</doc>
<msg timestamp="20230303 11:39:51.588" level="INFO">Creating an instance of the Chrome WebDriver.</msg>
<status status="PASS" starttime="20230303 11:39:51.588" endtime="20230303 11:39:55.367"/>
</kw>
<kw name="Go To" library="SeleniumLibrary">
<arg>${URL}</arg>
<doc>Navigates the current browser window to the provided ``url``.</doc>
<msg timestamp="20230303 11:39:55.368" level="INFO">Opening url 'http://192.168.31.31/'</msg>
<status status="PASS" starttime="20230303 11:39:55.368" endtime="20230303 11:40:04.255"/>
</kw>
<kw name="Maximize Browser Window" library="SeleniumLibrary">
<doc>Maximizes current browser window.</doc>
<status status="PASS" starttime="20230303 11:40:04.255" endtime="20230303 11:40:05.653"/>
</kw>
<kw name="Sleep" library="BuiltIn">
<arg>6</arg>
<doc>Pauses the test executed for the given time.</doc>
<msg timestamp="20230303 11:40:11.654" level="INFO">Slept 6 seconds</msg>
<status status="PASS" starttime="20230303 11:40:05.653" endtime="20230303 11:40:11.654"/>
</kw>
<status status="PASS" starttime="20230303 11:39:51.588" endtime="20230303 11:40:11.655"/>
</kw>
<kw name="click an Cables et fils electrique-Fils de cable" library="clickAn">
<arg>${Categories}</arg>
<arg>${Câbles_fils}</arg>
<arg>${FILS_CABLE}</arg>
<kw name="Click Element" library="SeleniumLibrary">
<arg>${Categories}</arg>
<doc>Click the element identified by ``locator``.</doc>
<msg timestamp="20230303 11:40:11.659" level="INFO">Clicking element 'xpath://span[contains(text(),'Categories')]'.</msg>
<status status="PASS" starttime="20230303 11:40:11.657" endtime="20230303 11:40:11.803"/>
</kw>
<kw name="Sleep" library="BuiltIn">
<arg>5</arg>
<doc>Pauses the test executed for the given time.</doc>
<msg timestamp="20230303 11:40:16.805" level="INFO">Slept 5 seconds</msg>
<status status="PASS" starttime="20230303 11:40:11.804" endtime="20230303 11:40:16.805"/>
</kw>
<kw name="Click Element" library="SeleniumLibrary">
<arg>${Câbles_fils}</arg>
<doc>Click the element identified by ``locator``.</doc>
<msg timestamp="20230303 11:40:16.814" level="INFO">Clicking element 'xpath://header/div[1]/div[2]/div[1]/div[1]/ul[1]/li[2]/div[2]/div[1]/ul[1]/li[2]/a[1]'.</msg>
<status status="PASS" starttime="20230303 11:40:16.809" endtime="20230303 11:40:21.971"/>
</kw>
<kw name="Sleep" library="BuiltIn">
<arg>5</arg>
<doc>Pauses the test executed for the given time.</doc>
<msg timestamp="20230303 11:40:26.975" level="INFO">Slept 5 seconds</msg>
<status status="PASS" starttime="20230303 11:40:21.972" endtime="20230303 11:40:26.975"/>
</kw>
<kw name="Click Element" library="SeleniumLibrary">
<arg>${FILS_CABLE}</arg>
<doc>Click the element identified by ``locator``.</doc>
<msg timestamp="20230303 11:40:26.977" level="INFO">Clicking element 'css:body.page-template-default.page.page-id-837.theme-flatsome.woocommerce-js.yith-wcan-pro.lightbox.nav-dropdown-has-shadow.nav-dropdown-has-border.page-template-blank.page-template-blank-php:nth-child(2) div.content-area section.section:nth-child(3) div.section-content.relative:nth-child(2) div.row div.col.medium-4.small-12.large-4:nth-child(3) div.col-inner.box-shadow-3:nth-child(1) div.row.row-collapse div.col.medium-8.large-8:nth-child(2) div.col-inner h3:nth-child(2) &gt; a:nth-child(1)'.</msg>
<status status="PASS" starttime="20230303 11:40:26.975" endtime="20230303 11:40:32.457"/>
</kw>
<kw name="Sleep" library="BuiltIn">
<arg>5</arg>
<doc>Pauses the test executed for the given time.</doc>
<msg timestamp="20230303 11:40:37.460" level="INFO">Slept 5 seconds</msg>
<status status="PASS" starttime="20230303 11:40:32.458" endtime="20230303 11:40:37.461"/>
</kw>
<status status="PASS" starttime="20230303 11:40:11.655" endtime="20230303 11:40:37.462"/>
</kw>
<kw name="clicker sur un produit et passer la commande" library="choose4">
<arg>${clicker_Produit}</arg>
<arg>${Ajout_Panier}</arg>
<arg>${Commanderr}</arg>
<kw name="Sleep" library="BuiltIn">
<arg>6</arg>
<doc>Pauses the test executed for the given time.</doc>
<msg timestamp="20230303 11:40:43.469" level="INFO">Slept 6 seconds</msg>
<status status="PASS" starttime="20230303 11:40:37.467" endtime="20230303 11:40:43.470"/>
</kw>
<kw name="Click Element" library="SeleniumLibrary">
<arg>${clicker_Produit}</arg>
<doc>Click the element identified by ``locator``.</doc>
<msg timestamp="20230303 11:40:43.471" level="INFO">Clicking element 'xpath://a[contains(text(),'cable souple 16mm')]'.</msg>
<status status="PASS" starttime="20230303 11:40:43.470" endtime="20230303 11:40:46.411"/>
</kw>
<kw name="Sleep" library="BuiltIn">
<arg>5</arg>
<doc>Pauses the test executed for the given time.</doc>
<msg timestamp="20230303 11:40:51.413" level="INFO">Slept 5 seconds</msg>
<status status="PASS" starttime="20230303 11:40:46.411" endtime="20230303 11:40:51.413"/>
</kw>
<kw name="Click Element" library="SeleniumLibrary">
<arg>${Ajout_Panier}</arg>
<doc>Click the element identified by ``locator``.</doc>
<msg timestamp="20230303 11:40:51.414" level="INFO">Clicking element 'xpath://button[contains(text(),'Ajouter au panier')]'.</msg>
<status status="PASS" starttime="20230303 11:40:51.413" endtime="20230303 11:40:55.978"/>
</kw>
<kw name="Sleep" library="BuiltIn">
<arg>3</arg>
<doc>Pauses the test executed for the given time.</doc>
<msg timestamp="20230303 11:40:58.980" level="INFO">Slept 3 seconds</msg>
<status status="PASS" starttime="20230303 11:40:55.979" endtime="20230303 11:40:58.980"/>
</kw>
<kw name="Click Element" library="SeleniumLibrary">
<arg>${Commanderr}</arg>
<doc>Click the element identified by ``locator``.</doc>
<msg timestamp="20230303 11:40:58.981" level="INFO">Clicking element 'xpath://header/div[1]/div[1]/div[1]/div[4]/ul[1]/li[3]/ul[1]/li[1]/div[1]/p[2]/a[2]'.</msg>
<status status="PASS" starttime="20230303 11:40:58.980" endtime="20230303 11:41:03.479"/>
</kw>
<kw name="Sleep" library="BuiltIn">
<arg>5</arg>
<doc>Pauses the test executed for the given time.</doc>
<msg timestamp="20230303 11:41:08.481" level="INFO">Slept 5 seconds</msg>
<status status="PASS" starttime="20230303 11:41:03.479" endtime="20230303 11:41:08.481"/>
</kw>
<status status="PASS" starttime="20230303 11:40:37.464" endtime="20230303 11:41:08.481"/>
</kw>
<kw name="valider la commande" library="CommandePage">
<arg>${Prénom}</arg>
<arg>${Nom}</arg>
<arg>${Nom_d_entreprise}</arg>
<arg>${Numéro_nom_de_rue}</arg>
<arg>${Ville}</arg>
<arg>${Région_Département}</arg>
<arg>${Code_postal}</arg>
<arg>${Téléphone}</arg>
<arg>${E_mail}</arg>
<kw name="Maximize Browser Window" library="SeleniumLibrary">
<doc>Maximizes current browser window.</doc>
<status status="PASS" starttime="20230303 11:41:08.485" endtime="20230303 11:41:08.495"/>
</kw>
<kw name="Input Text" library="SeleniumLibrary">
<arg>${Prénom1}</arg>
<arg>${Prénom}</arg>
<doc>Types the given ``text`` into the text field identified by ``locator``.</doc>
<msg timestamp="20230303 11:41:08.497" level="INFO">Typing text 'Ilham' into text field ' xpath://input[@id='billing_first_name']'.</msg>
<status status="PASS" starttime="20230303 11:41:08.496" endtime="20230303 11:41:08.798"/>
</kw>
<kw name="Input Text" library="SeleniumLibrary">
<arg>${Nom1}</arg>
<arg>${Nom}</arg>
<doc>Types the given ``text`` into the text field identified by ``locator``.</doc>
<msg timestamp="20230303 11:41:08.800" level="INFO">Typing text 'Brh' into text field 'xpath://input[@id='billing_last_name']'.</msg>
<status status="PASS" starttime="20230303 11:41:08.798" endtime="20230303 11:41:09.044"/>
</kw>
<kw name="Sleep" library="BuiltIn">
<arg>5</arg>
<doc>Pauses the test executed for the given time.</doc>
<msg timestamp="20230303 11:41:14.045" level="INFO">Slept 5 seconds</msg>
<status status="PASS" starttime="20230303 11:41:09.044" endtime="20230303 11:41:14.045"/>
</kw>
<kw name="Input Text" library="SeleniumLibrary">
<arg>${Nom_d_entreprise1}</arg>
<arg>${Nom_d_entreprise}</arg>
<doc>Types the given ``text`` into the text field identified by ``locator``.</doc>
<msg timestamp="20230303 11:41:14.046" level="INFO">Typing text 'AB' into text field 'xpath://input[@id='billing_company']'.</msg>
<status status="PASS" starttime="20230303 11:41:14.045" endtime="20230303 11:41:14.227"/>
</kw>
<kw name="Sleep" library="BuiltIn">
<arg>5</arg>
<doc>Pauses the test executed for the given time.</doc>
<msg timestamp="20230303 11:41:19.229" level="INFO">Slept 5 seconds</msg>
<status status="PASS" starttime="20230303 11:41:14.228" endtime="20230303 11:41:19.229"/>
</kw>
<kw name="Input Text" library="SeleniumLibrary">
<arg>${Numéro_nom_de_rue1}</arg>
<arg>${Numéro_nom_de_rue}</arg>
<doc>Types the given ``text`` into the text field identified by ``locator``.</doc>
<msg timestamp="20230303 11:41:19.230" level="INFO">Typing text 'Hay Nahda' into text field 'xpath://input[@id='billing_address_1']'.</msg>
<status status="PASS" starttime="20230303 11:41:19.229" endtime="20230303 11:41:19.420"/>
</kw>
<kw name="Input Text" library="SeleniumLibrary">
<arg>${Ville1}</arg>
<arg>${Ville}</arg>
<doc>Types the given ``text`` into the text field identified by ``locator``.</doc>
<msg timestamp="20230303 11:41:19.422" level="INFO">Typing text 'Rabat' into text field 'xpath://input[@id='billing_city']'.</msg>
<status status="PASS" starttime="20230303 11:41:19.420" endtime="20230303 11:41:19.593"/>
</kw>
<kw name="Input Text" library="SeleniumLibrary">
<arg>${Région_Département1}</arg>
<arg>${Région_Département}</arg>
<doc>Types the given ``text`` into the text field identified by ``locator``.</doc>
<msg timestamp="20230303 11:41:19.595" level="INFO">Typing text 'Rabat-Salé-Kénitra' into text field 'xpath://input[@id='billing_state']'.</msg>
<status status="PASS" starttime="20230303 11:41:19.593" endtime="20230303 11:41:19.840"/>
</kw>
<kw name="Input Text" library="SeleniumLibrary">
<arg>${Code_postal1}</arg>
<arg>${Code_postal}</arg>
<doc>Types the given ``text`` into the text field identified by ``locator``.</doc>
<msg timestamp="20230303 11:41:19.842" level="INFO">Typing text '20200' into text field 'xpath://input[@id='billing_postcode']'.</msg>
<status status="PASS" starttime="20230303 11:41:19.840" endtime="20230303 11:41:20.109"/>
</kw>
<kw name="Sleep" library="BuiltIn">
<arg>4</arg>
<doc>Pauses the test executed for the given time.</doc>
<msg timestamp="20230303 11:41:24.111" level="INFO">Slept 4 seconds</msg>
<status status="PASS" starttime="20230303 11:41:20.109" endtime="20230303 11:41:24.111"/>
</kw>
<kw name="Input Text" library="SeleniumLibrary">
<arg>${Téléphone1}</arg>
<arg>${Téléphone}</arg>
<doc>Types the given ``text`` into the text field identified by ``locator``.</doc>
<msg timestamp="20230303 11:41:24.112" level="INFO">Typing text '0651780789' into text field 'xpath://input[@id='billing_phone']'.</msg>
<status status="PASS" starttime="20230303 11:41:24.111" endtime="20230303 11:41:24.352"/>
</kw>
<kw name="Input Text" library="SeleniumLibrary">
<arg>${E_mail1}</arg>
<arg>${E_mail}</arg>
<doc>Types the given ``text`` into the text field identified by ``locator``.</doc>
<msg timestamp="20230303 11:41:24.353" level="INFO">Typing text 'IlhamBrh1@gmail.com' into text field 'xpath://input[@id='billing_email']'.</msg>
<status status="PASS" starttime="20230303 11:41:24.352" endtime="20230303 11:41:24.610"/>
</kw>
<kw name="Sleep" library="BuiltIn">
<arg>4</arg>
<doc>Pauses the test executed for the given time.</doc>
<msg timestamp="20230303 11:41:28.612" level="INFO">Slept 4 seconds</msg>
<status status="PASS" starttime="20230303 11:41:24.610" endtime="20230303 11:41:28.612"/>
</kw>
<kw name="Select Checkbox" library="SeleniumLibrary">
<arg>${Accepter_les_conditions}</arg>
<doc>Selects the checkbox identified by ``locator``.</doc>
<msg timestamp="20230303 11:41:28.613" level="INFO">Selecting checkbox 'id:terms'.</msg>
<status status="PASS" starttime="20230303 11:41:28.612" endtime="20230303 11:41:28.772"/>
</kw>
<kw name="Sleep" library="BuiltIn">
<arg>5</arg>
<doc>Pauses the test executed for the given time.</doc>
<msg timestamp="20230303 11:41:33.772" level="INFO">Slept 5 seconds</msg>
<status status="PASS" starttime="20230303 11:41:28.772" endtime="20230303 11:41:33.772"/>
</kw>
<kw name="Click Element" library="SeleniumLibrary">
<arg>${Commander}</arg>
<doc>Click the element identified by ``locator``.</doc>
<msg timestamp="20230303 11:41:33.774" level="INFO">Clicking element 'xpath://button[@id='place_order']'.</msg>
<status status="PASS" starttime="20230303 11:41:33.772" endtime="20230303 11:41:33.976"/>
</kw>
<kw name="Sleep" library="BuiltIn">
<arg>7</arg>
<doc>Pauses the test executed for the given time.</doc>
<msg timestamp="20230303 11:41:40.978" level="INFO">Slept 7 seconds</msg>
<status status="PASS" starttime="20230303 11:41:33.976" endtime="20230303 11:41:40.978"/>
</kw>
<kw name="Wait Until Element Is Visible" library="SeleniumLibrary">
<arg>${commande_reçue}</arg>
<doc>Waits until the element ``locator`` is visible.</doc>
<status status="PASS" starttime="20230303 11:41:40.978" endtime="20230303 11:41:41.016"/>
</kw>
<kw name="Sleep" library="BuiltIn">
<arg>5</arg>
<doc>Pauses the test executed for the given time.</doc>
<msg timestamp="20230303 11:41:46.018" level="INFO">Slept 5 seconds</msg>
<status status="PASS" starttime="20230303 11:41:41.017" endtime="20230303 11:41:46.018"/>
</kw>
<status status="PASS" starttime="20230303 11:41:08.482" endtime="20230303 11:41:46.018"/>
</kw>
<status status="PASS" starttime="20230303 11:39:51.588" endtime="20230303 11:41:46.019"/>
</test>
<doc>Cables et fils electrique-Fils de cable_Partie de Commande</doc>
<status status="PASS" starttime="20230303 11:39:51.068" endtime="20230303 11:41:46.020"/>
</suite>
<suite id="s1-s1-s5" name="test1-Acc" source="C:\Users\Ilham BOURHAIM\PycharmProjects\pythonProject13\projet1- FILS DE CABLE - Commande\test1-Acc.robot">
<test id="s1-s1-s5-t1" name="Cables et fils electrique-Fils de cable" line="10">
<kw name="open the browser with URL" library="resources">
<kw name="Create Webdriver" library="SeleniumLibrary">
<arg>Chrome</arg>
<doc>Creates an instance of Selenium WebDriver.</doc>
<msg timestamp="20230303 11:40:54.007" level="INFO">Creating an instance of the Chrome WebDriver.</msg>
<status status="PASS" starttime="20230303 11:40:54.006" endtime="20230303 11:40:57.972"/>
</kw>
<kw name="Go To" library="SeleniumLibrary">
<arg>${URL}</arg>
<doc>Navigates the current browser window to the provided ``url``.</doc>
<msg timestamp="20230303 11:40:57.975" level="INFO">Opening url 'http://192.168.31.31/'</msg>
<status status="PASS" starttime="20230303 11:40:57.975" endtime="20230303 11:41:03.856"/>
</kw>
<kw name="Maximize Browser Window" library="SeleniumLibrary">
<doc>Maximizes current browser window.</doc>
<status status="PASS" starttime="20230303 11:41:03.856" endtime="20230303 11:41:04.108"/>
</kw>
<kw name="Sleep" library="BuiltIn">
<arg>6</arg>
<doc>Pauses the test executed for the given time.</doc>
<msg timestamp="20230303 11:41:10.111" level="INFO">Slept 6 seconds</msg>
<status status="PASS" starttime="20230303 11:41:04.109" endtime="20230303 11:41:10.111"/>
</kw>
<status status="PASS" starttime="20230303 11:40:54.001" endtime="20230303 11:41:10.112"/>
</kw>
<kw name="click an Cables et fils electrique-Fils de cable" library="clickAn_Acc">
<arg>${Câbles_fils1}</arg>
<arg>${FILS_CABLE}</arg>
<kw name="Click Element" library="SeleniumLibrary">
<arg>${Câbles_fils1}</arg>
<doc>Click the element identified by ``locator``.</doc>
<msg timestamp="20230303 11:41:10.115" level="INFO">Clicking element 'css:body.home.page-template-default.page.page-id-1039.theme-flatsome.woocommerce-js.yith-wcan-pro.lightbox.nav-dropdown-has-shadow.nav-dropdown-has-border.page-template-blank.page-template-blank-php:nth-child(2) div.content-area div.row:nth-child(3) div.col.small-12.large-12 div.col-inner div.row.row-small.row-full-width div.col.medium-12.small-12.large-6:nth-child(1) div.col-inner div.row.row-small div.col.medium-6.small-12.large-6:nth-child(1) div.col-inner div.box.has-hover.has-hover.box-overlay.dark.box-text-middle:nth-child(3) div.box-text.text-center div.box-text-inner a.button.primary &gt; span:nth-child(1)'.</msg>
<status status="PASS" starttime="20230303 11:41:10.113" endtime="20230303 11:41:13.573"/>
</kw>
<kw name="Sleep" library="BuiltIn">
<arg>5</arg>
<doc>Pauses the test executed for the given time.</doc>
<msg timestamp="20230303 11:41:18.574" level="INFO">Slept 5 seconds</msg>
<status status="PASS" starttime="20230303 11:41:13.573" endtime="20230303 11:41:18.574"/>
</kw>
<kw name="Click Element" library="SeleniumLibrary">
<arg>${FILS_CABLE}</arg>
<doc>Click the element identified by ``locator``.</doc>
<msg timestamp="20230303 11:41:18.574" level="INFO">Clicking element 'css:body.page-template-default.page.page-id-837.theme-flatsome.woocommerce-js.yith-wcan-pro.lightbox.nav-dropdown-has-shadow.nav-dropdown-has-border.page-template-blank.page-template-blank-php:nth-child(2) div.content-area section.section:nth-child(3) div.section-content.relative:nth-child(2) div.row div.col.medium-4.small-12.large-4:nth-child(3) div.col-inner.box-shadow-3:nth-child(1) div.row.row-collapse div.col.medium-8.large-8:nth-child(2) div.col-inner h3:nth-child(2) &gt; a:nth-child(1)'.</msg>
<status status="PASS" starttime="20230303 11:41:18.574" endtime="20230303 11:41:21.388"/>
</kw>
<kw name="Sleep" library="BuiltIn">
<arg>4</arg>
<doc>Pauses the test executed for the given time.</doc>
<msg timestamp="20230303 11:41:25.388" level="INFO">Slept 4 seconds</msg>
<status status="PASS" starttime="20230303 11:41:21.388" endtime="20230303 11:41:25.388"/>
</kw>
<status status="PASS" starttime="20230303 11:41:10.112" endtime="20230303 11:41:25.388"/>
</kw>
<kw name="choisir un produit et l ajouter directement dans le panier + Voir le panier (2 produits)" library="Choose">
<arg>${Ajout_Panier}</arg>
<arg>${Voir_panier}</arg>
<arg>${Ajouter_nbr_produit}</arg>
<arg>${Mettre_à_jour_panier}</arg>
<arg>${Panier_mis_à_jour}</arg>
<arg>${Valider_Commande}</arg>
<arg>${Détails_de_facturation}</arg>
<kw name="Sleep" library="BuiltIn">
<arg>5</arg>
<doc>Pauses the test executed for the given time.</doc>
<msg timestamp="20230303 11:41:30.389" level="INFO">Slept 5 seconds</msg>
<status status="PASS" starttime="20230303 11:41:25.388" endtime="20230303 11:41:30.389"/>
</kw>
<kw name="Click Element" library="SeleniumLibrary">
<arg>${Ajout_Panier}</arg>
<doc>Click the element identified by ``locator``.</doc>
<msg timestamp="20230303 11:41:30.390" level="INFO">Clicking element 'xpath://button[contains(text(),'Ajouter au panier')]'.</msg>
<status status="PASS" starttime="20230303 11:41:30.389" endtime="20230303 11:41:30.491"/>
</kw>
<kw name="Sleep" library="BuiltIn">
<arg>5</arg>
<doc>Pauses the test executed for the given time.</doc>
<msg timestamp="20230303 11:41:35.493" level="INFO">Slept 5 seconds</msg>
<status status="PASS" starttime="20230303 11:41:30.491" endtime="20230303 11:41:35.493"/>
</kw>
<kw name="Click Element" library="SeleniumLibrary">
<arg>${Voir_panier}</arg>
<doc>Click the element identified by ``locator``.</doc>
<msg timestamp="20230303 11:41:35.494" level="INFO">Clicking element 'xpath://header/div[1]/div[1]/div[1]/div[4]/ul[1]/li[3]/ul[1]/li[1]/div[1]/p[2]/a[1]'.</msg>
<status status="PASS" starttime="20230303 11:41:35.493" endtime="20230303 11:41:37.845"/>
</kw>
<kw name="Sleep" library="BuiltIn">
<arg>5</arg>
<doc>Pauses the test executed for the given time.</doc>
<msg timestamp="20230303 11:41:42.847" level="INFO">Slept 5 seconds</msg>
<status status="PASS" starttime="20230303 11:41:37.845" endtime="20230303 11:41:42.847"/>
</kw>
<kw name="Click Element" library="SeleniumLibrary">
<arg>${Ajouter_nbr_produit}</arg>
<doc>Click the element identified by ``locator``.</doc>
<msg timestamp="20230303 11:41:42.848" level="INFO">Clicking element 'xpath://tbody/tr[1]/td[5]/div[1]/input[3]'.</msg>
<status status="PASS" starttime="20230303 11:41:42.847" endtime="20230303 11:41:42.926"/>
</kw>
<kw name="Sleep" library="BuiltIn">
<arg>7</arg>
<doc>Pauses the test executed for the given time.</doc>
<msg timestamp="20230303 11:41:49.926" level="INFO">Slept 7 seconds</msg>
<status status="PASS" starttime="20230303 11:41:42.926" endtime="20230303 11:41:49.926"/>
</kw>
<kw name="Click Element" library="SeleniumLibrary">
<arg>${Mettre_à_jour_panier}</arg>
<doc>Click the element identified by ``locator``.</doc>
<msg timestamp="20230303 11:41:49.927" level="INFO">Clicking element 'xpath: // button[contains(text(), 'Mettre à jour le panier')]'.</msg>
<status status="PASS" starttime="20230303 11:41:49.926" endtime="20230303 11:41:50.011"/>
</kw>
<kw name="Sleep" library="BuiltIn">
<arg>5</arg>
<doc>Pauses the test executed for the given time.</doc>
<msg timestamp="20230303 11:41:55.014" level="INFO">Slept 5 seconds</msg>
<status status="PASS" starttime="20230303 11:41:50.012" endtime="20230303 11:41:55.015"/>
</kw>
<kw name="Wait Until Element Is Visible" library="SeleniumLibrary">
<arg>${Panier_mis_à_jour}</arg>
<doc>Waits until the element ``locator`` is visible.</doc>
<status status="PASS" starttime="20230303 11:41:55.017" endtime="20230303 11:41:55.058"/>
</kw>
<kw name="Sleep" library="BuiltIn">
<arg>5</arg>
<doc>Pauses the test executed for the given time.</doc>
<msg timestamp="20230303 11:42:00.058" level="INFO">Slept 5 seconds</msg>
<status status="PASS" starttime="20230303 11:41:55.058" endtime="20230303 11:42:00.058"/>
</kw>
<kw name="Click Element" library="SeleniumLibrary">
<arg>${Valider_Commande}</arg>
<doc>Click the element identified by ``locator``.</doc>
<msg timestamp="20230303 11:42:00.058" level="INFO">Clicking element 'xpath://a[contains(text(),'Valider la commande')]'.</msg>
<status status="PASS" starttime="20230303 11:42:00.058" endtime="20230303 11:42:02.342"/>
</kw>
<kw name="Wait Until Element Is Visible" library="SeleniumLibrary">
<arg>${Détails_de_facturation}</arg>
<doc>Waits until the element ``locator`` is visible.</doc>
<status status="PASS" starttime="20230303 11:42:02.343" endtime="20230303 11:42:03.093"/>
</kw>
<kw name="Sleep" library="BuiltIn">
<arg>5</arg>
<doc>Pauses the test executed for the given time.</doc>
<msg timestamp="20230303 11:42:08.097" level="INFO">Slept 5 seconds</msg>
<status status="PASS" starttime="20230303 11:42:03.095" endtime="20230303 11:42:08.097"/>
</kw>
<status status="PASS" starttime="20230303 11:41:25.388" endtime="20230303 11:42:08.097"/>
</kw>
<kw name="valider la commande" library="CommandePage">
<arg>${Prénom}</arg>
<arg>${Nom}</arg>
<arg>${Nom_d_entreprise}</arg>
<arg>${Numéro_nom_de_rue}</arg>
<arg>${Ville}</arg>
<arg>${Région_Département}</arg>
<arg>${Code_postal}</arg>
<arg>${Téléphone}</arg>
<arg>${E_mail}</arg>
<kw name="Maximize Browser Window" library="SeleniumLibrary">
<doc>Maximizes current browser window.</doc>
<status status="PASS" starttime="20230303 11:42:08.097" endtime="20230303 11:42:08.097"/>
</kw>
<kw name="Input Text" library="SeleniumLibrary">
<arg>${Prénom1}</arg>
<arg>${Prénom}</arg>
<doc>Types the given ``text`` into the text field identified by ``locator``.</doc>
<msg timestamp="20230303 11:42:08.103" level="INFO">Typing text 'Ilham' into text field ' xpath://input[@id='billing_first_name']'.</msg>
<status status="PASS" starttime="20230303 11:42:08.097" endtime="20230303 11:42:08.277"/>
</kw>
<kw name="Input Text" library="SeleniumLibrary">
<arg>${Nom1}</arg>
<arg>${Nom}</arg>
<doc>Types the given ``text`` into the text field identified by ``locator``.</doc>
<msg timestamp="20230303 11:42:08.279" level="INFO">Typing text 'Brh' into text field 'xpath://input[@id='billing_last_name']'.</msg>
<status status="PASS" starttime="20230303 11:42:08.277" endtime="20230303 11:42:08.492"/>
</kw>
<kw name="Sleep" library="BuiltIn">
<arg>5</arg>
<doc>Pauses the test executed for the given time.</doc>
<msg timestamp="20230303 11:42:13.494" level="INFO">Slept 5 seconds</msg>
<status status="PASS" starttime="20230303 11:42:08.492" endtime="20230303 11:42:13.494"/>
</kw>
<kw name="Input Text" library="SeleniumLibrary">
<arg>${Nom_d_entreprise1}</arg>
<arg>${Nom_d_entreprise}</arg>
<doc>Types the given ``text`` into the text field identified by ``locator``.</doc>
<msg timestamp="20230303 11:42:13.499" level="INFO">Typing text 'AB' into text field 'xpath://input[@id='billing_company']'.</msg>
<status status="PASS" starttime="20230303 11:42:13.494" endtime="20230303 11:42:13.724"/>
</kw>
<kw name="Sleep" library="BuiltIn">
<arg>5</arg>
<doc>Pauses the test executed for the given time.</doc>
<msg timestamp="20230303 11:42:18.725" level="INFO">Slept 5 seconds</msg>
<status status="PASS" starttime="20230303 11:42:13.725" endtime="20230303 11:42:18.725"/>
</kw>
<kw name="Input Text" library="SeleniumLibrary">
<arg>${Numéro_nom_de_rue1}</arg>
<arg>${Numéro_nom_de_rue}</arg>
<doc>Types the given ``text`` into the text field identified by ``locator``.</doc>
<msg timestamp="20230303 11:42:18.729" level="INFO">Typing text 'Hay Nahda' into text field 'xpath://input[@id='billing_address_1']'.</msg>
<status status="PASS" starttime="20230303 11:42:18.726" endtime="20230303 11:42:18.916"/>
</kw>
<kw name="Input Text" library="SeleniumLibrary">
<arg>${Ville1}</arg>
<arg>${Ville}</arg>
<doc>Types the given ``text`` into the text field identified by ``locator``.</doc>
<msg timestamp="20230303 11:42:18.918" level="INFO">Typing text 'Rabat' into text field 'xpath://input[@id='billing_city']'.</msg>
<status status="PASS" starttime="20230303 11:42:18.916" endtime="20230303 11:42:19.045"/>
</kw>
<kw name="Input Text" library="SeleniumLibrary">
<arg>${Région_Département1}</arg>
<arg>${Région_Département}</arg>
<doc>Types the given ``text`` into the text field identified by ``locator``.</doc>
<msg timestamp="20230303 11:42:19.046" level="INFO">Typing text 'Rabat-Salé-Kénitra' into text field 'xpath://input[@id='billing_state']'.</msg>
<status status="PASS" starttime="20230303 11:42:19.046" endtime="20230303 11:42:19.302"/>
</kw>
<kw name="Input Text" library="SeleniumLibrary">
<arg>${Code_postal1}</arg>
<arg>${Code_postal}</arg>
<doc>Types the given ``text`` into the text field identified by ``locator``.</doc>
<msg timestamp="20230303 11:42:19.304" level="INFO">Typing text '20200' into text field 'xpath://input[@id='billing_postcode']'.</msg>
<status status="PASS" starttime="20230303 11:42:19.303" endtime="20230303 11:42:19.672"/>
</kw>
<kw name="Sleep" library="BuiltIn">
<arg>4</arg>
<doc>Pauses the test executed for the given time.</doc>
<msg timestamp="20230303 11:42:23.673" level="INFO">Slept 4 seconds</msg>
<status status="PASS" starttime="20230303 11:42:19.672" endtime="20230303 11:42:23.673"/>
</kw>
<kw name="Input Text" library="SeleniumLibrary">
<arg>${Téléphone1}</arg>
<arg>${Téléphone}</arg>
<doc>Types the given ``text`` into the text field identified by ``locator``.</doc>
<msg timestamp="20230303 11:42:23.674" level="INFO">Typing text '0651780789' into text field 'xpath://input[@id='billing_phone']'.</msg>
<status status="PASS" starttime="20230303 11:42:23.673" endtime="20230303 11:42:23.874"/>
</kw>
<kw name="Input Text" library="SeleniumLibrary">
<arg>${E_mail1}</arg>
<arg>${E_mail}</arg>
<doc>Types the given ``text`` into the text field identified by ``locator``.</doc>
<msg timestamp="20230303 11:42:23.877" level="INFO">Typing text 'IlhamBrh1@gmail.com' into text field 'xpath://input[@id='billing_email']'.</msg>
<status status="PASS" starttime="20230303 11:42:23.874" endtime="20230303 11:42:24.086"/>
</kw>
<kw name="Sleep" library="BuiltIn">
<arg>4</arg>
<doc>Pauses the test executed for the given time.</doc>
<msg timestamp="20230303 11:42:28.088" level="INFO">Slept 4 seconds</msg>
<status status="PASS" starttime="20230303 11:42:24.086" endtime="20230303 11:42:28.088"/>
</kw>
<kw name="Select Checkbox" library="SeleniumLibrary">
<arg>${Accepter_les_conditions}</arg>
<doc>Selects the checkbox identified by ``locator``.</doc>
<msg timestamp="20230303 11:42:28.091" level="INFO">Selecting checkbox 'id:terms'.</msg>
<status status="PASS" starttime="20230303 11:42:28.089" endtime="20230303 11:42:28.618"/>
</kw>
<kw name="Sleep" library="BuiltIn">
<arg>5</arg>
<doc>Pauses the test executed for the given time.</doc>
<msg timestamp="20230303 11:42:33.620" level="INFO">Slept 5 seconds</msg>
<status status="PASS" starttime="20230303 11:42:28.618" endtime="20230303 11:42:33.620"/>
</kw>
<kw name="Click Element" library="SeleniumLibrary">
<arg>${Commander}</arg>
<doc>Click the element identified by ``locator``.</doc>
<msg timestamp="20230303 11:42:33.621" level="INFO">Clicking element 'xpath://button[@id='place_order']'.</msg>
<status status="PASS" starttime="20230303 11:42:33.620" endtime="20230303 11:42:33.771"/>
</kw>
<kw name="Sleep" library="BuiltIn">
<arg>7</arg>
<doc>Pauses the test executed for the given time.</doc>
<msg timestamp="20230303 11:42:40.774" level="INFO">Slept 7 seconds</msg>
<status status="PASS" starttime="20230303 11:42:33.772" endtime="20230303 11:42:40.774"/>
</kw>
<kw name="Wait Until Element Is Visible" library="SeleniumLibrary">
<arg>${commande_reçue}</arg>
<doc>Waits until the element ``locator`` is visible.</doc>
<status status="PASS" starttime="20230303 11:42:40.775" endtime="20230303 11:42:40.833"/>
</kw>
<kw name="Sleep" library="BuiltIn">
<arg>5</arg>
<doc>Pauses the test executed for the given time.</doc>
<msg timestamp="20230303 11:42:45.835" level="INFO">Slept 5 seconds</msg>
<status status="PASS" starttime="20230303 11:42:40.833" endtime="20230303 11:42:45.835"/>
</kw>
<status status="PASS" starttime="20230303 11:42:08.097" endtime="20230303 11:42:45.835"/>
</kw>
<status status="PASS" starttime="20230303 11:40:53.999" endtime="20230303 11:42:45.835"/>
</test>
<doc>Cables et fils electrique-Fils de cable_Partie de Commande</doc>
<status status="PASS" starttime="20230303 11:40:52.990" endtime="20230303 11:42:45.835"/>
</suite>
<suite id="s1-s1-s6" name="test1-Cat2" source="C:\Users\Ilham BOURHAIM\PycharmProjects\pythonProject13\projet1- FILS DE CABLE - Commande\test1-Cat2.robot">
<test id="s1-s1-s6-t1" name="Cables et fils electrique-Fils de cable" line="10">
<kw name="open the browser with URL" library="resources">
<kw name="Create Webdriver" library="SeleniumLibrary">
<arg>Chrome</arg>
<doc>Creates an instance of Selenium WebDriver.</doc>
<msg timestamp="20230303 11:41:04.903" level="INFO">Creating an instance of the Chrome WebDriver.</msg>
<status status="PASS" starttime="20230303 11:41:04.903" endtime="20230303 11:41:06.747"/>
</kw>
<kw name="Go To" library="SeleniumLibrary">
<arg>${URL}</arg>
<doc>Navigates the current browser window to the provided ``url``.</doc>
<msg timestamp="20230303 11:41:06.749" level="INFO">Opening url 'http://192.168.31.31/'</msg>
<status status="PASS" starttime="20230303 11:41:06.748" endtime="20230303 11:41:10.161"/>
</kw>
<kw name="Maximize Browser Window" library="SeleniumLibrary">
<doc>Maximizes current browser window.</doc>
<status status="PASS" starttime="20230303 11:41:10.162" endtime="20230303 11:41:10.558"/>
</kw>
<kw name="Sleep" library="BuiltIn">
<arg>6</arg>
<doc>Pauses the test executed for the given time.</doc>
<msg timestamp="20230303 11:41:16.558" level="INFO">Slept 6 seconds</msg>
<status status="PASS" starttime="20230303 11:41:10.558" endtime="20230303 11:41:16.558"/>
</kw>
<status status="PASS" starttime="20230303 11:41:04.903" endtime="20230303 11:41:16.558"/>
</kw>
<kw name="click an Cables et fils electrique-Fils de cable" library="clickAn_Cat2">
<arg>${Categories}</arg>
<arg>${Câbles_fils}</arg>
<arg>${FILS_CABLE0}</arg>
<kw name="Click Element" library="SeleniumLibrary">
<arg>${Categories}</arg>
<doc>Click the element identified by ``locator``.</doc>
<msg timestamp="20230303 11:41:16.558" level="INFO">Clicking element 'xpath://span[contains(text(),'Categories')]'.</msg>
<status status="PASS" starttime="20230303 11:41:16.558" endtime="20230303 11:41:16.658"/>
</kw>
<kw name="Sleep" library="BuiltIn">
<arg>5</arg>
<doc>Pauses the test executed for the given time.</doc>
<msg timestamp="20230303 11:41:21.658" level="INFO">Slept 5 seconds</msg>
<status status="PASS" starttime="20230303 11:41:16.658" endtime="20230303 11:41:21.658"/>
</kw>
<kw name="Mouse Down" library="SeleniumLibrary">
<arg>${Câbles_fils}</arg>
<doc>Simulates pressing the left mouse button on the element ``locator``.</doc>
<msg timestamp="20230303 11:41:21.660" level="INFO">Simulating Mouse Down on element 'xpath://header/div[1]/div[2]/div[1]/div[1]/ul[1]/li[2]/div[2]/div[1]/ul[1]/li[2]/a[1]'.</msg>
<status status="PASS" starttime="20230303 11:41:21.658" endtime="20230303 11:41:21.993"/>
</kw>
<kw name="Sleep" library="BuiltIn">
<arg>4</arg>
<doc>Pauses the test executed for the given time.</doc>
<msg timestamp="20230303 11:41:25.995" level="INFO">Slept 4 seconds</msg>
<status status="PASS" starttime="20230303 11:41:21.994" endtime="20230303 11:41:25.995"/>
</kw>
<kw name="Click Element" library="SeleniumLibrary">
<arg>${FILS_CABLE0}</arg>
<doc>Click the element identified by ``locator``.</doc>
<msg timestamp="20230303 11:41:25.995" level="INFO">Clicking element 'xpath://a[contains(text(),'Fils de cable')]'.</msg>
<status status="PASS" starttime="20230303 11:41:25.995" endtime="20230303 11:41:28.341"/>
</kw>
<kw name="Sleep" library="BuiltIn">
<arg>5</arg>
<doc>Pauses the test executed for the given time.</doc>
<msg timestamp="20230303 11:41:33.342" level="INFO">Slept 5 seconds</msg>
<status status="PASS" starttime="20230303 11:41:28.341" endtime="20230303 11:41:33.343"/>
</kw>
<status status="PASS" starttime="20230303 11:41:16.558" endtime="20230303 11:41:33.344"/>
</kw>
<kw name="choisir un produit et l ajouter directement dans le panier + Voir le panier (2 produits)" library="Choose">
<arg>${Ajout_Panier}</arg>
<arg>${Voir_panier}</arg>
<arg>${Ajouter_nbr_produit}</arg>
<arg>${Mettre_à_jour_panier}</arg>
<arg>${Panier_mis_à_jour}</arg>
<arg>${Valider_Commande}</arg>
<arg>${Détails_de_facturation}</arg>
<kw name="Sleep" library="BuiltIn">
<arg>5</arg>
<doc>Pauses the test executed for the given time.</doc>
<msg timestamp="20230303 11:41:38.354" level="INFO">Slept 5 seconds</msg>
<status status="PASS" starttime="20230303 11:41:33.352" endtime="20230303 11:41:38.354"/>
</kw>
<kw name="Click Element" library="SeleniumLibrary">
<arg>${Ajout_Panier}</arg>
<doc>Click the element identified by ``locator``.</doc>
<msg timestamp="20230303 11:41:38.354" level="INFO">Clicking element 'xpath://button[contains(text(),'Ajouter au panier')]'.</msg>
<status status="PASS" starttime="20230303 11:41:38.354" endtime="20230303 11:41:38.443"/>
</kw>
<kw name="Sleep" library="BuiltIn">
<arg>5</arg>
<doc>Pauses the test executed for the given time.</doc>
<msg timestamp="20230303 11:41:43.444" level="INFO">Slept 5 seconds</msg>
<status status="PASS" starttime="20230303 11:41:38.443" endtime="20230303 11:41:43.444"/>
</kw>
<kw name="Click Element" library="SeleniumLibrary">
<arg>${Voir_panier}</arg>
<doc>Click the element identified by ``locator``.</doc>
<msg timestamp="20230303 11:41:43.445" level="INFO">Clicking element 'xpath://header/div[1]/div[1]/div[1]/div[4]/ul[1]/li[3]/ul[1]/li[1]/div[1]/p[2]/a[1]'.</msg>
<status status="PASS" starttime="20230303 11:41:43.444" endtime="20230303 11:41:45.684"/>
</kw>
<kw name="Sleep" library="BuiltIn">
<arg>5</arg>
<doc>Pauses the test executed for the given time.</doc>
<msg timestamp="20230303 11:41:50.685" level="INFO">Slept 5 seconds</msg>
<status status="PASS" starttime="20230303 11:41:45.685" endtime="20230303 11:41:50.685"/>
</kw>
<kw name="Click Element" library="SeleniumLibrary">
<arg>${Ajouter_nbr_produit}</arg>
<doc>Click the element identified by ``locator``.</doc>
<msg timestamp="20230303 11:41:50.685" level="INFO">Clicking element 'xpath://tbody/tr[1]/td[5]/div[1]/input[3]'.</msg>
<status status="PASS" starttime="20230303 11:41:50.685" endtime="20230303 11:41:51.425"/>
</kw>
<kw name="Sleep" library="BuiltIn">
<arg>7</arg>
<doc>Pauses the test executed for the given time.</doc>
<msg timestamp="20230303 11:41:58.427" level="INFO">Slept 7 seconds</msg>
<status status="PASS" starttime="20230303 11:41:51.426" endtime="20230303 11:41:58.427"/>
</kw>
<kw name="Click Element" library="SeleniumLibrary">
<arg>${Mettre_à_jour_panier}</arg>
<doc>Click the element identified by ``locator``.</doc>
<msg timestamp="20230303 11:41:58.427" level="INFO">Clicking element 'xpath: // button[contains(text(), 'Mettre à jour le panier')]'.</msg>
<status status="PASS" starttime="20230303 11:41:58.427" endtime="20230303 11:41:58.535"/>
</kw>
<kw name="Sleep" library="BuiltIn">
<arg>5</arg>
<doc>Pauses the test executed for the given time.</doc>
<msg timestamp="20230303 11:42:03.536" level="INFO">Slept 5 seconds</msg>
<status status="PASS" starttime="20230303 11:41:58.535" endtime="20230303 11:42:03.536"/>
</kw>
<kw name="Wait Until Element Is Visible" library="SeleniumLibrary">
<arg>${Panier_mis_à_jour}</arg>
<doc>Waits until the element ``locator`` is visible.</doc>
<status status="PASS" starttime="20230303 11:42:03.536" endtime="20230303 11:42:03.587"/>
</kw>
<kw name="Sleep" library="BuiltIn">
<arg>5</arg>
<doc>Pauses the test executed for the given time.</doc>
<msg timestamp="20230303 11:42:08.589" level="INFO">Slept 5 seconds</msg>
<status status="PASS" starttime="20230303 11:42:03.587" endtime="20230303 11:42:08.589"/>
</kw>
<kw name="Click Element" library="SeleniumLibrary">
<arg>${Valider_Commande}</arg>
<doc>Click the element identified by ``locator``.</doc>
<msg timestamp="20230303 11:42:08.590" level="INFO">Clicking element 'xpath://a[contains(text(),'Valider la commande')]'.</msg>
<status status="PASS" starttime="20230303 11:42:08.589" endtime="20230303 11:42:10.825"/>
</kw>
<kw name="Wait Until Element Is Visible" library="SeleniumLibrary">
<arg>${Détails_de_facturation}</arg>
<doc>Waits until the element ``locator`` is visible.</doc>
<status status="PASS" starttime="20230303 11:42:10.825" endtime="20230303 11:42:10.970"/>
</kw>
<kw name="Sleep" library="BuiltIn">
<arg>5</arg>
<doc>Pauses the test executed for the given time.</doc>
<msg timestamp="20230303 11:42:15.972" level="INFO">Slept 5 seconds</msg>
<status status="PASS" starttime="20230303 11:42:10.971" endtime="20230303 11:42:15.972"/>
</kw>
<status status="PASS" starttime="20230303 11:41:33.346" endtime="20230303 11:42:15.972"/>
</kw>
<kw name="valider la commande" library="CommandePage">
<arg>${Prénom}</arg>
<arg>${Nom}</arg>
<arg>${Nom_d_entreprise}</arg>
<arg>${Numéro_nom_de_rue}</arg>
<arg>${Ville}</arg>
<arg>${Région_Département}</arg>
<arg>${Code_postal}</arg>
<arg>${Téléphone}</arg>
<arg>${E_mail}</arg>
<kw name="Maximize Browser Window" library="SeleniumLibrary">
<doc>Maximizes current browser window.</doc>
<status status="PASS" starttime="20230303 11:42:15.974" endtime="20230303 11:42:15.983"/>
</kw>
<kw name="Input Text" library="SeleniumLibrary">
<arg>${Prénom1}</arg>
<arg>${Prénom}</arg>
<doc>Types the given ``text`` into the text field identified by ``locator``.</doc>
<msg timestamp="20230303 11:42:15.983" level="INFO">Typing text 'Ilham' into text field ' xpath://input[@id='billing_first_name']'.</msg>
<status status="PASS" starttime="20230303 11:42:15.983" endtime="20230303 11:42:16.174"/>
</kw>
<kw name="Input Text" library="SeleniumLibrary">
<arg>${Nom1}</arg>
<arg>${Nom}</arg>
<doc>Types the given ``text`` into the text field identified by ``locator``.</doc>
<msg timestamp="20230303 11:42:16.177" level="INFO">Typing text 'Brh' into text field 'xpath://input[@id='billing_last_name']'.</msg>
<status status="PASS" starttime="20230303 11:42:16.175" endtime="20230303 11:42:16.316"/>
</kw>
<kw name="Sleep" library="BuiltIn">
<arg>5</arg>
<doc>Pauses the test executed for the given time.</doc>
<msg timestamp="20230303 11:42:21.317" level="INFO">Slept 5 seconds</msg>
<status status="PASS" starttime="20230303 11:42:16.316" endtime="20230303 11:42:21.317"/>
</kw>
<kw name="Input Text" library="SeleniumLibrary">
<arg>${Nom_d_entreprise1}</arg>
<arg>${Nom_d_entreprise}</arg>
<doc>Types the given ``text`` into the text field identified by ``locator``.</doc>
<msg timestamp="20230303 11:42:21.317" level="INFO">Typing text 'AB' into text field 'xpath://input[@id='billing_company']'.</msg>
<status status="PASS" starttime="20230303 11:42:21.317" endtime="20230303 11:42:21.504"/>
</kw>
<kw name="Sleep" library="BuiltIn">
<arg>5</arg>
<doc>Pauses the test executed for the given time.</doc>
<msg timestamp="20230303 11:42:26.505" level="INFO">Slept 5 seconds</msg>
<status status="PASS" starttime="20230303 11:42:21.504" endtime="20230303 11:42:26.505"/>
</kw>
<kw name="Input Text" library="SeleniumLibrary">
<arg>${Numéro_nom_de_rue1}</arg>
<arg>${Numéro_nom_de_rue}</arg>
<doc>Types the given ``text`` into the text field identified by ``locator``.</doc>
<msg timestamp="20230303 11:42:26.506" level="INFO">Typing text 'Hay Nahda' into text field 'xpath://input[@id='billing_address_1']'.</msg>
<status status="PASS" starttime="20230303 11:42:26.505" endtime="20230303 11:42:26.700"/>
</kw>
<kw name="Input Text" library="SeleniumLibrary">
<arg>${Ville1}</arg>
<arg>${Ville}</arg>
<doc>Types the given ``text`` into the text field identified by ``locator``.</doc>
<msg timestamp="20230303 11:42:26.702" level="INFO">Typing text 'Rabat' into text field 'xpath://input[@id='billing_city']'.</msg>
<status status="PASS" starttime="20230303 11:42:26.701" endtime="20230303 11:42:26.860"/>
</kw>
<kw name="Input Text" library="SeleniumLibrary">
<arg>${Région_Département1}</arg>
<arg>${Région_Département}</arg>
<doc>Types the given ``text`` into the text field identified by ``locator``.</doc>
<msg timestamp="20230303 11:42:26.862" level="INFO">Typing text 'Rabat-Salé-Kénitra' into text field 'xpath://input[@id='billing_state']'.</msg>
<status status="PASS" starttime="20230303 11:42:26.861" endtime="20230303 11:42:27.075"/>
</kw>
<kw name="Input Text" library="SeleniumLibrary">
<arg>${Code_postal1}</arg>
<arg>${Code_postal}</arg>
<doc>Types the given ``text`` into the text field identified by ``locator``.</doc>
<msg timestamp="20230303 11:42:27.078" level="INFO">Typing text '20200' into text field 'xpath://input[@id='billing_postcode']'.</msg>
<status status="PASS" starttime="20230303 11:42:27.076" endtime="20230303 11:42:27.303"/>
</kw>
<kw name="Sleep" library="BuiltIn">
<arg>4</arg>
<doc>Pauses the test executed for the given time.</doc>
<msg timestamp="20230303 11:42:31.304" level="INFO">Slept 4 seconds</msg>
<status status="PASS" starttime="20230303 11:42:27.303" endtime="20230303 11:42:31.305"/>
</kw>
<kw name="Input Text" library="SeleniumLibrary">
<arg>${Téléphone1}</arg>
<arg>${Téléphone}</arg>
<doc>Types the given ``text`` into the text field identified by ``locator``.</doc>
<msg timestamp="20230303 11:42:31.306" level="INFO">Typing text '0651780789' into text field 'xpath://input[@id='billing_phone']'.</msg>
<status status="PASS" starttime="20230303 11:42:31.305" endtime="20230303 11:42:31.468"/>
</kw>
<kw name="Input Text" library="SeleniumLibrary">
<arg>${E_mail1}</arg>
<arg>${E_mail}</arg>
<doc>Types the given ``text`` into the text field identified by ``locator``.</doc>
<msg timestamp="20230303 11:42:31.468" level="INFO">Typing text 'IlhamBrh1@gmail.com' into text field 'xpath://input[@id='billing_email']'.</msg>
<status status="PASS" starttime="20230303 11:42:31.468" endtime="20230303 11:42:31.619"/>
</kw>
<kw name="Sleep" library="BuiltIn">
<arg>4</arg>
<doc>Pauses the test executed for the given time.</doc>
<msg timestamp="20230303 11:42:35.620" level="INFO">Slept 4 seconds</msg>
<status status="PASS" starttime="20230303 11:42:31.619" endtime="20230303 11:42:35.620"/>
</kw>
<kw name="Select Checkbox" library="SeleniumLibrary">
<arg>${Accepter_les_conditions}</arg>
<doc>Selects the checkbox identified by ``locator``.</doc>
<msg timestamp="20230303 11:42:35.621" level="INFO">Selecting checkbox 'id:terms'.</msg>
<status status="PASS" starttime="20230303 11:42:35.620" endtime="20230303 11:42:35.730"/>
</kw>
<kw name="Sleep" library="BuiltIn">
<arg>5</arg>
<doc>Pauses the test executed for the given time.</doc>
<msg timestamp="20230303 11:42:40.731" level="INFO">Slept 5 seconds</msg>
<status status="PASS" starttime="20230303 11:42:35.730" endtime="20230303 11:42:40.731"/>
</kw>
<kw name="Click Element" library="SeleniumLibrary">
<arg>${Commander}</arg>
<doc>Click the element identified by ``locator``.</doc>
<msg timestamp="20230303 11:42:40.736" level="INFO">Clicking element 'xpath://button[@id='place_order']'.</msg>
<status status="PASS" starttime="20230303 11:42:40.732" endtime="20230303 11:42:40.901"/>
</kw>
<kw name="Sleep" library="BuiltIn">
<arg>7</arg>
<doc>Pauses the test executed for the given time.</doc>
<msg timestamp="20230303 11:42:47.903" level="INFO">Slept 7 seconds</msg>
<status status="PASS" starttime="20230303 11:42:40.901" endtime="20230303 11:42:47.903"/>
</kw>
<kw name="Wait Until Element Is Visible" library="SeleniumLibrary">
<arg>${commande_reçue}</arg>
<doc>Waits until the element ``locator`` is visible.</doc>
<status status="PASS" starttime="20230303 11:42:47.903" endtime="20230303 11:42:47.932"/>
</kw>
<kw name="Sleep" library="BuiltIn">
<arg>5</arg>
<doc>Pauses the test executed for the given time.</doc>
[...]
<status status="PASS" starttime="20230303 12:07:29.424" endtime="20230303 12:07:44.705"/>
</kw>
<kw name="filtrer les produits by attribute" library="test8-Cat2-filtre">
<arg>${Fabricant}</arg>
<arg>${Couleur}</arg>
<arg>${Isolation}</arg>
<arg>${Le_type}</arg>
<arg>${Matériau_conducteur}</arg>
<arg>${Mesure_du_fil}</arg>
<arg>${Taille_Dimension}</arg>
<arg>${Température}</arg>
<arg>${Tension}</arg>
<kw name="Select From List By Index" library="SeleniumLibrary">
<arg>${Fabricant1}</arg>
<arg>${Fabricant}</arg>
<doc>Selects options from selection list ``locator`` by ``indexes``.</doc>
<msg timestamp="20230303 12:07:44.708" level="INFO">Selecting options from selection list 'xpath://body/div[@id='wrapper']/main[@id='main']/div[1]/div[1]/div[1]/aside[1]/div[2]/div[1]/div[2]/select[1]' by index 8.</msg>
<status status="PASS" starttime="20230303 12:07:44.708" endtime="20230303 12:07:45.491"/>
</kw>
<kw name="Sleep" library="BuiltIn">
<arg>7</arg>
<doc>Pauses the test executed for the given time.</doc>
<msg timestamp="20230303 12:07:52.491" level="INFO">Slept 7 seconds</msg>
<status status="PASS" starttime="20230303 12:07:45.491" endtime="20230303 12:07:52.491"/>
</kw>
<kw name="Select From List By Index" library="SeleniumLibrary">
<arg>${Couleur1}</arg>
<arg>${Couleur}</arg>
<doc>Selects options from selection list ``locator`` by ``indexes``.</doc>
<msg timestamp="20230303 12:07:52.491" level="INFO">Selecting options from selection list 'xpath://body/div[@id='wrapper']/main[@id='main']/div[1]/div[1]/div[1]/aside[1]/div[2]/div[2]/div[2]/select[1]' by index 1.</msg>
<status status="PASS" starttime="20230303 12:07:52.491" endtime="20230303 12:07:52.611"/>
</kw>
<kw name="Sleep" library="BuiltIn">
<arg>7</arg>
<doc>Pauses the test executed for the given time.</doc>
<msg timestamp="20230303 12:07:59.611" level="INFO">Slept 7 seconds</msg>
<status status="PASS" starttime="20230303 12:07:52.611" endtime="20230303 12:07:59.611"/>
</kw>
<kw name="Select From List By Index" library="SeleniumLibrary">
<arg>${Isolation1}</arg>
<arg>${Isolation}</arg>
<doc>Selects options from selection list ``locator`` by ``indexes``.</doc>
<msg timestamp="20230303 12:07:59.611" level="INFO">Selecting options from selection list 'xpath://body/div[@id='wrapper']/main[@id='main']/div[1]/div[1]/div[1]/aside[1]/div[2]/div[3]/div[2]/select[1]' by index 1.</msg>
<status status="PASS" starttime="20230303 12:07:59.611" endtime="20230303 12:07:59.732"/>
</kw>
<kw name="Sleep" library="BuiltIn">
<arg>7</arg>
<doc>Pauses the test executed for the given time.</doc>
<msg timestamp="20230303 12:08:06.732" level="INFO">Slept 7 seconds</msg>
<status status="PASS" starttime="20230303 12:07:59.732" endtime="20230303 12:08:06.732"/>
</kw>
<kw name="Select From List By Index" library="SeleniumLibrary">
<arg>${Le_type1}</arg>
<arg>${Le_type}</arg>
<doc>Selects options from selection list ``locator`` by ``indexes``.</doc>
<msg timestamp="20230303 12:08:06.732" level="INFO">Selecting options from selection list 'xpath://body/div[@id='wrapper']/main[@id='main']/div[1]/div[1]/div[1]/aside[1]/div[2]/div[4]/div[2]/select[1]' by index 1.</msg>
<status status="PASS" starttime="20230303 12:08:06.732" endtime="20230303 12:08:06.851"/>
</kw>
<kw name="Sleep" library="BuiltIn">
<arg>7</arg>
<doc>Pauses the test executed for the given time.</doc>
<msg timestamp="20230303 12:08:13.852" level="INFO">Slept 7 seconds</msg>
<status status="PASS" starttime="20230303 12:08:06.851" endtime="20230303 12:08:13.852"/>
</kw>
<kw name="Select From List By Index" library="SeleniumLibrary">
<arg>${Matériau_conducteur1}</arg>
<arg>${Matériau_conducteur}</arg>
<doc>Selects options from selection list ``locator`` by ``indexes``.</doc>
<msg timestamp="20230303 12:08:13.853" level="INFO">Selecting options from selection list 'xpath://body/div[@id='wrapper']/main[@id='main']/div[1]/div[1]/div[1]/aside[1]/div[2]/div[5]/div[2]/select[1]' by index 1.</msg>
<status status="PASS" starttime="20230303 12:08:13.852" endtime="20230303 12:08:13.977"/>
</kw>
<kw name="Sleep" library="BuiltIn">
<arg>7</arg>
<doc>Pauses the test executed for the given time.</doc>
<msg timestamp="20230303 12:08:20.979" level="INFO">Slept 7 seconds</msg>
<status status="PASS" starttime="20230303 12:08:13.978" endtime="20230303 12:08:20.979"/>
</kw>
<kw name="Select From List By Index" library="SeleniumLibrary">
<arg>${Mesure_du_fil1}</arg>
<arg>${Mesure_du_fil}</arg>
<doc>Selects options from selection list ``locator`` by ``indexes``.</doc>
<msg timestamp="20230303 12:08:20.979" level="INFO">Selecting options from selection list 'xpath://body/div[@id='wrapper']/main[@id='main']/div[1]/div[1]/div[1]/aside[1]/div[2]/div[6]/div[2]/select[1]' by index 1.</msg>
<status status="PASS" starttime="20230303 12:08:20.979" endtime="20230303 12:08:21.145"/>
</kw>
<kw name="Sleep" library="BuiltIn">
<arg>7</arg>
<doc>Pauses the test executed for the given time.</doc>
<msg timestamp="20230303 12:08:28.148" level="INFO">Slept 7 seconds</msg>
<status status="PASS" starttime="20230303 12:08:21.146" endtime="20230303 12:08:28.148"/>
</kw>
<kw name="Select From List By Index" library="SeleniumLibrary">
<arg>${Taille_Dimension1}</arg>
<arg>${Taille_Dimension}</arg>
<doc>Selects options from selection list ``locator`` by ``indexes``.</doc>
<msg timestamp="20230303 12:08:28.148" level="INFO">Selecting options from selection list 'xpath://body/div[@id='wrapper']/main[@id='main']/div[1]/div[1]/div[1]/aside[1]/div[2]/div[7]/div[2]/select[1]' by index 1.</msg>
<status status="PASS" starttime="20230303 12:08:28.148" endtime="20230303 12:08:28.268"/>
</kw>
<kw name="Sleep" library="BuiltIn">
<arg>7</arg>
<doc>Pauses the test executed for the given time.</doc>
<msg timestamp="20230303 12:08:35.269" level="INFO">Slept 7 seconds</msg>
<status status="PASS" starttime="20230303 12:08:28.268" endtime="20230303 12:08:35.269"/>
</kw>
<kw name="Select From List By Index" library="SeleniumLibrary">
<arg>${Température1}</arg>
<arg>${Température}</arg>
<doc>Selects options from selection list ``locator`` by ``indexes``.</doc>
<msg timestamp="20230303 12:08:35.269" level="INFO">Selecting options from selection list 'xpath://body/div[@id='wrapper']/main[@id='main']/div[1]/div[1]/div[1]/aside[1]/div[2]/div[8]/div[2]/select[1]' by index 1.</msg>
<status status="PASS" starttime="20230303 12:08:35.269" endtime="20230303 12:08:35.393"/>
</kw>
<kw name="Sleep" library="BuiltIn">
<arg>7</arg>
<doc>Pauses the test executed for the given time.</doc>
<msg timestamp="20230303 12:08:42.394" level="INFO">Slept 7 seconds</msg>
<status status="PASS" starttime="20230303 12:08:35.393" endtime="20230303 12:08:42.394"/>
</kw>
<kw name="Select From List By Index" library="SeleniumLibrary">
<arg>${Tension1}</arg>
<arg>${Tension}</arg>
<doc>Selects options from selection list ``locator`` by ``indexes``.</doc>
<msg timestamp="20230303 12:08:42.394" level="INFO">Selecting options from selection list 'xpath://body/div[@id='wrapper']/main[@id='main']/div[1]/div[1]/div[1]/aside[1]/div[2]/div[9]/div[2]/select[1]' by index 1.</msg>
<status status="PASS" starttime="20230303 12:08:42.394" endtime="20230303 12:08:42.513"/>
</kw>
<kw name="Sleep" library="BuiltIn">
<arg>7</arg>
<doc>Pauses the test executed for the given time.</doc>
<msg timestamp="20230303 12:08:49.514" level="INFO">Slept 7 seconds</msg>
<status status="PASS" starttime="20230303 12:08:42.513" endtime="20230303 12:08:49.514"/>
</kw>
<kw name="Click Element" library="SeleniumLibrary">
<arg>${Filtre_Button}</arg>
<doc>Click the element identified by ``locator``.</doc>
<msg timestamp="20230303 12:08:49.514" level="INFO">Clicking element 'xpath://button[contains(text(),'Filtre')]'.</msg>
<status status="PASS" starttime="20230303 12:08:49.514" endtime="20230303 12:08:51.294"/>
</kw>
<kw name="Sleep" library="BuiltIn">
<arg>7</arg>
<doc>Pauses the test executed for the given time.</doc>
<msg timestamp="20230303 12:08:58.295" level="INFO">Slept 7 seconds</msg>
<status status="PASS" starttime="20230303 12:08:51.295" endtime="20230303 12:08:58.295"/>
</kw>
<kw name="Wait Until Element Is Visible" library="SeleniumLibrary">
<arg>${Produit_1_9}</arg>
<doc>Waits until the element ``locator`` is visible.</doc>
<status status="PASS" starttime="20230303 12:08:58.295" endtime="20230303 12:08:58.344"/>
</kw>
<status status="PASS" starttime="20230303 12:07:44.708" endtime="20230303 12:08:58.344"/>
</kw>
<status status="PASS" starttime="20230303 12:07:12.501" endtime="20230303 12:08:58.344"/>
</test>
<doc>Cables et fils electrique-Fils de cable_Partie des filtre</doc>
<status status="PASS" starttime="20230303 12:07:11.962" endtime="20230303 12:08:58.344"/>
</suite>
<status status="FAIL" starttime="20230303 11:54:45.574" endtime="20230303 12:08:58.344"/>
</suite>
<doc>[https://pabot.org/?ref=log|Pabot] result from 70 executions.</doc>
<status status="FAIL" starttime="20230303 11:39:50.996" endtime="20230303 12:08:58.344"/>
</suite>
<statistics>
<total>
<stat pass="46" fail="24" skip="0">All Tests</stat>
</total>
<tag>
</tag>
<suite>
<stat pass="46" fail="24" skip="0" id="s1" name="pythonProject13">pythonProject13</stat>
<stat pass="9" fail="3" skip="0" id="s1-s1" name="projet1- FILS DE CABLE - Commande">pythonProject13.projet1- FILS DE CABLE - Commande</stat>
<stat pass="1" fail="0" skip="0" id="s1-s1-s1" name="Test1">pythonProject13.projet1- FILS DE CABLE - Commande.Test1</stat>
<stat pass="0" fail="1" skip="0" id="s1-s1-s2" name="Test2">pythonProject13.projet1- FILS DE CABLE - Commande.Test2</stat>
<stat pass="0" fail="1" skip="0" id="s1-s1-s3" name="Test3">pythonProject13.projet1- FILS DE CABLE - Commande.Test3</stat>
<stat pass="1" fail="0" skip="0" id="s1-s1-s4" name="Test4">pythonProject13.projet1- FILS DE CABLE - Commande.Test4</stat>
<stat pass="1" fail="0" skip="0" id="s1-s1-s5" name="test1-Acc">pythonProject13.projet1- FILS DE CABLE - Commande.test1-Acc</stat>
<stat pass="1" fail="0" skip="0" id="s1-s1-s6" name="test1-Cat2">pythonProject13.projet1- FILS DE CABLE - Commande.test1-Cat2</stat>
<stat pass="1" fail="0" skip="0" id="s1-s1-s7" name="test2-Acc">pythonProject13.projet1- FILS DE CABLE - Commande.test2-Acc</stat>
<stat pass="1" fail="0" skip="0" id="s1-s1-s8" name="test2-Cat2">pythonProject13.projet1- FILS DE CABLE - Commande.test2-Cat2</stat>
<stat pass="1" fail="0" skip="0" id="s1-s1-s9" name="test3-Acc">pythonProject13.projet1- FILS DE CABLE - Commande.test3-Acc</stat>
<stat pass="0" fail="1" skip="0" id="s1-s1-s10" name="test3-Cat2">pythonProject13.projet1- FILS DE CABLE - Commande.test3-Cat2</stat>
<stat pass="1" fail="0" skip="0" id="s1-s1-s11" name="test4-Acc">pythonProject13.projet1- FILS DE CABLE - Commande.test4-Acc</stat>
<stat pass="1" fail="0" skip="0" id="s1-s1-s12" name="test4-Cat2">pythonProject13.projet1- FILS DE CABLE - Commande.test4-Cat2</stat>
<stat pass="5" fail="7" skip="0" id="s1-s2" name="projet1- FILS DE CABLE - Details de commande">pythonProject13.projet1- FILS DE CABLE - Details de commande</stat>
<stat pass="0" fail="1" skip="0" id="s1-s2-s1" name="Test1">pythonProject13.projet1- FILS DE CABLE - Details de commande.Test1</stat>
<stat pass="0" fail="1" skip="0" id="s1-s2-s2" name="Test2">pythonProject13.projet1- FILS DE CABLE - Details de commande.Test2</stat>
<stat pass="0" fail="1" skip="0" id="s1-s2-s3" name="Test3">pythonProject13.projet1- FILS DE CABLE - Details de commande.Test3</stat>
<stat pass="1" fail="0" skip="0" id="s1-s2-s4" name="Test4">pythonProject13.projet1- FILS DE CABLE - Details de commande.Test4</stat>
<stat pass="1" fail="0" skip="0" id="s1-s2-s5" name="test1-Acc">pythonProject13.projet1- FILS DE CABLE - Details de commande.test1-Acc</stat>
<stat pass="0" fail="1" skip="0" id="s1-s2-s6" name="test1-Cat2">pythonProject13.projet1- FILS DE CABLE - Details de commande.test1-Cat2</stat>
<stat pass="1" fail="0" skip="0" id="s1-s2-s7" name="test2-Acc">pythonProject13.projet1- FILS DE CABLE - Details de commande.test2-Acc</stat>
<stat pass="1" fail="0" skip="0" id="s1-s2-s8" name="test2-Cat2">pythonProject13.projet1- FILS DE CABLE - Details de commande.test2-Cat2</stat>
<stat pass="0" fail="1" skip="0" id="s1-s2-s9" name="test3-Acc">pythonProject13.projet1- FILS DE CABLE - Details de commande.test3-Acc</stat>
<stat pass="0" fail="1" skip="0" id="s1-s2-s10" name="test3-Cat2">pythonProject13.projet1- FILS DE CABLE - Details de commande.test3-Cat2</stat>
<stat pass="0" fail="1" skip="0" id="s1-s2-s11" name="test4-Acc">pythonProject13.projet1- FILS DE CABLE - Details de commande.test4-Acc</stat>
<stat pass="1" fail="0" skip="0" id="s1-s2-s12" name="test4-Cat2">pythonProject13.projet1- FILS DE CABLE - Details de commande.test4-Cat2</stat>
<stat pass="5" fail="4" skip="0" id="s1-s3" name="projet1- FILS DE CABLE - Quantité">pythonProject13.projet1- FILS DE CABLE - Quantité</stat>
<stat pass="1" fail="0" skip="0" id="s1-s3-s1" name="test1-Quantité">pythonProject13.projet1- FILS DE CABLE - Quantité.test1-Quantité</stat>
<stat pass="1" fail="0" skip="0" id="s1-s3-s2" name="test2-Quantité">pythonProject13.projet1- FILS DE CABLE - Quantité.test2-Quantité</stat>
<stat pass="1" fail="0" skip="0" id="s1-s3-s3" name="test3-Quantité">pythonProject13.projet1- FILS DE CABLE - Quantité.test3-Quantité</stat>
<stat pass="0" fail="1" skip="0" id="s1-s3-s4" name="test4-Quantité">pythonProject13.projet1- FILS DE CABLE - Quantité.test4-Quantité</stat>
<stat pass="0" fail="1" skip="0" id="s1-s3-s5" name="test5-1-Quantité">pythonProject13.projet1- FILS DE CABLE - Quantité.test5-1-Quantité</stat>
<stat pass="0" fail="1" skip="0" id="s1-s3-s6" name="test5-2-Quantité">pythonProject13.projet1- FILS DE CABLE - Quantité.test5-2-Quantité</stat>
<stat pass="0" fail="1" skip="0" id="s1-s3-s7" name="test5-3-Quantité">pythonProject13.projet1- FILS DE CABLE - Quantité.test5-3-Quantité</stat>
<stat pass="1" fail="0" skip="0" id="s1-s3-s8" name="test5-4-Quantité">pythonProject13.projet1- FILS DE CABLE - Quantité.test5-4-Quantité</stat>
<stat pass="1" fail="0" skip="0" id="s1-s3-s9" name="test5-Quantité">pythonProject13.projet1- FILS DE CABLE - Quantité.test5-Quantité</stat>
<stat pass="4" fail="0" skip="0" id="s1-s4" name="LoginTest - TestCases">pythonProject13.LoginTest - TestCases</stat>
<stat pass="1" fail="0" skip="0" id="s1-s4-s1" name="LoginTest">pythonProject13.LoginTest - TestCases.LoginTest</stat>
<stat pass="1" fail="0" skip="0" id="s1-s4-s2" name="LoginTest1">pythonProject13.LoginTest - TestCases.LoginTest1</stat>
<stat pass="1" fail="0" skip="0" id="s1-s4-s3" name="LoginTest2">pythonProject13.LoginTest - TestCases.LoginTest2</stat>
<stat pass="1" fail="0" skip="0" id="s1-s4-s4" name="LoginTest3">pythonProject13.LoginTest - TestCases.LoginTest3</stat>
<stat pass="23" fail="10" skip="0" id="s1-s5" name="Projet1- FILS DE CABLE - Filtre TestCases">pythonProject13.Projet1- FILS DE CABLE - Filtre TestCases</stat>
<stat pass="0" fail="1" skip="0" id="s1-s5-s1" name="Test1">pythonProject13.Projet1- FILS DE CABLE - Filtre TestCases.Test1</stat>
<stat pass="1" fail="0" skip="0" id="s1-s5-s2" name="Test1-1">pythonProject13.Projet1- FILS DE CABLE - Filtre TestCases.Test1-1</stat>
<stat pass="0" fail="1" skip="0" id="s1-s5-s3" name="Test2">pythonProject13.Projet1- FILS DE CABLE - Filtre TestCases.Test2</stat>
<stat pass="1" fail="0" skip="0" id="s1-s5-s4" name="Test2-1">pythonProject13.Projet1- FILS DE CABLE - Filtre TestCases.Test2-1</stat>
<stat pass="1" fail="0" skip="0" id="s1-s5-s5" name="Test3">pythonProject13.Projet1- FILS DE CABLE - Filtre TestCases.Test3</stat>
<stat pass="1" fail="0" skip="0" id="s1-s5-s6" name="Test3-1">pythonProject13.Projet1- FILS DE CABLE - Filtre TestCases.Test3-1</stat>
<stat pass="1" fail="0" skip="0" id="s1-s5-s7" name="Test4">pythonProject13.Projet1- FILS DE CABLE - Filtre TestCases.Test4</stat>
<stat pass="1" fail="0" skip="0" id="s1-s5-s8" name="Test5">pythonProject13.Projet1- FILS DE CABLE - Filtre TestCases.Test5</stat>
<stat pass="0" fail="1" skip="0" id="s1-s5-s9" name="Test6">pythonProject13.Projet1- FILS DE CABLE - Filtre TestCases.Test6</stat>
<stat pass="0" fail="1" skip="0" id="s1-s5-s10" name="Test7">pythonProject13.Projet1- FILS DE CABLE - Filtre TestCases.Test7</stat>
<stat pass="0" fail="1" skip="0" id="s1-s5-s11" name="Test8">pythonProject13.Projet1- FILS DE CABLE - Filtre TestCases.Test8</stat>
<stat pass="1" fail="0" skip="0" id="s1-s5-s12" name="test1-1 Acc">pythonProject13.Projet1- FILS DE CABLE - Filtre TestCases.test1-1 Acc</stat>
<stat pass="1" fail="0" skip="0" id="s1-s5-s13" name="test1-1 Cat2">pythonProject13.Projet1- FILS DE CABLE - Filtre TestCases.test1-1 Cat2</stat>
<stat pass="1" fail="0" skip="0" id="s1-s5-s14" name="test1-Acc">pythonProject13.Projet1- FILS DE CABLE - Filtre TestCases.test1-Acc</stat>
<stat pass="0" fail="1" skip="0" id="s1-s5-s15" name="test1-Cat2">pythonProject13.Projet1- FILS DE CABLE - Filtre TestCases.test1-Cat2</stat>
<stat pass="1" fail="0" skip="0" id="s1-s5-s16" name="test2-1 Acc">pythonProject13.Projet1- FILS DE CABLE - Filtre TestCases.test2-1 Acc</stat>
<stat pass="1" fail="0" skip="0" id="s1-s5-s17" name="test2-1 Cat2">pythonProject13.Projet1- FILS DE CABLE - Filtre TestCases.test2-1 Cat2</stat>
<stat pass="0" fail="1" skip="0" id="s1-s5-s18" name="test2-Acc">pythonProject13.Projet1- FILS DE CABLE - Filtre TestCases.test2-Acc</stat>
<stat pass="0" fail="1" skip="0" id="s1-s5-s19" name="test2-Cat2">pythonProject13.Projet1- FILS DE CABLE - Filtre TestCases.test2-Cat2</stat>
<stat pass="1" fail="0" skip="0" id="s1-s5-s20" name="test3 Acc">pythonProject13.Projet1- FILS DE CABLE - Filtre TestCases.test3 Acc</stat>
<stat pass="1" fail="0" skip="0" id="s1-s5-s21" name="test3-1 Acc">pythonProject13.Projet1- FILS DE CABLE - Filtre TestCases.test3-1 Acc</stat>
<stat pass="1" fail="0" skip="0" id="s1-s5-s22" name="test3-1 Cat2">pythonProject13.Projet1- FILS DE CABLE - Filtre TestCases.test3-1 Cat2</stat>
<stat pass="0" fail="1" skip="0" id="s1-s5-s23" name="test3-Cat2">pythonProject13.Projet1- FILS DE CABLE - Filtre TestCases.test3-Cat2</stat>
<stat pass="1" fail="0" skip="0" id="s1-s5-s24" name="test4-Acc">pythonProject13.Projet1- FILS DE CABLE - Filtre TestCases.test4-Acc</stat>
<stat pass="1" fail="0" skip="0" id="s1-s5-s25" name="test4-Cat2">pythonProject13.Projet1- FILS DE CABLE - Filtre TestCases.test4-Cat2</stat>
<stat pass="1" fail="0" skip="0" id="s1-s5-s26" name="test5-Acc">pythonProject13.Projet1- FILS DE CABLE - Filtre TestCases.test5-Acc</stat>
<stat pass="1" fail="0" skip="0" id="s1-s5-s27" name="test5-Cat2">pythonProject13.Projet1- FILS DE CABLE - Filtre TestCases.test5-Cat2</stat>
<stat pass="1" fail="0" skip="0" id="s1-s5-s28" name="test6-Acc">pythonProject13.Projet1- FILS DE CABLE - Filtre TestCases.test6-Acc</stat>
<stat pass="1" fail="0" skip="0" id="s1-s5-s29" name="test6-Cat2">pythonProject13.Projet1- FILS DE CABLE - Filtre TestCases.test6-Cat2</stat>
<stat pass="1" fail="0" skip="0" id="s1-s5-s30" name="test7-Acc">pythonProject13.Projet1- FILS DE CABLE - Filtre TestCases.test7-Acc</stat>
<stat pass="1" fail="0" skip="0" id="s1-s5-s31" name="test7-Cat2">pythonProject13.Projet1- FILS DE CABLE - Filtre TestCases.test7-Cat2</stat>
<stat pass="0" fail="1" skip="0" id="s1-s5-s32" name="test8-Acc">pythonProject13.Projet1- FILS DE CABLE - Filtre TestCases.test8-Acc</stat>
<stat pass="1" fail="0" skip="0" id="s1-s5-s33" name="test8-Cat2">pythonProject13.Projet1- FILS DE CABLE - Filtre TestCases.test8-Cat2</stat>
</suite>
</statistics>
<errors>
<msg timestamp="20230303 11:59:35.932" level="ERROR">Error in file 'C:\Users\Ilham BOURHAIM\PycharmProjects\pythonProject13\Projet1- FILS DE CABLE - Filtre_TestCases\test1-Cat2.robot' on line 5: Resource file '..\PO\test1-Cat2-filtre.robot' does not exist.</msg>
<msg timestamp="20230303 12:01:10.653" level="ERROR">Error in file 'C:\Users\Ilham BOURHAIM\PycharmProjects\pythonProject13\PO\test2-Cat2-filtre.robot' on line 4: Variable file '..\PageObjects\Locators.py' does not exist.</msg>
</errors>
</robot>
