<?xml version="1.0" encoding="UTF-8"?>
<robot generator="Robot 6.0.1 (Python 3.11.1 on win32)" generated="20230302 11:25:16.976" rpa="false" schemaversion="3">
<suite id="s1" name="projet1- FILS DE CABLE - Commande" source="C:\Users\Ilham BOURHAIM\PycharmProjects\pythonProject13\projet1- FILS DE CABLE - Commande">
<suite id="s1-s1" name="test3-Acc" source="C:\Users\Ilham BOURHAIM\PycharmProjects\pythonProject13\projet1- FILS DE CABLE - Commande\test3-Acc.robot">
<test id="s1-s1-t1" name="Cables et fils electrique-Fils de cable" line="10">
<kw name="open the browser with URL" library="resources">
<kw name="Create Webdriver" library="SeleniumLibrary">
<arg>Chrome</arg>
<doc>Creates an instance of Selenium WebDriver.</doc>
<msg timestamp="20230302 11:25:17.357" level="INFO">Creating an instance of the Chrome WebDriver.</msg>
<status status="PASS" starttime="20230302 11:25:17.357" endtime="20230302 11:25:19.148"/>
</kw>
<kw name="Go To" library="SeleniumLibrary">
<arg>${URL}</arg>
<doc>Navigates the current browser window to the provided ``url``.</doc>
<msg timestamp="20230302 11:25:19.152" level="INFO">Opening url 'http://192.168.31.31/'</msg>
<status status="PASS" starttime="20230302 11:25:19.149" endtime="20230302 11:25:28.870"/>
</kw>
<kw name="Maximize Browser Window" library="SeleniumLibrary">
<doc>Maximizes current browser window.</doc>
<status status="PASS" starttime="20230302 11:25:28.870" endtime="20230302 11:25:29.190"/>
</kw>
<kw name="Sleep" library="BuiltIn">
<arg>6</arg>
<doc>Pauses the test executed for the given time.</doc>
<msg timestamp="20230302 11:25:35.191" level="INFO">Slept 6 seconds</msg>
<status status="PASS" starttime="20230302 11:25:29.190" endtime="20230302 11:25:35.191"/>
</kw>
<status status="PASS" starttime="20230302 11:25:17.357" endtime="20230302 11:25:35.191"/>
</kw>
<kw name="click an Cables et fils electrique-Fils de cable" library="clickAn_Acc">
<arg>${Câbles_fils1}</arg>
<arg>${FILS_CABLE}</arg>
<kw name="Click Element" library="SeleniumLibrary">
<arg>${Câbles_fils1}</arg>
<doc>Click the element identified by ``locator``.</doc>
<msg timestamp="20230302 11:25:35.194" level="INFO">Clicking element 'css:body.home.page-template-default.page.page-id-1039.theme-flatsome.woocommerce-js.yith-wcan-pro.lightbox.nav-dropdown-has-shadow.nav-dropdown-has-border.page-template-blank.page-template-blank-php:nth-child(2) div.content-area div.row:nth-child(3) div.col.small-12.large-12 div.col-inner div.row.row-small.row-full-width div.col.medium-12.small-12.large-6:nth-child(1) div.col-inner div.row.row-small div.col.medium-6.small-12.large-6:nth-child(1) div.col-inner div.box.has-hover.has-hover.box-overlay.dark.box-text-middle:nth-child(3) div.box-text.text-center div.box-text-inner a.button.primary &gt; span:nth-child(1)'.</msg>
<status status="PASS" starttime="20230302 11:25:35.193" endtime="20230302 11:25:40.423"/>
</kw>
<kw name="Sleep" library="BuiltIn">
<arg>5</arg>
<doc>Pauses the test executed for the given time.</doc>
<msg timestamp="20230302 11:25:45.426" level="INFO">Slept 5 seconds</msg>
<status status="PASS" starttime="20230302 11:25:40.424" endtime="20230302 11:25:45.426"/>
</kw>
<kw name="Click Element" library="SeleniumLibrary">
<arg>${FILS_CABLE}</arg>
<doc>Click the element identified by ``locator``.</doc>
<msg timestamp="20230302 11:25:45.426" level="INFO">Clicking element 'css:body.page-template-default.page.page-id-837.theme-flatsome.woocommerce-js.yith-wcan-pro.lightbox.nav-dropdown-has-shadow.nav-dropdown-has-border.page-template-blank.page-template-blank-php:nth-child(2) div.content-area section.section:nth-child(3) div.section-content.relative:nth-child(2) div.row div.col.medium-4.small-12.large-4:nth-child(3) div.col-inner.box-shadow-3:nth-child(1) div.row.row-collapse div.col.medium-8.large-8:nth-child(2) div.col-inner h3:nth-child(2) &gt; a:nth-child(1)'.</msg>
<status status="PASS" starttime="20230302 11:25:45.426" endtime="20230302 11:25:50.905"/>
</kw>
<kw name="Sleep" library="BuiltIn">
<arg>4</arg>
<doc>Pauses the test executed for the given time.</doc>
<msg timestamp="20230302 11:25:54.908" level="INFO">Slept 4 seconds</msg>
<status status="PASS" starttime="20230302 11:25:50.906" endtime="20230302 11:25:54.908"/>
</kw>
<status status="PASS" starttime="20230302 11:25:35.192" endtime="20230302 11:25:54.908"/>
</kw>
<kw name="clicker sur un produit et voir le panier" library="choose3">
<arg>${clicker_Produit}</arg>
<arg>${Ajout_Panier}</arg>
<arg>${Voirr_Panier}</arg>
<arg>${Valider_Commande}</arg>
<kw name="Sleep" library="BuiltIn">
<arg>5</arg>
<doc>Pauses the test executed for the given time.</doc>
<msg timestamp="20230302 11:25:59.909" level="INFO">Slept 5 seconds</msg>
<status status="PASS" starttime="20230302 11:25:54.908" endtime="20230302 11:25:59.909"/>
</kw>
<kw name="Click Element" library="SeleniumLibrary">
<arg>${clicker_Produit}</arg>
<doc>Click the element identified by ``locator``.</doc>
<msg timestamp="20230302 11:25:59.910" level="INFO">Clicking element 'xpath://a[contains(text(),'cable souple 16mm')]'.</msg>
<status status="PASS" starttime="20230302 11:25:59.909" endtime="20230302 11:26:03.604"/>
</kw>
<kw name="Sleep" library="BuiltIn">
<arg>5</arg>
<doc>Pauses the test executed for the given time.</doc>
<msg timestamp="20230302 11:26:08.606" level="INFO">Slept 5 seconds</msg>
<status status="PASS" starttime="20230302 11:26:03.604" endtime="20230302 11:26:08.606"/>
</kw>
<kw name="Click Element" library="SeleniumLibrary">
<arg>${Ajout_Panier}</arg>
<doc>Click the element identified by ``locator``.</doc>
<msg timestamp="20230302 11:26:08.607" level="INFO">Clicking element 'xpath://button[contains(text(),'Ajouter au panier')]'.</msg>
<status status="PASS" starttime="20230302 11:26:08.606" endtime="20230302 11:26:12.742"/>
</kw>
<kw name="Sleep" library="BuiltIn">
<arg>3</arg>
<doc>Pauses the test executed for the given time.</doc>
<msg timestamp="20230302 11:26:15.745" level="INFO">Slept 3 seconds</msg>
<status status="PASS" starttime="20230302 11:26:12.744" endtime="20230302 11:26:15.745"/>
</kw>
<kw name="Click Element" library="SeleniumLibrary">
<arg>${Voirr_Panier}</arg>
<doc>Click the element identified by ``locator``.</doc>
<msg timestamp="20230302 11:26:15.747" level="INFO">Clicking element 'xpath://header/div[1]/div[1]/div[1]/div[4]/ul[1]/li[3]/ul[1]/li[1]/div[1]/p[2]/a[1]'.</msg>
<status status="PASS" starttime="20230302 11:26:15.745" endtime="20230302 11:26:23.068"/>
</kw>
<kw name="Sleep" library="BuiltIn">
<arg>5</arg>
<doc>Pauses the test executed for the given time.</doc>
<msg timestamp="20230302 11:26:28.069" level="INFO">Slept 5 seconds</msg>
<status status="PASS" starttime="20230302 11:26:23.068" endtime="20230302 11:26:28.069"/>
</kw>
<kw name="Click Element" library="SeleniumLibrary">
<arg>${Valider_Commande}</arg>
<doc>Click the element identified by ``locator``.</doc>
<msg timestamp="20230302 11:26:28.069" level="INFO">Clicking element 'xpath://a[contains(text(),'Valider la commande')]'.</msg>
<status status="PASS" starttime="20230302 11:26:28.069" endtime="20230302 11:26:35.904"/>
</kw>
<kw name="Sleep" library="BuiltIn">
<arg>4</arg>
<doc>Pauses the test executed for the given time.</doc>
<msg timestamp="20230302 11:26:39.905" level="INFO">Slept 4 seconds</msg>
<status status="PASS" starttime="20230302 11:26:35.904" endtime="20230302 11:26:39.905"/>
</kw>
<status status="PASS" starttime="20230302 11:25:54.908" endtime="20230302 11:26:39.906"/>
</kw>
<kw name="valider la commande" library="CommandePage">
<arg>${Prénom}</arg>
<arg>${Nom}</arg>
<arg>${Nom_d_entreprise}</arg>
<arg>${Numéro_nom_de_rue}</arg>
<arg>${Ville}</arg>
<arg>${Région_Département}</arg>
<arg>${Code_postal}</arg>
<arg>${Téléphone}</arg>
<arg>${E_mail}</arg>
<kw name="Maximize Browser Window" library="SeleniumLibrary">
<doc>Maximizes current browser window.</doc>
<status status="PASS" starttime="20230302 11:26:39.908" endtime="20230302 11:26:39.912"/>
</kw>
<kw name="Input Text" library="SeleniumLibrary">
<arg>${Prénom1}</arg>
<arg>${Prénom}</arg>
<doc>Types the given ``text`` into the text field identified by ``locator``.</doc>
<msg timestamp="20230302 11:26:39.914" level="INFO">Typing text 'Ilham' into text field ' xpath://input[@id='billing_first_name']'.</msg>
<status status="PASS" starttime="20230302 11:26:39.912" endtime="20230302 11:26:40.065"/>
</kw>
<kw name="Input Text" library="SeleniumLibrary">
<arg>${Nom1}</arg>
<arg>${Nom}</arg>
<doc>Types the given ``text`` into the text field identified by ``locator``.</doc>
<msg timestamp="20230302 11:26:40.067" level="INFO">Typing text 'Brh' into text field 'xpath://input[@id='billing_last_name']'.</msg>
<status status="PASS" starttime="20230302 11:26:40.066" endtime="20230302 11:26:40.245"/>
</kw>
<kw name="Sleep" library="BuiltIn">
<arg>5</arg>
<doc>Pauses the test executed for the given time.</doc>
<msg timestamp="20230302 11:26:45.247" level="INFO">Slept 5 seconds</msg>
<status status="PASS" starttime="20230302 11:26:40.245" endtime="20230302 11:26:45.248"/>
</kw>
<kw name="Input Text" library="SeleniumLibrary">
<arg>${Nom_d_entreprise1}</arg>
<arg>${Nom_d_entreprise}</arg>
<doc>Types the given ``text`` into the text field identified by ``locator``.</doc>
<msg timestamp="20230302 11:26:45.252" level="INFO">Typing text 'AB' into text field 'xpath://input[@id='billing_company']'.</msg>
<status status="PASS" starttime="20230302 11:26:45.249" endtime="20230302 11:26:46.410"/>
</kw>
<kw name="Sleep" library="BuiltIn">
<arg>5</arg>
<doc>Pauses the test executed for the given time.</doc>
<msg timestamp="20230302 11:26:51.411" level="INFO">Slept 5 seconds</msg>
<status status="PASS" starttime="20230302 11:26:46.411" endtime="20230302 11:26:51.411"/>
</kw>
<kw name="Input Text" library="SeleniumLibrary">
<arg>${Numéro_nom_de_rue1}</arg>
<arg>${Numéro_nom_de_rue}</arg>
<doc>Types the given ``text`` into the text field identified by ``locator``.</doc>
<msg timestamp="20230302 11:26:51.413" level="INFO">Typing text 'Hay Nahda' into text field 'xpath://input[@id='billing_address_1']'.</msg>
<status status="PASS" starttime="20230302 11:26:51.411" endtime="20230302 11:26:52.018"/>
</kw>
<kw name="Input Text" library="SeleniumLibrary">
<arg>${Ville1}</arg>
<arg>${Ville}</arg>
<doc>Types the given ``text`` into the text field identified by ``locator``.</doc>
<msg timestamp="20230302 11:26:52.021" level="INFO">Typing text 'Rabat' into text field 'xpath://input[@id='billing_city']'.</msg>
<status status="PASS" starttime="20230302 11:26:52.018" endtime="20230302 11:26:52.693"/>
</kw>
<kw name="Input Text" library="SeleniumLibrary">
<arg>${Région_Département1}</arg>
<arg>${Région_Département}</arg>
<doc>Types the given ``text`` into the text field identified by ``locator``.</doc>
<msg timestamp="20230302 11:26:52.694" level="INFO">Typing text 'Rabat-Salé-Kénitra' into text field 'xpath://input[@id='billing_state']'.</msg>
<status status="PASS" starttime="20230302 11:26:52.693" endtime="20230302 11:26:53.396"/>
</kw>
<kw name="Input Text" library="SeleniumLibrary">
<arg>${Code_postal1}</arg>
<arg>${Code_postal}</arg>
<doc>Types the given ``text`` into the text field identified by ``locator``.</doc>
<msg timestamp="20230302 11:26:53.398" level="INFO">Typing text '20200' into text field 'xpath://input[@id='billing_postcode']'.</msg>
<status status="PASS" starttime="20230302 11:26:53.397" endtime="20230302 11:26:53.630"/>
</kw>
<kw name="Sleep" library="BuiltIn">
<arg>4</arg>
<doc>Pauses the test executed for the given time.</doc>
<msg timestamp="20230302 11:26:57.631" level="INFO">Slept 4 seconds</msg>
<status status="PASS" starttime="20230302 11:26:53.631" endtime="20230302 11:26:57.631"/>
</kw>
<kw name="Input Text" library="SeleniumLibrary">
<arg>${Téléphone1}</arg>
<arg>${Téléphone}</arg>
<doc>Types the given ``text`` into the text field identified by ``locator``.</doc>
<msg timestamp="20230302 11:26:57.632" level="INFO">Typing text '0651780789' into text field 'xpath://input[@id='billing_phone']'.</msg>
<status status="PASS" starttime="20230302 11:26:57.631" endtime="20230302 11:26:57.893"/>
</kw>
<kw name="Input Text" library="SeleniumLibrary">
<arg>${E_mail1}</arg>
<arg>${E_mail}</arg>
<doc>Types the given ``text`` into the text field identified by ``locator``.</doc>
<msg timestamp="20230302 11:26:57.895" level="INFO">Typing text 'IlhamBrh1@gmail.com' into text field 'xpath://input[@id='billing_email']'.</msg>
<status status="PASS" starttime="20230302 11:26:57.894" endtime="20230302 11:26:58.093"/>
</kw>
<kw name="Sleep" library="BuiltIn">
<arg>4</arg>
<doc>Pauses the test executed for the given time.</doc>
<msg timestamp="20230302 11:27:02.093" level="INFO">Slept 4 seconds</msg>
<status status="PASS" starttime="20230302 11:26:58.093" endtime="20230302 11:27:02.093"/>
</kw>
<kw name="Select Checkbox" library="SeleniumLibrary">
<arg>${Accepter_les_conditions}</arg>
<doc>Selects the checkbox identified by ``locator``.</doc>
<msg timestamp="20230302 11:27:02.094" level="INFO">Selecting checkbox 'id:terms'.</msg>
<status status="PASS" starttime="20230302 11:27:02.093" endtime="20230302 11:27:02.260"/>
</kw>
<kw name="Sleep" library="BuiltIn">
<arg>5</arg>
<doc>Pauses the test executed for the given time.</doc>
<msg timestamp="20230302 11:27:07.262" level="INFO">Slept 5 seconds</msg>
<status status="PASS" starttime="20230302 11:27:02.261" endtime="20230302 11:27:07.262"/>
</kw>
<kw name="Click Element" library="SeleniumLibrary">
<arg>${Commander}</arg>
<doc>Click the element identified by ``locator``.</doc>
<msg timestamp="20230302 11:27:07.263" level="INFO">Clicking element 'xpath://button[@id='place_order']'.</msg>
<status status="PASS" starttime="20230302 11:27:07.262" endtime="20230302 11:27:07.408"/>
</kw>
<kw name="Sleep" library="BuiltIn">
<arg>7</arg>
<doc>Pauses the test executed for the given time.</doc>
<msg timestamp="20230302 11:27:14.411" level="INFO">Slept 7 seconds</msg>
<status status="PASS" starttime="20230302 11:27:07.408" endtime="20230302 11:27:14.411"/>
</kw>
<kw name="Wait Until Element Is Visible" library="SeleniumLibrary">
<arg>${commande_reçue}</arg>
<doc>Waits until the element ``locator`` is visible.</doc>
<status status="PASS" starttime="20230302 11:27:14.411" endtime="20230302 11:27:23.014"/>
</kw>
<kw name="Sleep" library="BuiltIn">
<arg>5</arg>
<doc>Pauses the test executed for the given time.</doc>
<msg timestamp="20230302 11:27:28.015" level="INFO">Slept 5 seconds</msg>
<status status="PASS" starttime="20230302 11:27:23.015" endtime="20230302 11:27:28.015"/>
</kw>
<status status="PASS" starttime="20230302 11:26:39.907" endtime="20230302 11:27:28.015"/>
</kw>
<status status="PASS" starttime="20230302 11:25:17.356" endtime="20230302 11:27:28.015"/>
</test>
<doc>Cables et fils electrique-Fils de cable_Partie de Commande</doc>
<status status="PASS" starttime="20230302 11:25:17.017" endtime="20230302 11:27:28.018"/>
</suite>
<status status="PASS" starttime="20230302 11:25:16.991" endtime="20230302 11:27:28.021"/>
</suite>
<statistics>
<total>
<stat pass="1" fail="0" skip="0">All Tests</stat>
</total>
<tag>
</tag>
<suite>
<stat pass="1" fail="0" skip="0" id="s1" name="projet1- FILS DE CABLE - Commande">projet1- FILS DE CABLE - Commande</stat>
<stat pass="1" fail="0" skip="0" id="s1-s1" name="test3-Acc">projet1- FILS DE CABLE - Commande.test3-Acc</stat>
</suite>
</statistics>
<errors>
</errors>
</robot>
