<?xml version="1.0" encoding="UTF-8"?>
<robot generator="Robot 6.0.1 (Python 3.11.1 on win32)" generated="20230303 11:39:50.980" rpa="false" schemaversion="3">
<suite id="s1" name="pythonProject13" source="C:\Users\Ilham BOURHAIM\PycharmProjects\pythonProject13">
<suite id="s1-s1" name="projet1- FILS DE CABLE - Commande" source="C:\Users\Ilham BOURHAIM\PycharmProjects\pythonProject13\projet1- FILS DE CABLE - Commande">
<suite id="s1-s1-s1" name="Test1" source="C:\Users\Ilham BOURHAIM\PycharmProjects\pythonProject13\projet1- FILS DE CABLE - Commande\test1.robot">
<test id="s1-s1-s1-t1" name="Cables et fils electrique-Fils de cable" line="12">
<kw name="open the browser with URL" library="resources">
<kw name="Create Webdriver" library="SeleniumLibrary">
<arg>Chrome</arg>
<doc>Creates an instance of Selenium WebDriver.</doc>
<msg timestamp="20230303 11:39:51.544" level="INFO">Creating an instance of the Chrome WebDriver.</msg>
<status status="PASS" starttime="20230303 11:39:51.544" endtime="20230303 11:39:56.936"/>
</kw>
<kw name="Go To" library="SeleniumLibrary">
<arg>${URL}</arg>
<doc>Navigates the current browser window to the provided ``url``.</doc>
<msg timestamp="20230303 11:39:56.937" level="INFO">Opening url 'http://192.168.31.31/'</msg>
<status status="PASS" starttime="20230303 11:39:56.936" endtime="20230303 11:40:04.460"/>
</kw>
<kw name="Maximize Browser Window" library="SeleniumLibrary">
<doc>Maximizes current browser window.</doc>
<status status="PASS" starttime="20230303 11:40:04.461" endtime="20230303 11:40:05.451"/>
</kw>
<kw name="Sleep" library="BuiltIn">
<arg>6</arg>
<doc>Pauses the test executed for the given time.</doc>
<msg timestamp="20230303 11:40:11.456" level="INFO">Slept 6 seconds</msg>
<status status="PASS" starttime="20230303 11:40:05.453" endtime="20230303 11:40:11.456"/>
</kw>
<status status="PASS" starttime="20230303 11:39:51.544" endtime="20230303 11:40:11.457"/>
</kw>
<kw name="click an Cables et fils electrique-Fils de cable" library="clickAn">
<arg>${Categories}</arg>
<arg>${Câbles_fils}</arg>
<arg>${FILS_CABLE}</arg>
<kw name="Click Element" library="SeleniumLibrary">
<arg>${Categories}</arg>
<doc>Click the element identified by ``locator``.</doc>
<msg timestamp="20230303 11:40:11.460" level="INFO">Clicking element 'xpath://span[contains(text(),'Categories')]'.</msg>
<status status="PASS" starttime="20230303 11:40:11.459" endtime="20230303 11:40:11.569"/>
</kw>
<kw name="Sleep" library="BuiltIn">
<arg>5</arg>
<doc>Pauses the test executed for the given time.</doc>
<msg timestamp="20230303 11:40:16.570" level="INFO">Slept 5 seconds</msg>
<status status="PASS" starttime="20230303 11:40:11.569" endtime="20230303 11:40:16.570"/>
</kw>
<kw name="Click Element" library="SeleniumLibrary">
<arg>${Câbles_fils}</arg>
<doc>Click the element identified by ``locator``.</doc>
<msg timestamp="20230303 11:40:16.570" level="INFO">Clicking element 'xpath://header/div[1]/div[2]/div[1]/div[1]/ul[1]/li[2]/div[2]/div[1]/ul[1]/li[2]/a[1]'.</msg>
<status status="PASS" starttime="20230303 11:40:16.570" endtime="20230303 11:40:19.435"/>
</kw>
<kw name="Sleep" library="BuiltIn">
<arg>5</arg>
<doc>Pauses the test executed for the given time.</doc>
<msg timestamp="20230303 11:40:24.436" level="INFO">Slept 5 seconds</msg>
<status status="PASS" starttime="20230303 11:40:19.436" endtime="20230303 11:40:24.436"/>
</kw>
<kw name="Click Element" library="SeleniumLibrary">
<arg>${FILS_CABLE}</arg>
<doc>Click the element identified by ``locator``.</doc>
<msg timestamp="20230303 11:40:24.437" level="INFO">Clicking element 'css:body.page-template-default.page.page-id-837.theme-flatsome.woocommerce-js.yith-wcan-pro.lightbox.nav-dropdown-has-shadow.nav-dropdown-has-border.page-template-blank.page-template-blank-php:nth-child(2) div.content-area section.section:nth-child(3) div.section-content.relative:nth-child(2) div.row div.col.medium-4.small-12.large-4:nth-child(3) div.col-inner.box-shadow-3:nth-child(1) div.row.row-collapse div.col.medium-8.large-8:nth-child(2) div.col-inner h3:nth-child(2) &gt; a:nth-child(1)'.</msg>
<status status="PASS" starttime="20230303 11:40:24.436" endtime="20230303 11:40:29.379"/>
</kw>
<kw name="Sleep" library="BuiltIn">
<arg>5</arg>
<doc>Pauses the test executed for the given time.</doc>
<msg timestamp="20230303 11:40:34.380" level="INFO">Slept 5 seconds</msg>
<status status="PASS" starttime="20230303 11:40:29.379" endtime="20230303 11:40:34.380"/>
</kw>
<status status="PASS" starttime="20230303 11:40:11.457" endtime="20230303 11:40:34.381"/>
</kw>
<kw name="choisir un produit et l ajouter directement dans le panier + Voir le panier (2 produits)" library="Choose">
<arg>${Ajout_Panier}</arg>
<arg>${Voir_panier}</arg>
<arg>${Ajouter_nbr_produit}</arg>
<arg>${Mettre_à_jour_panier}</arg>
<arg>${Panier_mis_à_jour}</arg>
<arg>${Valider_Commande}</arg>
<arg>${Détails_de_facturation}</arg>
<kw name="Sleep" library="BuiltIn">
<arg>5</arg>
<doc>Pauses the test executed for the given time.</doc>
<msg timestamp="20230303 11:40:39.385" level="INFO">Slept 5 seconds</msg>
<status status="PASS" starttime="20230303 11:40:34.384" endtime="20230303 11:40:39.385"/>
</kw>
<kw name="Click Element" library="SeleniumLibrary">
<arg>${Ajout_Panier}</arg>
<doc>Click the element identified by ``locator``.</doc>
<msg timestamp="20230303 11:40:39.388" level="INFO">Clicking element 'xpath://button[contains(text(),'Ajouter au panier')]'.</msg>
<status status="PASS" starttime="20230303 11:40:39.385" endtime="20230303 11:40:39.533"/>
</kw>
<kw name="Sleep" library="BuiltIn">
<arg>5</arg>
<doc>Pauses the test executed for the given time.</doc>
<msg timestamp="20230303 11:40:44.535" level="INFO">Slept 5 seconds</msg>
<status status="PASS" starttime="20230303 11:40:39.534" endtime="20230303 11:40:44.536"/>
</kw>
<kw name="Click Element" library="SeleniumLibrary">
<arg>${Voir_panier}</arg>
<doc>Click the element identified by ``locator``.</doc>
<msg timestamp="20230303 11:40:44.547" level="INFO">Clicking element 'xpath://header/div[1]/div[1]/div[1]/div[4]/ul[1]/li[3]/ul[1]/li[1]/div[1]/p[2]/a[1]'.</msg>
<status status="PASS" starttime="20230303 11:40:44.539" endtime="20230303 11:40:47.915"/>
</kw>
<kw name="Sleep" library="BuiltIn">
<arg>5</arg>
<doc>Pauses the test executed for the given time.</doc>
<msg timestamp="20230303 11:40:52.918" level="INFO">Slept 5 seconds</msg>
<status status="PASS" starttime="20230303 11:40:47.918" endtime="20230303 11:40:52.919"/>
</kw>
<kw name="Click Element" library="SeleniumLibrary">
<arg>${Ajouter_nbr_produit}</arg>
<doc>Click the element identified by ``locator``.</doc>
<msg timestamp="20230303 11:40:52.923" level="INFO">Clicking element 'xpath://tbody/tr[1]/td[5]/div[1]/input[3]'.</msg>
<status status="PASS" starttime="20230303 11:40:52.920" endtime="20230303 11:40:53.026"/>
</kw>
<kw name="Sleep" library="BuiltIn">
<arg>7</arg>
<doc>Pauses the test executed for the given time.</doc>
<msg timestamp="20230303 11:41:00.028" level="INFO">Slept 7 seconds</msg>
<status status="PASS" starttime="20230303 11:40:53.026" endtime="20230303 11:41:00.028"/>
</kw>
<kw name="Click Element" library="SeleniumLibrary">
<arg>${Mettre_à_jour_panier}</arg>
<doc>Click the element identified by ``locator``.</doc>
<msg timestamp="20230303 11:41:00.030" level="INFO">Clicking element 'xpath: // button[contains(text(), 'Mettre à jour le panier')]'.</msg>
<status status="PASS" starttime="20230303 11:41:00.028" endtime="20230303 11:41:00.140"/>
</kw>
<kw name="Sleep" library="BuiltIn">
<arg>5</arg>
<doc>Pauses the test executed for the given time.</doc>
<msg timestamp="20230303 11:41:05.142" level="INFO">Slept 5 seconds</msg>
<status status="PASS" starttime="20230303 11:41:00.141" endtime="20230303 11:41:05.142"/>
</kw>
<kw name="Wait Until Element Is Visible" library="SeleniumLibrary">
<arg>${Panier_mis_à_jour}</arg>
<doc>Waits until the element ``locator`` is visible.</doc>
<status status="PASS" starttime="20230303 11:41:05.142" endtime="20230303 11:41:05.229"/>
</kw>
<kw name="Sleep" library="BuiltIn">
<arg>5</arg>
<doc>Pauses the test executed for the given time.</doc>
<msg timestamp="20230303 11:41:10.231" level="INFO">Slept 5 seconds</msg>
<status status="PASS" starttime="20230303 11:41:05.230" endtime="20230303 11:41:10.231"/>
</kw>
<kw name="Click Element" library="SeleniumLibrary">
<arg>${Valider_Commande}</arg>
<doc>Click the element identified by ``locator``.</doc>
<msg timestamp="20230303 11:41:10.233" level="INFO">Clicking element 'xpath://a[contains(text(),'Valider la commande')]'.</msg>
<status status="PASS" starttime="20230303 11:41:10.232" endtime="20230303 11:41:13.802"/>
</kw>
<kw name="Wait Until Element Is Visible" library="SeleniumLibrary">
<arg>${Détails_de_facturation}</arg>
<doc>Waits until the element ``locator`` is visible.</doc>
<status status="PASS" starttime="20230303 11:41:13.802" endtime="20230303 11:41:13.852"/>
</kw>
<kw name="Sleep" library="BuiltIn">
<arg>5</arg>
<doc>Pauses the test executed for the given time.</doc>
<msg timestamp="20230303 11:41:18.852" level="INFO">Slept 5 seconds</msg>
<status status="PASS" starttime="20230303 11:41:13.852" endtime="20230303 11:41:18.852"/>
</kw>
<status status="PASS" starttime="20230303 11:40:34.382" endtime="20230303 11:41:18.852"/>
</kw>
<kw name="valider la commande" library="CommandePage">
<arg>${Prénom}</arg>
<arg>${Nom}</arg>
<arg>${Nom_d_entreprise}</arg>
<arg>${Numéro_nom_de_rue}</arg>
<arg>${Ville}</arg>
<arg>${Région_Département}</arg>
<arg>${Code_postal}</arg>
<arg>${Téléphone}</arg>
<arg>${E_mail}</arg>
<kw name="Maximize Browser Window" library="SeleniumLibrary">
<doc>Maximizes current browser window.</doc>
<status status="PASS" starttime="20230303 11:41:18.854" endtime="20230303 11:41:18.858"/>
</kw>
<kw name="Input Text" library="SeleniumLibrary">
<arg>${Prénom1}</arg>
<arg>${Prénom}</arg>
<doc>Types the given ``text`` into the text field identified by ``locator``.</doc>
<msg timestamp="20230303 11:41:18.859" level="INFO">Typing text 'Ilham' into text field ' xpath://input[@id='billing_first_name']'.</msg>
<status status="PASS" starttime="20230303 11:41:18.858" endtime="20230303 11:41:19.000"/>
</kw>
<kw name="Input Text" library="SeleniumLibrary">
<arg>${Nom1}</arg>
<arg>${Nom}</arg>
<doc>Types the given ``text`` into the text field identified by ``locator``.</doc>
<msg timestamp="20230303 11:41:19.001" level="INFO">Typing text 'Brh' into text field 'xpath://input[@id='billing_last_name']'.</msg>
<status status="PASS" starttime="20230303 11:41:19.000" endtime="20230303 11:41:19.130"/>
</kw>
<kw name="Sleep" library="BuiltIn">
<arg>5</arg>
<doc>Pauses the test executed for the given time.</doc>
<msg timestamp="20230303 11:41:24.132" level="INFO">Slept 5 seconds</msg>
<status status="PASS" starttime="20230303 11:41:19.130" endtime="20230303 11:41:24.132"/>
</kw>
<kw name="Input Text" library="SeleniumLibrary">
<arg>${Nom_d_entreprise1}</arg>
<arg>${Nom_d_entreprise}</arg>
<doc>Types the given ``text`` into the text field identified by ``locator``.</doc>
<msg timestamp="20230303 11:41:24.134" level="INFO">Typing text 'AB' into text field 'xpath://input[@id='billing_company']'.</msg>
<status status="PASS" starttime="20230303 11:41:24.133" endtime="20230303 11:41:24.355"/>
</kw>
<kw name="Sleep" library="BuiltIn">
<arg>5</arg>
<doc>Pauses the test executed for the given time.</doc>
<msg timestamp="20230303 11:41:29.356" level="INFO">Slept 5 seconds</msg>
<status status="PASS" starttime="20230303 11:41:24.356" endtime="20230303 11:41:29.356"/>
</kw>
<kw name="Input Text" library="SeleniumLibrary">
<arg>${Numéro_nom_de_rue1}</arg>
<arg>${Numéro_nom_de_rue}</arg>
<doc>Types the given ``text`` into the text field identified by ``locator``.</doc>
<msg timestamp="20230303 11:41:29.358" level="INFO">Typing text 'Hay Nahda' into text field 'xpath://input[@id='billing_address_1']'.</msg>
<status status="PASS" starttime="20230303 11:41:29.356" endtime="20230303 11:41:29.597"/>
</kw>
<kw name="Input Text" library="SeleniumLibrary">
<arg>${Ville1}</arg>
<arg>${Ville}</arg>
<doc>Types the given ``text`` into the text field identified by ``locator``.</doc>
<msg timestamp="20230303 11:41:29.600" level="INFO">Typing text 'Rabat' into text field 'xpath://input[@id='billing_city']'.</msg>
<status status="PASS" starttime="20230303 11:41:29.597" endtime="20230303 11:41:29.759"/>
</kw>
<kw name="Input Text" library="SeleniumLibrary">
<arg>${Région_Département1}</arg>
<arg>${Région_Département}</arg>
<doc>Types the given ``text`` into the text field identified by ``locator``.</doc>
<msg timestamp="20230303 11:41:29.761" level="INFO">Typing text 'Rabat-Salé-Kénitra' into text field 'xpath://input[@id='billing_state']'.</msg>
<status status="PASS" starttime="20230303 11:41:29.759" endtime="20230303 11:41:29.940"/>
</kw>
<kw name="Input Text" library="SeleniumLibrary">
<arg>${Code_postal1}</arg>
<arg>${Code_postal}</arg>
<doc>Types the given ``text`` into the text field identified by ``locator``.</doc>
<msg timestamp="20230303 11:41:29.941" level="INFO">Typing text '20200' into text field 'xpath://input[@id='billing_postcode']'.</msg>
<status status="PASS" starttime="20230303 11:41:29.940" endtime="20230303 11:41:30.069"/>
</kw>
<kw name="Sleep" library="BuiltIn">
<arg>4</arg>
<doc>Pauses the test executed for the given time.</doc>
<msg timestamp="20230303 11:41:34.078" level="INFO">Slept 4 seconds</msg>
<status status="PASS" starttime="20230303 11:41:30.077" endtime="20230303 11:41:34.078"/>
</kw>
<kw name="Input Text" library="SeleniumLibrary">
<arg>${Téléphone1}</arg>
<arg>${Téléphone}</arg>
<doc>Types the given ``text`` into the text field identified by ``locator``.</doc>
<msg timestamp="20230303 11:41:34.080" level="INFO">Typing text '0651780789' into text field 'xpath://input[@id='billing_phone']'.</msg>
<status status="PASS" starttime="20230303 11:41:34.078" endtime="20230303 11:41:34.234"/>
</kw>
<kw name="Input Text" library="SeleniumLibrary">
<arg>${E_mail1}</arg>
<arg>${E_mail}</arg>
<doc>Types the given ``text`` into the text field identified by ``locator``.</doc>
<msg timestamp="20230303 11:41:34.235" level="INFO">Typing text 'IlhamBrh1@gmail.com' into text field 'xpath://input[@id='billing_email']'.</msg>
<status status="PASS" starttime="20230303 11:41:34.234" endtime="20230303 11:41:34.419"/>
</kw>
<kw name="Sleep" library="BuiltIn">
<arg>4</arg>
<doc>Pauses the test executed for the given time.</doc>
<msg timestamp="20230303 11:41:38.421" level="INFO">Slept 4 seconds</msg>
<status status="PASS" starttime="20230303 11:41:34.419" endtime="20230303 11:41:38.421"/>
</kw>
<kw name="Select Checkbox" library="SeleniumLibrary">
<arg>${Accepter_les_conditions}</arg>
<doc>Selects the checkbox identified by ``locator``.</doc>
<msg timestamp="20230303 11:41:38.422" level="INFO">Selecting checkbox 'id:terms'.</msg>
<status status="PASS" starttime="20230303 11:41:38.421" endtime="20230303 11:41:38.604"/>
</kw>
<kw name="Sleep" library="BuiltIn">
<arg>5</arg>
<doc>Pauses the test executed for the given time.</doc>
<msg timestamp="20230303 11:41:43.606" level="INFO">Slept 5 seconds</msg>
<status status="PASS" starttime="20230303 11:41:38.604" endtime="20230303 11:41:43.606"/>
</kw>
<kw name="Click Element" library="SeleniumLibrary">
<arg>${Commander}</arg>
<doc>Click the element identified by ``locator``.</doc>
<msg timestamp="20230303 11:41:43.607" level="INFO">Clicking element 'xpath://button[@id='place_order']'.</msg>
<status status="PASS" starttime="20230303 11:41:43.606" endtime="20230303 11:41:43.789"/>
</kw>
<kw name="Sleep" library="BuiltIn">
<arg>7</arg>
<doc>Pauses the test executed for the given time.</doc>
<msg timestamp="20230303 11:41:50.792" level="INFO">Slept 7 seconds</msg>
<status status="PASS" starttime="20230303 11:41:43.789" endtime="20230303 11:41:50.792"/>
</kw>
<kw name="Wait Until Element Is Visible" library="SeleniumLibrary">
<arg>${commande_reçue}</arg>
<doc>Waits until the element ``locator`` is visible.</doc>
<status status="PASS" starttime="20230303 11:41:50.792" endtime="20230303 11:41:51.369"/>
</kw>
<kw name="Sleep" library="BuiltIn">
<arg>5</arg>
<doc>Pauses the test executed for the given time.</doc>
<msg timestamp="20230303 11:41:56.370" level="INFO">Slept 5 seconds</msg>
<status status="PASS" starttime="20230303 11:41:51.369" endtime="20230303 11:41:56.370"/>
</kw>
<status status="PASS" starttime="20230303 11:41:18.853" endtime="20230303 11:41:56.370"/>
</kw>
<status status="PASS" starttime="20230303 11:39:51.544" endtime="20230303 11:41:56.370"/>
</test>
<doc>Cables et fils electrique-Fils de cable_Partie de Commande</doc>
<status status="PASS" starttime="20230303 11:39:51.068" endtime="20230303 11:41:56.370"/>
</suite>
<status status="PASS" starttime="20230303 11:39:51.052" endtime="20230303 11:41:56.372"/>
</suite>
<status status="PASS" starttime="20230303 11:39:51.009" endtime="20230303 11:41:56.372"/>
</suite>
<statistics>
<total>
<stat pass="1" fail="0" skip="0">All Tests</stat>
</total>
<tag>
</tag>
<suite>
<stat pass="1" fail="0" skip="0" id="s1" name="pythonProject13">pythonProject13</stat>
<stat pass="1" fail="0" skip="0" id="s1-s1" name="projet1- FILS DE CABLE - Commande">pythonProject13.projet1- FILS DE CABLE - Commande</stat>
<stat pass="1" fail="0" skip="0" id="s1-s1-s1" name="Test1">pythonProject13.projet1- FILS DE CABLE - Commande.Test1</stat>
</suite>
</statistics>
<errors>
</errors>
</robot>
