==============================================================================
pythonProject13                                                               
==============================================================================
pythonProject13.projet1- FILS DE CABLE - Details de commande                  
==============================================================================
pythonProject13.projet1- FILS DE CABLE - Details de commande.test4-Acc :: D...
==============================================================================
Details de commande_commande Non-valide                                 
  Traceback (most recent call last):
    ~~~~~~~~~~~~~~~~~~~~~~~~~~~~~~~~~~~~~~~~~~~~~~~~~~~~~~~~~~~~~~~~~~~~~~~~~~
    File  C:\Users\Ilham BOURHAIM\PycharmProjects\pythonProject13\projet1- FILS DE CABLE - Details de commande\test4-Acc.robot:10
    T:  Details de commande_commande Non-valide    
    ~~~~~~~~~~~~~~~~~~~~~~~~~~~~~~~~~~~~~~~~~~~~~~~~~~~~~~~~~~~~~~~~~~~~~~~~~~
    File  C:\Users\Ilham BOURHAIM\PycharmProjects\pythonProject13\projet1- FILS DE CABLE - Details de commande\test4-Acc.robot:13
      clicker sur un produit et passer la commande    ${clicker_Produit}    ${Ajout_Panier}    ${Commanderr}
      |  ${clicker_Produit} = xpath://a[contains(text(),'cable souple 16mm')] (str)
      |  ${Ajout_Panier} = xpath://button[contains(text(),'Ajouter au panier')] (str)
      |  ${Commanderr} = xpath://header/div[1]/div[1]/div[1]/div[4]/ul[1]/li[3]/ul[1]/li[1]/div[1]/p[2]/a[2] (str)
    ~~~~~~~~~~~~~~~~~~~~~~~~~~~~~~~~~~~~~~~~~~~~~~~~~~~~~~~~~~~~~~~~~~~~~~~~~~
    File  C:\Users\Ilham BOURHAIM\PycharmProjects\pythonProject13\PO\Choose4.robot:14
      Click Element    ${Commanderr}
      |  ${Commanderr} = xpath://header/div[1]/div[1]/div[1]/div[4]/ul[1]/li[3]/ul[1]/li[1]/div[1]/p[2]/a[2] (str)
______________________________________________________________________________
| FAIL |
StaleElementReferenceException: Message: stale element reference: element is not attached to the page document
  (Session info: chrome=110.0.5481.177)
Stacktrace:
Backtrace:
	(No symbol) [0x012037D3]
	(No symbol) [0x01198B81]
	(No symbol) [0x0109B36D]
	(No symbol) [0x0109E0FB]
	(No symbol) [0x0109DFD0]
	(No symbol) [0x0109E250]
	(No symbol) [0x010CF0C9]
	(No symbol) [0x010C30ED]
	(No symbol) [0x010EB41C]
	(No symbol) [0x010C2B96]
	(No symbol) [0x010EB774]
	(No symbol) [0x01101215]
	(No symbol) [0x010EB216]
	(No symbol) [0x010C0D97]
	(No symbol) [0x010C253D]
	GetHandleVerifier [0x0147ABF2+2510930]
	GetHandleVerifier [0x014A8EC1+2700065]
	GetHandleVerifier [0x014AC86C+2714828]
	GetHandleVerifier [0x012B3480+645344]
	(No symbol) [0x011A0FD2]
	(No symbol) [0x011A6C68]
	(No symbol) [0x011A6D4B]
	(No symbol) [0x011B0D6B]
	BaseThreadInitThunk [0x75FF00F9+25]
	RtlGetAppContainerNamedObjectPath [0x76F77BBE+286]
	RtlGetAppContainerNamedObjectPath [0x76F77B8E+238]
------------------------------------------------------------------------------
pythonProject13.projet1- FILS DE CABLE - Details de commande.test4... | FAIL |
1 test, 0 passed, 1 failed
==============================================================================
pythonProject13.projet1- FILS DE CABLE - Details de commande          | FAIL |
1 test, 0 passed, 1 failed
==============================================================================
pythonProject13                                                       | FAIL |
1 test, 0 passed, 1 failed
==============================================================================
Output:  C:\Users\Ilham BOURHAIM\PycharmProjects\pythonProject13\pabot_results\22\output.xml
