<?xml version="1.0" encoding="UTF-8"?>
<robot generator="Robot 6.0.1 (Python 3.11.1 on win32)" generated="20230303 11:36:51.439" rpa="false" schemaversion="3">
<suite id="s1" name="projet1- FILS DE CABLE - Quantité" source="C:\Users\Ilham BOURHAIM\PycharmProjects\pythonProject13\projet1- FILS DE CABLE - Quantité">
<suite id="s1-s1" name="test5-4-Quantité" source="C:\Users\Ilham BOURHAIM\PycharmProjects\pythonProject13\projet1- FILS DE CABLE - Quantité\test5-4-Quantité.robot">
<test id="s1-s1-t1" name="Cables et fils electrique-Fils de cable" line="10">
<kw name="open the browser with URL" library="resources">
<kw name="Create Webdriver" library="SeleniumLibrary">
<arg>Chrome</arg>
<doc>Creates an instance of Selenium WebDriver.</doc>
<msg timestamp="20230303 11:36:52.260" level="INFO">Creating an instance of the Chrome WebDriver.</msg>
<status status="PASS" starttime="20230303 11:36:52.259" endtime="20230303 11:36:55.279"/>
</kw>
<kw name="Go To" library="SeleniumLibrary">
<arg>${URL}</arg>
<doc>Navigates the current browser window to the provided ``url``.</doc>
<msg timestamp="20230303 11:36:55.280" level="INFO">Opening url 'http://192.168.31.31/'</msg>
<status status="PASS" starttime="20230303 11:36:55.279" endtime="20230303 11:37:06.124"/>
</kw>
<kw name="Maximize Browser Window" library="SeleniumLibrary">
<doc>Maximizes current browser window.</doc>
<status status="PASS" starttime="20230303 11:37:06.124" endtime="20230303 11:37:07.518"/>
</kw>
<kw name="Sleep" library="BuiltIn">
<arg>6</arg>
<doc>Pauses the test executed for the given time.</doc>
<msg timestamp="20230303 11:37:13.520" level="INFO">Slept 6 seconds</msg>
<status status="PASS" starttime="20230303 11:37:07.518" endtime="20230303 11:37:13.520"/>
</kw>
<status status="PASS" starttime="20230303 11:36:52.258" endtime="20230303 11:37:13.520"/>
</kw>
<kw name="click an Cables et fils electrique-Fils de cable" library="clickAn">
<arg>${Categories}</arg>
<arg>${Câbles_fils}</arg>
<arg>${FILS_CABLE}</arg>
<kw name="Click Element" library="SeleniumLibrary">
<arg>${Categories}</arg>
<doc>Click the element identified by ``locator``.</doc>
<msg timestamp="20230303 11:37:13.523" level="INFO">Clicking element 'xpath://span[contains(text(),'Categories')]'.</msg>
<status status="PASS" starttime="20230303 11:37:13.522" endtime="20230303 11:37:13.754"/>
</kw>
<kw name="Sleep" library="BuiltIn">
<arg>5</arg>
<doc>Pauses the test executed for the given time.</doc>
<msg timestamp="20230303 11:37:18.756" level="INFO">Slept 5 seconds</msg>
<status status="PASS" starttime="20230303 11:37:13.754" endtime="20230303 11:37:18.756"/>
</kw>
<kw name="Click Element" library="SeleniumLibrary">
<arg>${Câbles_fils}</arg>
<doc>Click the element identified by ``locator``.</doc>
<msg timestamp="20230303 11:37:18.758" level="INFO">Clicking element 'xpath://header/div[1]/div[2]/div[1]/div[1]/ul[1]/li[2]/div[2]/div[1]/ul[1]/li[2]/a[1]'.</msg>
<status status="PASS" starttime="20230303 11:37:18.756" endtime="20230303 11:37:28.020"/>
</kw>
<kw name="Sleep" library="BuiltIn">
<arg>5</arg>
<doc>Pauses the test executed for the given time.</doc>
<msg timestamp="20230303 11:37:33.022" level="INFO">Slept 5 seconds</msg>
<status status="PASS" starttime="20230303 11:37:28.021" endtime="20230303 11:37:33.022"/>
</kw>
<kw name="Click Element" library="SeleniumLibrary">
<arg>${FILS_CABLE}</arg>
<doc>Click the element identified by ``locator``.</doc>
<msg timestamp="20230303 11:37:33.024" level="INFO">Clicking element 'css:body.page-template-default.page.page-id-837.theme-flatsome.woocommerce-js.yith-wcan-pro.lightbox.nav-dropdown-has-shadow.nav-dropdown-has-border.page-template-blank.page-template-blank-php:nth-child(2) div.content-area section.section:nth-child(3) div.section-content.relative:nth-child(2) div.row div.col.medium-4.small-12.large-4:nth-child(3) div.col-inner.box-shadow-3:nth-child(1) div.row.row-collapse div.col.medium-8.large-8:nth-child(2) div.col-inner h3:nth-child(2) &gt; a:nth-child(1)'.</msg>
<status status="PASS" starttime="20230303 11:37:33.022" endtime="20230303 11:37:39.184"/>
</kw>
<kw name="Sleep" library="BuiltIn">
<arg>5</arg>
<doc>Pauses the test executed for the given time.</doc>
<msg timestamp="20230303 11:37:44.186" level="INFO">Slept 5 seconds</msg>
<status status="PASS" starttime="20230303 11:37:39.184" endtime="20230303 11:37:44.186"/>
</kw>
<status status="PASS" starttime="20230303 11:37:13.520" endtime="20230303 11:37:44.186"/>
</kw>
<kw name="clicker sur un produit et voir le panier" library="Choose5-4_Quantite">
<arg>${clicker_Produit}</arg>
<arg>${Ajout_Panier}</arg>
<arg>${Voirr_Panier}</arg>
<kw name="Sleep" library="BuiltIn">
<arg>7</arg>
<doc>Pauses the test executed for the given time.</doc>
<msg timestamp="20230303 11:37:51.193" level="INFO">Slept 7 seconds</msg>
<status status="PASS" starttime="20230303 11:37:44.188" endtime="20230303 11:37:51.193"/>
</kw>
<kw name="Click Element" library="SeleniumLibrary">
<arg>${clicker_Produit}</arg>
<doc>Click the element identified by ``locator``.</doc>
<msg timestamp="20230303 11:37:51.198" level="INFO">Clicking element 'xpath://a[contains(text(),'cable souple 16mm')]'.</msg>
<status status="PASS" starttime="20230303 11:37:51.193" endtime="20230303 11:37:54.042"/>
</kw>
<kw name="Sleep" library="BuiltIn">
<arg>5</arg>
<doc>Pauses the test executed for the given time.</doc>
<msg timestamp="20230303 11:37:59.043" level="INFO">Slept 5 seconds</msg>
<status status="PASS" starttime="20230303 11:37:54.042" endtime="20230303 11:37:59.043"/>
</kw>
<kw name="Click Element" library="SeleniumLibrary">
<arg>${Ajout_Panier}</arg>
<doc>Click the element identified by ``locator``.</doc>
<msg timestamp="20230303 11:37:59.043" level="INFO">Clicking element 'xpath://button[contains(text(),'Ajouter au panier')]'.</msg>
<status status="PASS" starttime="20230303 11:37:59.043" endtime="20230303 11:38:00.560"/>
</kw>
<kw name="Sleep" library="BuiltIn">
<arg>3</arg>
<doc>Pauses the test executed for the given time.</doc>
<msg timestamp="20230303 11:38:03.565" level="INFO">Slept 3 seconds</msg>
<status status="PASS" starttime="20230303 11:38:00.564" endtime="20230303 11:38:03.565"/>
</kw>
<kw name="Click Element" library="SeleniumLibrary">
<arg>${Voirr_Panier}</arg>
<doc>Click the element identified by ``locator``.</doc>
<msg timestamp="20230303 11:38:03.569" level="INFO">Clicking element 'xpath://header/div[1]/div[1]/div[1]/div[4]/ul[1]/li[3]/ul[1]/li[1]/div[1]/p[2]/a[1]'.</msg>
<status status="PASS" starttime="20230303 11:38:03.566" endtime="20230303 11:38:05.259"/>
</kw>
<kw name="Sleep" library="BuiltIn">
<arg>5</arg>
<doc>Pauses the test executed for the given time.</doc>
<msg timestamp="20230303 11:38:10.259" level="INFO">Slept 5 seconds</msg>
<status status="PASS" starttime="20230303 11:38:05.259" endtime="20230303 11:38:10.260"/>
</kw>
<status status="PASS" starttime="20230303 11:37:44.187" endtime="20230303 11:38:10.261"/>
</kw>
<kw name="Eliminer le produit (0 Produits)" library="Choose5-4_Quantite">
<arg>${Soustracter_nbr_produit}</arg>
<arg>${Mettre_à_jour_panier}</arg>
<arg>${Retour_à_la_boutique}</arg>
<kw name="Click Element" library="SeleniumLibrary">
<arg>${Soustracter_nbr_produit}</arg>
<doc>Click the element identified by ``locator``.</doc>
<msg timestamp="20230303 11:38:10.268" level="INFO">Clicking element 'xpath://tbody/tr[1]/td[5]/div[1]/input[1]'.</msg>
<status status="PASS" starttime="20230303 11:38:10.265" endtime="20230303 11:38:10.354"/>
</kw>
<kw name="Sleep" library="BuiltIn">
<arg>3</arg>
<doc>Pauses the test executed for the given time.</doc>
<msg timestamp="20230303 11:38:13.356" level="INFO">Slept 3 seconds</msg>
<status status="PASS" starttime="20230303 11:38:10.355" endtime="20230303 11:38:13.356"/>
</kw>
<kw name="Click Element" library="SeleniumLibrary">
<arg>${Mettre_à_jour_panier}</arg>
<doc>Click the element identified by ``locator``.</doc>
<msg timestamp="20230303 11:38:13.356" level="INFO">Clicking element 'xpath: // button[contains(text(), 'Mettre à jour le panier')]'.</msg>
<status status="PASS" starttime="20230303 11:38:13.356" endtime="20230303 11:38:13.459"/>
</kw>
<kw name="Sleep" library="BuiltIn">
<arg>7</arg>
<doc>Pauses the test executed for the given time.</doc>
<msg timestamp="20230303 11:38:20.460" level="INFO">Slept 7 seconds</msg>
<status status="PASS" starttime="20230303 11:38:13.460" endtime="20230303 11:38:20.460"/>
</kw>
<kw name="Click Element" library="SeleniumLibrary">
<arg>${Retour_à_la_boutique}</arg>
<doc>Click the element identified by ``locator``.</doc>
<msg timestamp="20230303 11:38:20.460" level="INFO">Clicking element 'xpath://a[contains(text(),'Retour à la boutique')]'.</msg>
<status status="PASS" starttime="20230303 11:38:20.460" endtime="20230303 11:38:22.451"/>
</kw>
<kw name="Sleep" library="BuiltIn">
<arg>5</arg>
<doc>Pauses the test executed for the given time.</doc>
<msg timestamp="20230303 11:38:27.451" level="INFO">Slept 5 seconds</msg>
<status status="PASS" starttime="20230303 11:38:22.451" endtime="20230303 11:38:27.451"/>
</kw>
<kw name="Wait Until Element Is Visible" library="SeleniumLibrary">
<arg>${Categories}</arg>
<doc>Waits until the element ``locator`` is visible.</doc>
<status status="PASS" starttime="20230303 11:38:27.451" endtime="20230303 11:38:27.500"/>
</kw>
<kw name="Sleep" library="BuiltIn">
<arg>3</arg>
<doc>Pauses the test executed for the given time.</doc>
<msg timestamp="20230303 11:38:30.501" level="INFO">Slept 3 seconds</msg>
<status status="PASS" starttime="20230303 11:38:27.500" endtime="20230303 11:38:30.501"/>
</kw>
<kw name="Click Element" library="SeleniumLibrary">
<arg>${Accessoires_de_cablages}</arg>
<doc>Click the element identified by ``locator``.</doc>
<msg timestamp="20230303 11:38:30.501" level="INFO">Clicking element 'xpath://span[contains(text(),'Accessoires de cablages')]'.</msg>
<status status="PASS" starttime="20230303 11:38:30.501" endtime="20230303 11:38:32.342"/>
</kw>
<kw name="Sleep" library="BuiltIn">
<arg>4</arg>
<doc>Pauses the test executed for the given time.</doc>
<msg timestamp="20230303 11:38:36.344" level="INFO">Slept 4 seconds</msg>
<status status="PASS" starttime="20230303 11:38:32.342" endtime="20230303 11:38:36.344"/>
</kw>
<kw name="Click Element" library="SeleniumLibrary">
<arg>${Ruban}</arg>
<doc>Click the element identified by ``locator``.</doc>
<msg timestamp="20230303 11:38:36.347" level="INFO">Clicking element 'xpath://h5[contains(text(),'Ruban')]'.</msg>
<status status="PASS" starttime="20230303 11:38:36.344" endtime="20230303 11:38:38.045"/>
</kw>
<kw name="Sleep" library="BuiltIn">
<arg>4</arg>
<doc>Pauses the test executed for the given time.</doc>
<msg timestamp="20230303 11:38:42.047" level="INFO">Slept 4 seconds</msg>
<status status="PASS" starttime="20230303 11:38:38.045" endtime="20230303 11:38:42.047"/>
</kw>
<kw name="Wait Until Element Is Visible" library="SeleniumLibrary">
<arg>${PRODUITS_8_Fils_de_cable}</arg>
<doc>Waits until the element ``locator`` is visible.</doc>
<status status="PASS" starttime="20230303 11:38:42.047" endtime="20230303 11:38:42.093"/>
</kw>
<status status="PASS" starttime="20230303 11:38:10.262" endtime="20230303 11:38:42.093"/>
</kw>
<status status="PASS" starttime="20230303 11:36:52.256" endtime="20230303 11:38:42.094"/>
</test>
<doc>Cables et fils electrique-Fils de cable_Partie de Commande</doc>
<status status="PASS" starttime="20230303 11:36:51.521" endtime="20230303 11:38:42.094"/>
</suite>
<status status="PASS" starttime="20230303 11:36:51.466" endtime="20230303 11:38:42.094"/>
</suite>
<statistics>
<total>
<stat pass="1" fail="0" skip="0">All Tests</stat>
</total>
<tag>
</tag>
<suite>
<stat pass="1" fail="0" skip="0" id="s1" name="projet1- FILS DE CABLE - Quantité">projet1- FILS DE CABLE - Quantité</stat>
<stat pass="1" fail="0" skip="0" id="s1-s1" name="test5-4-Quantité">projet1- FILS DE CABLE - Quantité.test5-4-Quantité</stat>
</suite>
</statistics>
<errors>
</errors>
</robot>
