<?xml version="1.0" encoding="UTF-8"?>
<robot generator="Robot 6.0.1 (Python 3.11.1 on win32)" generated="20230303 11:43:21.559" rpa="false" schemaversion="3">
<suite id="s1" name="pythonProject13" source="C:\Users\Ilham BOURHAIM\PycharmProjects\pythonProject13">
<suite id="s1-s1" name="projet1- FILS DE CABLE - Commande" source="C:\Users\Ilham BOURHAIM\PycharmProjects\pythonProject13\projet1- FILS DE CABLE - Commande">
<suite id="s1-s1-s1" name="test4-Acc" source="C:\Users\Ilham BOURHAIM\PycharmProjects\pythonProject13\projet1- FILS DE CABLE - Commande\test4-Acc.robot">
<test id="s1-s1-s1-t1" name="Cables et fils electrique-Fils de cable" line="10">
<kw name="open the browser with URL" library="resources">
<kw name="Create Webdriver" library="SeleniumLibrary">
<arg>Chrome</arg>
<doc>Creates an instance of Selenium WebDriver.</doc>
<msg timestamp="20230303 11:43:22.377" level="INFO">Creating an instance of the Chrome WebDriver.</msg>
<status status="PASS" starttime="20230303 11:43:22.376" endtime="20230303 11:43:25.510"/>
</kw>
<kw name="Go To" library="SeleniumLibrary">
<arg>${URL}</arg>
<doc>Navigates the current browser window to the provided ``url``.</doc>
<msg timestamp="20230303 11:43:25.511" level="INFO">Opening url 'http://192.168.31.31/'</msg>
<status status="PASS" starttime="20230303 11:43:25.510" endtime="20230303 11:43:34.855"/>
</kw>
<kw name="Maximize Browser Window" library="SeleniumLibrary">
<doc>Maximizes current browser window.</doc>
<status status="PASS" starttime="20230303 11:43:34.856" endtime="20230303 11:43:35.314"/>
</kw>
<kw name="Sleep" library="BuiltIn">
<arg>6</arg>
<doc>Pauses the test executed for the given time.</doc>
<msg timestamp="20230303 11:43:41.323" level="INFO">Slept 6 seconds</msg>
<status status="PASS" starttime="20230303 11:43:35.315" endtime="20230303 11:43:41.323"/>
</kw>
<status status="PASS" starttime="20230303 11:43:22.375" endtime="20230303 11:43:41.324"/>
</kw>
<kw name="click an Cables et fils electrique-Fils de cable" library="clickAn_Acc">
<arg>${Câbles_fils1}</arg>
<arg>${FILS_CABLE}</arg>
<kw name="Click Element" library="SeleniumLibrary">
<arg>${Câbles_fils1}</arg>
<doc>Click the element identified by ``locator``.</doc>
<msg timestamp="20230303 11:43:41.327" level="INFO">Clicking element 'css:body.home.page-template-default.page.page-id-1039.theme-flatsome.woocommerce-js.yith-wcan-pro.lightbox.nav-dropdown-has-shadow.nav-dropdown-has-border.page-template-blank.page-template-blank-php:nth-child(2) div.content-area div.row:nth-child(3) div.col.small-12.large-12 div.col-inner div.row.row-small.row-full-width div.col.medium-12.small-12.large-6:nth-child(1) div.col-inner div.row.row-small div.col.medium-6.small-12.large-6:nth-child(1) div.col-inner div.box.has-hover.has-hover.box-overlay.dark.box-text-middle:nth-child(3) div.box-text.text-center div.box-text-inner a.button.primary &gt; span:nth-child(1)'.</msg>
<status status="PASS" starttime="20230303 11:43:41.326" endtime="20230303 11:43:48.463"/>
</kw>
<kw name="Sleep" library="BuiltIn">
<arg>5</arg>
<doc>Pauses the test executed for the given time.</doc>
<msg timestamp="20230303 11:43:53.465" level="INFO">Slept 5 seconds</msg>
<status status="PASS" starttime="20230303 11:43:48.463" endtime="20230303 11:43:53.467"/>
</kw>
<kw name="Click Element" library="SeleniumLibrary">
<arg>${FILS_CABLE}</arg>
<doc>Click the element identified by ``locator``.</doc>
<msg timestamp="20230303 11:43:53.470" level="INFO">Clicking element 'css:body.page-template-default.page.page-id-837.theme-flatsome.woocommerce-js.yith-wcan-pro.lightbox.nav-dropdown-has-shadow.nav-dropdown-has-border.page-template-blank.page-template-blank-php:nth-child(2) div.content-area section.section:nth-child(3) div.section-content.relative:nth-child(2) div.row div.col.medium-4.small-12.large-4:nth-child(3) div.col-inner.box-shadow-3:nth-child(1) div.row.row-collapse div.col.medium-8.large-8:nth-child(2) div.col-inner h3:nth-child(2) &gt; a:nth-child(1)'.</msg>
<status status="PASS" starttime="20230303 11:43:53.467" endtime="20230303 11:44:03.888"/>
</kw>
<kw name="Sleep" library="BuiltIn">
<arg>4</arg>
<doc>Pauses the test executed for the given time.</doc>
<msg timestamp="20230303 11:44:07.891" level="INFO">Slept 4 seconds</msg>
<status status="PASS" starttime="20230303 11:44:03.888" endtime="20230303 11:44:07.891"/>
</kw>
<status status="PASS" starttime="20230303 11:43:41.325" endtime="20230303 11:44:07.892"/>
</kw>
<kw name="clicker sur un produit et passer la commande" library="choose4">
<arg>${clicker_Produit}</arg>
<arg>${Ajout_Panier}</arg>
<arg>${Commanderr}</arg>
<kw name="Sleep" library="BuiltIn">
<arg>6</arg>
<doc>Pauses the test executed for the given time.</doc>
<msg timestamp="20230303 11:44:13.896" level="INFO">Slept 6 seconds</msg>
<status status="PASS" starttime="20230303 11:44:07.894" endtime="20230303 11:44:13.897"/>
</kw>
<kw name="Click Element" library="SeleniumLibrary">
<arg>${clicker_Produit}</arg>
<doc>Click the element identified by ``locator``.</doc>
<msg timestamp="20230303 11:44:13.906" level="INFO">Clicking element 'xpath://a[contains(text(),'cable souple 16mm')]'.</msg>
<status status="PASS" starttime="20230303 11:44:13.899" endtime="20230303 11:44:22.153"/>
</kw>
<kw name="Sleep" library="BuiltIn">
<arg>5</arg>
<doc>Pauses the test executed for the given time.</doc>
<msg timestamp="20230303 11:44:27.154" level="INFO">Slept 5 seconds</msg>
<status status="PASS" starttime="20230303 11:44:22.153" endtime="20230303 11:44:27.154"/>
</kw>
<kw name="Click Element" library="SeleniumLibrary">
<arg>${Ajout_Panier}</arg>
<doc>Click the element identified by ``locator``.</doc>
<msg timestamp="20230303 11:44:27.157" level="INFO">Clicking element 'xpath://button[contains(text(),'Ajouter au panier')]'.</msg>
<status status="PASS" starttime="20230303 11:44:27.156" endtime="20230303 11:44:34.808"/>
</kw>
<kw name="Sleep" library="BuiltIn">
<arg>3</arg>
<doc>Pauses the test executed for the given time.</doc>
<msg timestamp="20230303 11:44:37.813" level="INFO">Slept 3 seconds</msg>
<status status="PASS" starttime="20230303 11:44:34.809" endtime="20230303 11:44:37.813"/>
</kw>
<kw name="Click Element" library="SeleniumLibrary">
<arg>${Commanderr}</arg>
<doc>Click the element identified by ``locator``.</doc>
<msg timestamp="20230303 11:44:37.813" level="INFO">Clicking element 'xpath://header/div[1]/div[1]/div[1]/div[4]/ul[1]/li[3]/ul[1]/li[1]/div[1]/p[2]/a[2]'.</msg>
<status status="PASS" starttime="20230303 11:44:37.813" endtime="20230303 11:44:49.115"/>
</kw>
<kw name="Sleep" library="BuiltIn">
<arg>5</arg>
<doc>Pauses the test executed for the given time.</doc>
<msg timestamp="20230303 11:44:54.116" level="INFO">Slept 5 seconds</msg>
<status status="PASS" starttime="20230303 11:44:49.116" endtime="20230303 11:44:54.116"/>
</kw>
<status status="PASS" starttime="20230303 11:44:07.893" endtime="20230303 11:44:54.116"/>
</kw>
<kw name="valider la commande" library="CommandePage">
<arg>${Prénom}</arg>
<arg>${Nom}</arg>
<arg>${Nom_d_entreprise}</arg>
<arg>${Numéro_nom_de_rue}</arg>
<arg>${Ville}</arg>
<arg>${Région_Département}</arg>
<arg>${Code_postal}</arg>
<arg>${Téléphone}</arg>
<arg>${E_mail}</arg>
<kw name="Maximize Browser Window" library="SeleniumLibrary">
<doc>Maximizes current browser window.</doc>
<status status="PASS" starttime="20230303 11:44:54.117" endtime="20230303 11:44:54.120"/>
</kw>
<kw name="Input Text" library="SeleniumLibrary">
<arg>${Prénom1}</arg>
<arg>${Prénom}</arg>
<doc>Types the given ``text`` into the text field identified by ``locator``.</doc>
<msg timestamp="20230303 11:44:54.122" level="INFO">Typing text 'Ilham' into text field ' xpath://input[@id='billing_first_name']'.</msg>
<status status="PASS" starttime="20230303 11:44:54.121" endtime="20230303 11:44:54.256"/>
</kw>
<kw name="Input Text" library="SeleniumLibrary">
<arg>${Nom1}</arg>
<arg>${Nom}</arg>
<doc>Types the given ``text`` into the text field identified by ``locator``.</doc>
<msg timestamp="20230303 11:44:54.257" level="INFO">Typing text 'Brh' into text field 'xpath://input[@id='billing_last_name']'.</msg>
<status status="PASS" starttime="20230303 11:44:54.256" endtime="20230303 11:44:54.438"/>
</kw>
<kw name="Sleep" library="BuiltIn">
<arg>5</arg>
<doc>Pauses the test executed for the given time.</doc>
<msg timestamp="20230303 11:44:59.440" level="INFO">Slept 5 seconds</msg>
<status status="PASS" starttime="20230303 11:44:54.439" endtime="20230303 11:44:59.440"/>
</kw>
<kw name="Input Text" library="SeleniumLibrary">
<arg>${Nom_d_entreprise1}</arg>
<arg>${Nom_d_entreprise}</arg>
<doc>Types the given ``text`` into the text field identified by ``locator``.</doc>
<msg timestamp="20230303 11:44:59.443" level="INFO">Typing text 'AB' into text field 'xpath://input[@id='billing_company']'.</msg>
<status status="PASS" starttime="20230303 11:44:59.440" endtime="20230303 11:44:59.623"/>
</kw>
<kw name="Sleep" library="BuiltIn">
<arg>5</arg>
<doc>Pauses the test executed for the given time.</doc>
<msg timestamp="20230303 11:45:04.626" level="INFO">Slept 5 seconds</msg>
<status status="PASS" starttime="20230303 11:44:59.624" endtime="20230303 11:45:04.626"/>
</kw>
<kw name="Input Text" library="SeleniumLibrary">
<arg>${Numéro_nom_de_rue1}</arg>
<arg>${Numéro_nom_de_rue}</arg>
<doc>Types the given ``text`` into the text field identified by ``locator``.</doc>
<msg timestamp="20230303 11:45:04.631" level="INFO">Typing text 'Hay Nahda' into text field 'xpath://input[@id='billing_address_1']'.</msg>
<status status="PASS" starttime="20230303 11:45:04.627" endtime="20230303 11:45:05.144"/>
</kw>
<kw name="Input Text" library="SeleniumLibrary">
<arg>${Ville1}</arg>
<arg>${Ville}</arg>
<doc>Types the given ``text`` into the text field identified by ``locator``.</doc>
<msg timestamp="20230303 11:45:05.146" level="INFO">Typing text 'Rabat' into text field 'xpath://input[@id='billing_city']'.</msg>
<status status="PASS" starttime="20230303 11:45:05.145" endtime="20230303 11:45:05.355"/>
</kw>
<kw name="Input Text" library="SeleniumLibrary">
<arg>${Région_Département1}</arg>
<arg>${Région_Département}</arg>
<doc>Types the given ``text`` into the text field identified by ``locator``.</doc>
<msg timestamp="20230303 11:45:05.357" level="INFO">Typing text 'Rabat-Salé-Kénitra' into text field 'xpath://input[@id='billing_state']'.</msg>
<status status="PASS" starttime="20230303 11:45:05.355" endtime="20230303 11:45:05.626"/>
</kw>
<kw name="Input Text" library="SeleniumLibrary">
<arg>${Code_postal1}</arg>
<arg>${Code_postal}</arg>
<doc>Types the given ``text`` into the text field identified by ``locator``.</doc>
<msg timestamp="20230303 11:45:05.628" level="INFO">Typing text '20200' into text field 'xpath://input[@id='billing_postcode']'.</msg>
<status status="PASS" starttime="20230303 11:45:05.627" endtime="20230303 11:45:05.826"/>
</kw>
<kw name="Sleep" library="BuiltIn">
<arg>4</arg>
<doc>Pauses the test executed for the given time.</doc>
<msg timestamp="20230303 11:45:09.828" level="INFO">Slept 4 seconds</msg>
<status status="PASS" starttime="20230303 11:45:05.826" endtime="20230303 11:45:09.828"/>
</kw>
<kw name="Input Text" library="SeleniumLibrary">
<arg>${Téléphone1}</arg>
<arg>${Téléphone}</arg>
<doc>Types the given ``text`` into the text field identified by ``locator``.</doc>
<msg timestamp="20230303 11:45:09.830" level="INFO">Typing text '0651780789' into text field 'xpath://input[@id='billing_phone']'.</msg>
<status status="PASS" starttime="20230303 11:45:09.828" endtime="20230303 11:45:10.786"/>
</kw>
<kw name="Input Text" library="SeleniumLibrary">
<arg>${E_mail1}</arg>
<arg>${E_mail}</arg>
<doc>Types the given ``text`` into the text field identified by ``locator``.</doc>
<msg timestamp="20230303 11:45:10.788" level="INFO">Typing text 'IlhamBrh1@gmail.com' into text field 'xpath://input[@id='billing_email']'.</msg>
<status status="PASS" starttime="20230303 11:45:10.787" endtime="20230303 11:45:12.031"/>
</kw>
<kw name="Sleep" library="BuiltIn">
<arg>4</arg>
<doc>Pauses the test executed for the given time.</doc>
<msg timestamp="20230303 11:45:16.032" level="INFO">Slept 4 seconds</msg>
<status status="PASS" starttime="20230303 11:45:12.031" endtime="20230303 11:45:16.032"/>
</kw>
<kw name="Select Checkbox" library="SeleniumLibrary">
<arg>${Accepter_les_conditions}</arg>
<doc>Selects the checkbox identified by ``locator``.</doc>
<msg timestamp="20230303 11:45:16.032" level="INFO">Selecting checkbox 'id:terms'.</msg>
<status status="PASS" starttime="20230303 11:45:16.032" endtime="20230303 11:45:16.225"/>
</kw>
<kw name="Sleep" library="BuiltIn">
<arg>5</arg>
<doc>Pauses the test executed for the given time.</doc>
<msg timestamp="20230303 11:45:21.227" level="INFO">Slept 5 seconds</msg>
<status status="PASS" starttime="20230303 11:45:16.226" endtime="20230303 11:45:21.227"/>
</kw>
<kw name="Click Element" library="SeleniumLibrary">
<arg>${Commander}</arg>
<doc>Click the element identified by ``locator``.</doc>
<msg timestamp="20230303 11:45:21.229" level="INFO">Clicking element 'xpath://button[@id='place_order']'.</msg>
<status status="PASS" starttime="20230303 11:45:21.227" endtime="20230303 11:45:21.567"/>
</kw>
<kw name="Sleep" library="BuiltIn">
<arg>7</arg>
<doc>Pauses the test executed for the given time.</doc>
<msg timestamp="20230303 11:45:28.569" level="INFO">Slept 7 seconds</msg>
<status status="PASS" starttime="20230303 11:45:21.567" endtime="20230303 11:45:28.569"/>
</kw>
<kw name="Wait Until Element Is Visible" library="SeleniumLibrary">
<arg>${commande_reçue}</arg>
<doc>Waits until the element ``locator`` is visible.</doc>
<status status="PASS" starttime="20230303 11:45:28.569" endtime="20230303 11:45:40.820"/>
</kw>
<kw name="Sleep" library="BuiltIn">
<arg>5</arg>
<doc>Pauses the test executed for the given time.</doc>
<msg timestamp="20230303 11:45:45.823" level="INFO">Slept 5 seconds</msg>
<status status="PASS" starttime="20230303 11:45:40.821" endtime="20230303 11:45:45.823"/>
</kw>
<status status="PASS" starttime="20230303 11:44:54.116" endtime="20230303 11:45:45.823"/>
</kw>
<status status="PASS" starttime="20230303 11:43:22.373" endtime="20230303 11:45:45.824"/>
</test>
<doc>Cables et fils electrique-Fils de cable_Partie de Commande</doc>
<status status="PASS" starttime="20230303 11:43:21.696" endtime="20230303 11:45:45.824"/>
</suite>
<status status="PASS" starttime="20230303 11:43:21.683" endtime="20230303 11:45:45.827"/>
</suite>
<status status="PASS" starttime="20230303 11:43:21.598" endtime="20230303 11:45:45.829"/>
</suite>
<statistics>
<total>
<stat pass="1" fail="0" skip="0">All Tests</stat>
</total>
<tag>
</tag>
<suite>
<stat pass="1" fail="0" skip="0" id="s1" name="pythonProject13">pythonProject13</stat>
<stat pass="1" fail="0" skip="0" id="s1-s1" name="projet1- FILS DE CABLE - Commande">pythonProject13.projet1- FILS DE CABLE - Commande</stat>
<stat pass="1" fail="0" skip="0" id="s1-s1-s1" name="test4-Acc">pythonProject13.projet1- FILS DE CABLE - Commande.test4-Acc</stat>
</suite>
</statistics>
<errors>
</errors>
</robot>
