<?xml version="1.0" encoding="UTF-8"?>
<robot generator="Robot 6.0.1 (Python 3.11.1 on win32)" generated="20230303 11:59:51.189" rpa="false" schemaversion="3">
<suite id="s1" name="pythonProject13" source="C:\Users\Ilham BOURHAIM\PycharmProjects\pythonProject13">
<suite id="s1-s1" name="Projet1- FILS DE CABLE - Filtre TestCases" source="C:\Users\Ilham BOURHAIM\PycharmProjects\pythonProject13\Projet1- FILS DE CABLE - Filtre_TestCases">
<suite id="s1-s1-s1" name="test2-1 Acc" source="C:\Users\Ilham BOURHAIM\PycharmProjects\pythonProject13\Projet1- FILS DE CABLE - Filtre_TestCases\test2-1_Acc.robot">
<test id="s1-s1-s1-t1" name="Cables et fils electrique-Fils de cable" line="9">
<kw name="open the browser with URL" library="resources">
<kw name="Create Webdriver" library="SeleniumLibrary">
<arg>Chrome</arg>
<doc>Creates an instance of Selenium WebDriver.</doc>
<msg timestamp="20230303 11:59:52.726" level="INFO">Creating an instance of the Chrome WebDriver.</msg>
<status status="PASS" starttime="20230303 11:59:52.726" endtime="20230303 11:59:54.632"/>
</kw>
<kw name="Go To" library="SeleniumLibrary">
<arg>${URL}</arg>
<doc>Navigates the current browser window to the provided ``url``.</doc>
<msg timestamp="20230303 11:59:54.632" level="INFO">Opening url 'http://192.168.31.31/'</msg>
<status status="PASS" starttime="20230303 11:59:54.632" endtime="20230303 11:59:59.353"/>
</kw>
<kw name="Maximize Browser Window" library="SeleniumLibrary">
<doc>Maximizes current browser window.</doc>
<status status="PASS" starttime="20230303 11:59:59.354" endtime="20230303 11:59:59.556"/>
</kw>
<kw name="Sleep" library="BuiltIn">
<arg>6</arg>
<doc>Pauses the test executed for the given time.</doc>
<msg timestamp="20230303 12:00:05.562" level="INFO">Slept 6 seconds</msg>
<status status="PASS" starttime="20230303 11:59:59.556" endtime="20230303 12:00:05.562"/>
</kw>
<status status="PASS" starttime="20230303 11:59:52.723" endtime="20230303 12:00:05.563"/>
</kw>
<kw name="clicker sur Cables et fils electrique - Fils de cable" library="test2-1_Acc-filtre">
<arg>${Câbles_fils_electrique1}</arg>
<arg>${FILS_DE_CABLE1}</arg>
<kw name="Click Element" library="SeleniumLibrary">
<arg>${Câbles_fils_electrique1}</arg>
<doc>Click the element identified by ``locator``.</doc>
<msg timestamp="20230303 12:00:05.563" level="INFO">Clicking element 'css:body.home.page-template-default.page.page-id-1039.theme-flatsome.woocommerce-js.yith-wcan-pro.lightbox.nav-dropdown-has-shadow.nav-dropdown-has-border.page-template-blank.page-template-blank-php:nth-child(2) div.content-area div.row:nth-child(3) div.col.small-12.large-12 div.col-inner div.row.row-small.row-full-width div.col.medium-12.small-12.large-6:nth-child(1) div.col-inner div.row.row-small div.col.medium-6.small-12.large-6:nth-child(1) div.col-inner div.box.has-hover.has-hover.box-overlay.dark.box-text-middle:nth-child(3) div.box-text.text-center div.box-text-inner a.button.primary &gt; span:nth-child(1)'.</msg>
<status status="PASS" starttime="20230303 12:00:05.563" endtime="20230303 12:00:06.673"/>
</kw>
<kw name="Sleep" library="BuiltIn">
<arg>5</arg>
<doc>Pauses the test executed for the given time.</doc>
<msg timestamp="20230303 12:00:11.673" level="INFO">Slept 5 seconds</msg>
<status status="PASS" starttime="20230303 12:00:06.673" endtime="20230303 12:00:11.673"/>
</kw>
<kw name="Click Element" library="SeleniumLibrary">
<arg>${FILS_DE_CABLE1}</arg>
<doc>Click the element identified by ``locator``.</doc>
<msg timestamp="20230303 12:00:11.675" level="INFO">Clicking element 'css:body.page-template-default.page.page-id-837.theme-flatsome.woocommerce-js.yith-wcan-pro.lightbox.nav-dropdown-has-shadow.nav-dropdown-has-border.page-template-blank.page-template-blank-php:nth-child(2) div.content-area section.section:nth-child(3) div.section-content.relative:nth-child(2) div.row div.col.medium-4.small-12.large-4:nth-child(3) div.col-inner.box-shadow-3:nth-child(1) div.row.row-collapse div.col.medium-8.large-8:nth-child(2) div.col-inner h3:nth-child(2) &gt; a:nth-child(1)'.</msg>
<status status="PASS" starttime="20230303 12:00:11.675" endtime="20230303 12:00:13.261"/>
</kw>
<kw name="Sleep" library="BuiltIn">
<arg>3</arg>
<doc>Pauses the test executed for the given time.</doc>
<msg timestamp="20230303 12:00:16.262" level="INFO">Slept 3 seconds</msg>
<status status="PASS" starttime="20230303 12:00:13.262" endtime="20230303 12:00:16.262"/>
</kw>
<status status="PASS" starttime="20230303 12:00:05.563" endtime="20230303 12:00:16.263"/>
</kw>
<kw name="filtrer les produits by attribute" library="test2-1_Acc-filtre">
<arg>${Fabricant}</arg>
<arg>${Couleur}</arg>
<arg>${Isolation}</arg>
<arg>${Le_type}</arg>
<arg>${Matériau_conducteur}</arg>
<arg>${Mesure_du_fil}</arg>
<arg>${Taille_Dimension}</arg>
<arg>${Température}</arg>
<arg>${Tension}</arg>
<kw name="Select From List By Index" library="SeleniumLibrary">
<arg>${Fabricant1}</arg>
<arg>${Fabricant}</arg>
<doc>Selects options from selection list ``locator`` by ``indexes``.</doc>
<msg timestamp="20230303 12:00:16.266" level="INFO">Selecting options from selection list 'xpath://body/div[@id='wrapper']/main[@id='main']/div[1]/div[1]/div[1]/aside[1]/div[2]/div[1]/div[2]/select[1]' by index 2.</msg>
<status status="PASS" starttime="20230303 12:00:16.266" endtime="20230303 12:00:16.466"/>
</kw>
<kw name="Sleep" library="BuiltIn">
<arg>7</arg>
<doc>Pauses the test executed for the given time.</doc>
<msg timestamp="20230303 12:00:23.471" level="INFO">Slept 7 seconds</msg>
<status status="PASS" starttime="20230303 12:00:16.466" endtime="20230303 12:00:23.471"/>
</kw>
<kw name="Select From List By Index" library="SeleniumLibrary">
<arg>${Couleur1}</arg>
<arg>${Couleur}</arg>
<doc>Selects options from selection list ``locator`` by ``indexes``.</doc>
<msg timestamp="20230303 12:00:23.471" level="INFO">Selecting options from selection list 'xpath://body/div[@id='wrapper']/main[@id='main']/div[1]/div[1]/div[1]/aside[1]/div[2]/div[2]/div[2]/select[1]' by index 2.</msg>
<status status="PASS" starttime="20230303 12:00:23.471" endtime="20230303 12:00:23.645"/>
</kw>
<kw name="Sleep" library="BuiltIn">
<arg>7</arg>
<doc>Pauses the test executed for the given time.</doc>
<msg timestamp="20230303 12:00:30.645" level="INFO">Slept 7 seconds</msg>
<status status="PASS" starttime="20230303 12:00:23.645" endtime="20230303 12:00:30.645"/>
</kw>
<kw name="Select From List By Index" library="SeleniumLibrary">
<arg>${Isolation1}</arg>
<arg>${Isolation}</arg>
<doc>Selects options from selection list ``locator`` by ``indexes``.</doc>
<msg timestamp="20230303 12:00:30.645" level="INFO">Selecting options from selection list 'xpath://body/div[@id='wrapper']/main[@id='main']/div[1]/div[1]/div[1]/aside[1]/div[2]/div[3]/div[2]/select[1]' by index 1.</msg>
<status status="PASS" starttime="20230303 12:00:30.645" endtime="20230303 12:00:30.803"/>
</kw>
<kw name="Sleep" library="BuiltIn">
<arg>7</arg>
<doc>Pauses the test executed for the given time.</doc>
<msg timestamp="20230303 12:00:37.803" level="INFO">Slept 7 seconds</msg>
<status status="PASS" starttime="20230303 12:00:30.803" endtime="20230303 12:00:37.803"/>
</kw>
<kw name="Select From List By Index" library="SeleniumLibrary">
<arg>${Le_type1}</arg>
<arg>${Le_type}</arg>
<doc>Selects options from selection list ``locator`` by ``indexes``.</doc>
<msg timestamp="20230303 12:00:37.803" level="INFO">Selecting options from selection list 'xpath://body/div[@id='wrapper']/main[@id='main']/div[1]/div[1]/div[1]/aside[1]/div[2]/div[4]/div[2]/select[1]' by index 1.</msg>
<status status="PASS" starttime="20230303 12:00:37.803" endtime="20230303 12:00:37.950"/>
</kw>
<kw name="Sleep" library="BuiltIn">
<arg>7</arg>
<doc>Pauses the test executed for the given time.</doc>
<msg timestamp="20230303 12:00:44.952" level="INFO">Slept 7 seconds</msg>
<status status="PASS" starttime="20230303 12:00:37.950" endtime="20230303 12:00:44.952"/>
</kw>
<kw name="Select From List By Index" library="SeleniumLibrary">
<arg>${Matériau_conducteur1}</arg>
<arg>${Matériau_conducteur}</arg>
<doc>Selects options from selection list ``locator`` by ``indexes``.</doc>
<msg timestamp="20230303 12:00:44.953" level="INFO">Selecting options from selection list 'xpath://body/div[@id='wrapper']/main[@id='main']/div[1]/div[1]/div[1]/aside[1]/div[2]/div[5]/div[2]/select[1]' by index 1.</msg>
<status status="PASS" starttime="20230303 12:00:44.952" endtime="20230303 12:00:45.140"/>
</kw>
<kw name="Sleep" library="BuiltIn">
<arg>7</arg>
<doc>Pauses the test executed for the given time.</doc>
<msg timestamp="20230303 12:00:52.141" level="INFO">Slept 7 seconds</msg>
<status status="PASS" starttime="20230303 12:00:45.140" endtime="20230303 12:00:52.141"/>
</kw>
<kw name="Select From List By Index" library="SeleniumLibrary">
<arg>${Mesure_du_fil1}</arg>
<arg>${Mesure_du_fil}</arg>
<doc>Selects options from selection list ``locator`` by ``indexes``.</doc>
<msg timestamp="20230303 12:00:52.141" level="INFO">Selecting options from selection list 'xpath://body/div[@id='wrapper']/main[@id='main']/div[1]/div[1]/div[1]/aside[1]/div[2]/div[6]/div[2]/select[1]' by index 1.</msg>
<status status="PASS" starttime="20230303 12:00:52.141" endtime="20230303 12:00:52.308"/>
</kw>
<kw name="Sleep" library="BuiltIn">
<arg>7</arg>
<doc>Pauses the test executed for the given time.</doc>
<msg timestamp="20230303 12:00:59.310" level="INFO">Slept 7 seconds</msg>
<status status="PASS" starttime="20230303 12:00:52.309" endtime="20230303 12:00:59.310"/>
</kw>
<kw name="Select From List By Index" library="SeleniumLibrary">
<arg>${Taille_Dimension1}</arg>
<arg>${Taille_Dimension}</arg>
<doc>Selects options from selection list ``locator`` by ``indexes``.</doc>
<msg timestamp="20230303 12:00:59.311" level="INFO">Selecting options from selection list 'xpath://body/div[@id='wrapper']/main[@id='main']/div[1]/div[1]/div[1]/aside[1]/div[2]/div[7]/div[2]/select[1]' by index 1.</msg>
<status status="PASS" starttime="20230303 12:00:59.310" endtime="20230303 12:00:59.524"/>
</kw>
<kw name="Sleep" library="BuiltIn">
<arg>7</arg>
<doc>Pauses the test executed for the given time.</doc>
<msg timestamp="20230303 12:01:06.526" level="INFO">Slept 7 seconds</msg>
<status status="PASS" starttime="20230303 12:00:59.525" endtime="20230303 12:01:06.526"/>
</kw>
<kw name="Select From List By Index" library="SeleniumLibrary">
<arg>${Température1}</arg>
<arg>${Température}</arg>
<doc>Selects options from selection list ``locator`` by ``indexes``.</doc>
<msg timestamp="20230303 12:01:06.527" level="INFO">Selecting options from selection list 'xpath://body/div[@id='wrapper']/main[@id='main']/div[1]/div[1]/div[1]/aside[1]/div[2]/div[8]/div[2]/select[1]' by index 1.</msg>
<status status="PASS" starttime="20230303 12:01:06.526" endtime="20230303 12:01:06.647"/>
</kw>
<kw name="Sleep" library="BuiltIn">
<arg>7</arg>
<doc>Pauses the test executed for the given time.</doc>
<msg timestamp="20230303 12:01:13.650" level="INFO">Slept 7 seconds</msg>
<status status="PASS" starttime="20230303 12:01:06.647" endtime="20230303 12:01:13.650"/>
</kw>
<kw name="Select From List By Index" library="SeleniumLibrary">
<arg>${Tension1}</arg>
<arg>${Tension}</arg>
<doc>Selects options from selection list ``locator`` by ``indexes``.</doc>
<msg timestamp="20230303 12:01:13.651" level="INFO">Selecting options from selection list 'xpath://body/div[@id='wrapper']/main[@id='main']/div[1]/div[1]/div[1]/aside[1]/div[2]/div[9]/div[2]/select[1]' by index 1.</msg>
<status status="PASS" starttime="20230303 12:01:13.650" endtime="20230303 12:01:13.838"/>
</kw>
<kw name="Sleep" library="BuiltIn">
<arg>7</arg>
<doc>Pauses the test executed for the given time.</doc>
<msg timestamp="20230303 12:01:20.839" level="INFO">Slept 7 seconds</msg>
<status status="PASS" starttime="20230303 12:01:13.838" endtime="20230303 12:01:20.839"/>
</kw>
<kw name="Click Element" library="SeleniumLibrary">
<arg>${Filtre_Button}</arg>
<doc>Click the element identified by ``locator``.</doc>
<msg timestamp="20230303 12:01:20.841" level="INFO">Clicking element 'xpath://button[contains(text(),'Filtre')]'.</msg>
<status status="PASS" starttime="20230303 12:01:20.839" endtime="20230303 12:01:31.833"/>
</kw>
<kw name="Sleep" library="BuiltIn">
<arg>7</arg>
<doc>Pauses the test executed for the given time.</doc>
<msg timestamp="20230303 12:01:38.835" level="INFO">Slept 7 seconds</msg>
<status status="PASS" starttime="20230303 12:01:31.833" endtime="20230303 12:01:38.835"/>
</kw>
<kw name="Wait Until Element Is Visible" library="SeleniumLibrary">
<arg>${Produit_1_2}</arg>
<doc>Waits until the element ``locator`` is visible.</doc>
<status status="PASS" starttime="20230303 12:01:38.835" endtime="20230303 12:01:38.892"/>
</kw>
<status status="PASS" starttime="20230303 12:00:16.263" endtime="20230303 12:01:38.893"/>
</kw>
<status status="PASS" starttime="20230303 11:59:52.715" endtime="20230303 12:01:38.893"/>
</test>
<doc>Cables et fils electrique-Fils de cable_Partie des filtre</doc>
<status status="PASS" starttime="20230303 11:59:51.427" endtime="20230303 12:01:38.894"/>
</suite>
<status status="PASS" starttime="20230303 11:59:51.427" endtime="20230303 12:01:38.898"/>
</suite>
<status status="PASS" starttime="20230303 11:59:51.275" endtime="20230303 12:01:38.900"/>
</suite>
<statistics>
<total>
<stat pass="1" fail="0" skip="0">All Tests</stat>
</total>
<tag>
</tag>
<suite>
<stat pass="1" fail="0" skip="0" id="s1" name="pythonProject13">pythonProject13</stat>
<stat pass="1" fail="0" skip="0" id="s1-s1" name="Projet1- FILS DE CABLE - Filtre TestCases">pythonProject13.Projet1- FILS DE CABLE - Filtre TestCases</stat>
<stat pass="1" fail="0" skip="0" id="s1-s1-s1" name="test2-1 Acc">pythonProject13.Projet1- FILS DE CABLE - Filtre TestCases.test2-1 Acc</stat>
</suite>
</statistics>
<errors>
</errors>
</robot>
