<?xml version="1.0" encoding="UTF-8"?>
<robot generator="Robot 6.0.1 (Python 3.11.1 on win32)" generated="20230303 11:48:12.498" rpa="false" schemaversion="3">
<suite id="s1" name="pythonProject13" source="C:\Users\Ilham BOURHAIM\PycharmProjects\pythonProject13">
<suite id="s1-s1" name="projet1- FILS DE CABLE - Details de commande" source="C:\Users\Ilham BOURHAIM\PycharmProjects\pythonProject13\projet1- FILS DE CABLE - Details de commande">
<suite id="s1-s1-s1" name="test3-Acc" source="C:\Users\Ilham BOURHAIM\PycharmProjects\pythonProject13\projet1- FILS DE CABLE - Details de commande\test3-Acc.robot">
<test id="s1-s1-s1-t1" name="Details de commande_commande Non-valide" line="11">
<kw name="open the browser with URL" library="resources">
<kw name="Create Webdriver" library="SeleniumLibrary">
<arg>Chrome</arg>
<doc>Creates an instance of Selenium WebDriver.</doc>
<msg timestamp="20230303 11:48:14.026" level="INFO">Creating an instance of the Chrome WebDriver.</msg>
<status status="PASS" starttime="20230303 11:48:14.024" endtime="20230303 11:48:16.023"/>
</kw>
<kw name="Go To" library="SeleniumLibrary">
<arg>${URL}</arg>
<doc>Navigates the current browser window to the provided ``url``.</doc>
<msg timestamp="20230303 11:48:16.025" level="INFO">Opening url 'http://192.168.31.31/'</msg>
<status status="PASS" starttime="20230303 11:48:16.023" endtime="20230303 11:48:20.847"/>
</kw>
<kw name="Maximize Browser Window" library="SeleniumLibrary">
<doc>Maximizes current browser window.</doc>
<status status="PASS" starttime="20230303 11:48:20.847" endtime="20230303 11:48:21.048"/>
</kw>
<kw name="Sleep" library="BuiltIn">
<arg>6</arg>
<doc>Pauses the test executed for the given time.</doc>
<msg timestamp="20230303 11:48:27.051" level="INFO">Slept 6 seconds</msg>
<status status="PASS" starttime="20230303 11:48:21.048" endtime="20230303 11:48:27.051"/>
</kw>
<status status="PASS" starttime="20230303 11:48:14.024" endtime="20230303 11:48:27.051"/>
</kw>
<kw name="click an Cables et fils electrique-Fils de cable" library="clickAn_Acc">
<arg>${Câbles_fils1}</arg>
<arg>${FILS_CABLE}</arg>
<kw name="Click Element" library="SeleniumLibrary">
<arg>${Câbles_fils1}</arg>
<doc>Click the element identified by ``locator``.</doc>
<msg timestamp="20230303 11:48:27.051" level="INFO">Clicking element 'css:body.home.page-template-default.page.page-id-1039.theme-flatsome.woocommerce-js.yith-wcan-pro.lightbox.nav-dropdown-has-shadow.nav-dropdown-has-border.page-template-blank.page-template-blank-php:nth-child(2) div.content-area div.row:nth-child(3) div.col.small-12.large-12 div.col-inner div.row.row-small.row-full-width div.col.medium-12.small-12.large-6:nth-child(1) div.col-inner div.row.row-small div.col.medium-6.small-12.large-6:nth-child(1) div.col-inner div.box.has-hover.has-hover.box-overlay.dark.box-text-middle:nth-child(3) div.box-text.text-center div.box-text-inner a.button.primary &gt; span:nth-child(1)'.</msg>
<status status="PASS" starttime="20230303 11:48:27.051" endtime="20230303 11:48:28.326"/>
</kw>
<kw name="Sleep" library="BuiltIn">
<arg>5</arg>
<doc>Pauses the test executed for the given time.</doc>
<msg timestamp="20230303 11:48:33.328" level="INFO">Slept 5 seconds</msg>
<status status="PASS" starttime="20230303 11:48:28.326" endtime="20230303 11:48:33.328"/>
</kw>
<kw name="Click Element" library="SeleniumLibrary">
<arg>${FILS_CABLE}</arg>
<doc>Click the element identified by ``locator``.</doc>
<msg timestamp="20230303 11:48:33.330" level="INFO">Clicking element 'css:body.page-template-default.page.page-id-837.theme-flatsome.woocommerce-js.yith-wcan-pro.lightbox.nav-dropdown-has-shadow.nav-dropdown-has-border.page-template-blank.page-template-blank-php:nth-child(2) div.content-area section.section:nth-child(3) div.section-content.relative:nth-child(2) div.row div.col.medium-4.small-12.large-4:nth-child(3) div.col-inner.box-shadow-3:nth-child(1) div.row.row-collapse div.col.medium-8.large-8:nth-child(2) div.col-inner h3:nth-child(2) &gt; a:nth-child(1)'.</msg>
<status status="PASS" starttime="20230303 11:48:33.328" endtime="20230303 11:48:39.738"/>
</kw>
<kw name="Sleep" library="BuiltIn">
<arg>4</arg>
<doc>Pauses the test executed for the given time.</doc>
<msg timestamp="20230303 11:48:43.740" level="INFO">Slept 4 seconds</msg>
<status status="PASS" starttime="20230303 11:48:39.739" endtime="20230303 11:48:43.740"/>
</kw>
<status status="PASS" starttime="20230303 11:48:27.051" endtime="20230303 11:48:43.741"/>
</kw>
<kw name="clicker sur un produit et voir le panier" library="Choose3">
<arg>${clicker_Produit}</arg>
<arg>${Ajout_Panier}</arg>
<arg>${Voirr_Panier}</arg>
<arg>${Valider_Commande}</arg>
<kw name="Sleep" library="BuiltIn">
<arg>5</arg>
<doc>Pauses the test executed for the given time.</doc>
<msg timestamp="20230303 11:48:48.745" level="INFO">Slept 5 seconds</msg>
<status status="PASS" starttime="20230303 11:48:43.744" endtime="20230303 11:48:48.745"/>
</kw>
<kw name="Click Element" library="SeleniumLibrary">
<arg>${clicker_Produit}</arg>
<doc>Click the element identified by ``locator``.</doc>
<msg timestamp="20230303 11:48:48.746" level="INFO">Clicking element 'xpath://a[contains(text(),'cable souple 16mm')]'.</msg>
<status status="PASS" starttime="20230303 11:48:48.745" endtime="20230303 11:48:51.395"/>
</kw>
<kw name="Sleep" library="BuiltIn">
<arg>5</arg>
<doc>Pauses the test executed for the given time.</doc>
<msg timestamp="20230303 11:48:56.396" level="INFO">Slept 5 seconds</msg>
<status status="PASS" starttime="20230303 11:48:51.395" endtime="20230303 11:48:56.397"/>
</kw>
<kw name="Click Element" library="SeleniumLibrary">
<arg>${Ajout_Panier}</arg>
<doc>Click the element identified by ``locator``.</doc>
<msg timestamp="20230303 11:48:56.400" level="INFO">Clicking element 'xpath://button[contains(text(),'Ajouter au panier')]'.</msg>
<status status="PASS" starttime="20230303 11:48:56.397" endtime="20230303 11:48:57.790"/>
</kw>
<kw name="Sleep" library="BuiltIn">
<arg>3</arg>
<doc>Pauses the test executed for the given time.</doc>
<msg timestamp="20230303 11:49:00.793" level="INFO">Slept 3 seconds</msg>
<status status="PASS" starttime="20230303 11:48:57.790" endtime="20230303 11:49:00.793"/>
</kw>
<kw name="Click Element" library="SeleniumLibrary">
<arg>${Voirr_Panier}</arg>
<doc>Click the element identified by ``locator``.</doc>
<msg timestamp="20230303 11:49:00.801" level="INFO">Clicking element 'xpath://header/div[1]/div[1]/div[1]/div[4]/ul[1]/li[3]/ul[1]/li[1]/div[1]/p[2]/a[1]'.</msg>
<status status="PASS" starttime="20230303 11:49:00.795" endtime="20230303 11:49:02.460"/>
</kw>
<kw name="Sleep" library="BuiltIn">
<arg>5</arg>
<doc>Pauses the test executed for the given time.</doc>
<msg timestamp="20230303 11:49:07.462" level="INFO">Slept 5 seconds</msg>
<status status="PASS" starttime="20230303 11:49:02.460" endtime="20230303 11:49:07.462"/>
</kw>
<kw name="Click Element" library="SeleniumLibrary">
<arg>${Valider_Commande}</arg>
<doc>Click the element identified by ``locator``.</doc>
<msg timestamp="20230303 11:49:07.463" level="INFO">Clicking element 'xpath://a[contains(text(),'Valider la commande')]'.</msg>
<status status="PASS" starttime="20230303 11:49:07.462" endtime="20230303 11:49:09.117"/>
</kw>
<kw name="Sleep" library="BuiltIn">
<arg>4</arg>
<doc>Pauses the test executed for the given time.</doc>
<msg timestamp="20230303 11:49:13.119" level="INFO">Slept 4 seconds</msg>
<status status="PASS" starttime="20230303 11:49:09.118" endtime="20230303 11:49:13.119"/>
</kw>
<status status="PASS" starttime="20230303 11:48:43.741" endtime="20230303 11:49:13.119"/>
</kw>
<kw name="entrer les details de la commande (tele - Email = Correcte)" library="CommandePage3">
<arg>${Prénom}</arg>
<arg>${Nom}</arg>
<arg>${Nom_d_entreprise}</arg>
<arg>${Numéro_nom_de_rue}</arg>
<arg>${Ville}</arg>
<arg>${Région_Département}</arg>
<arg>${Code_postal}</arg>
<arg>${Téléphone}</arg>
<arg>${E_mail}</arg>
<kw name="Input Text" library="SeleniumLibrary">
<arg>${Prénom1}</arg>
<arg>${Prénom}</arg>
<doc>Types the given ``text`` into the text field identified by ``locator``.</doc>
<msg timestamp="20230303 11:49:13.126" level="INFO">Typing text 'Ilh1' into text field ' xpath://input[@id='billing_first_name']'.</msg>
<status status="PASS" starttime="20230303 11:49:13.124" endtime="20230303 11:49:13.437"/>
</kw>
<kw name="Input Text" library="SeleniumLibrary">
<arg>${Nom1}</arg>
<arg>${Nom}</arg>
<doc>Types the given ``text`` into the text field identified by ``locator``.</doc>
<msg timestamp="20230303 11:49:13.438" level="INFO">Typing text 'Brh3' into text field 'xpath://input[@id='billing_last_name']'.</msg>
<status status="PASS" starttime="20230303 11:49:13.437" endtime="20230303 11:49:13.890"/>
</kw>
<kw name="Sleep" library="BuiltIn">
<arg>5</arg>
<doc>Pauses the test executed for the given time.</doc>
<msg timestamp="20230303 11:49:18.891" level="INFO">Slept 5 seconds</msg>
<status status="PASS" starttime="20230303 11:49:13.890" endtime="20230303 11:49:18.891"/>
</kw>
<kw name="Input Text" library="SeleniumLibrary">
<arg>${Nom_d_entreprise1}</arg>
<arg>${Nom_d_entreprise}</arg>
<doc>Types the given ``text`` into the text field identified by ``locator``.</doc>
<msg timestamp="20230303 11:49:18.891" level="INFO">Typing text '/?&gt;' into text field 'xpath://input[@id='billing_company']'.</msg>
<status status="PASS" starttime="20230303 11:49:18.891" endtime="20230303 11:49:19.126"/>
</kw>
<kw name="Sleep" library="BuiltIn">
<arg>5</arg>
<doc>Pauses the test executed for the given time.</doc>
<msg timestamp="20230303 11:49:24.127" level="INFO">Slept 5 seconds</msg>
<status status="PASS" starttime="20230303 11:49:19.126" endtime="20230303 11:49:24.127"/>
</kw>
<kw name="Input Text" library="SeleniumLibrary">
<arg>${Numéro_nom_de_rue1}</arg>
<arg>${Numéro_nom_de_rue}</arg>
<doc>Types the given ``text`` into the text field identified by ``locator``.</doc>
<msg timestamp="20230303 11:49:24.128" level="INFO">Typing text '..?' into text field 'xpath://input[@id='billing_address_1']'.</msg>
<status status="PASS" starttime="20230303 11:49:24.127" endtime="20230303 11:49:24.254"/>
</kw>
<kw name="Input Text" library="SeleniumLibrary">
<arg>${Ville1}</arg>
<arg>${Ville}</arg>
<doc>Types the given ``text`` into the text field identified by ``locator``.</doc>
<msg timestamp="20230303 11:49:24.254" level="INFO">Typing text '123' into text field 'xpath://input[@id='billing_city']'.</msg>
<status status="PASS" starttime="20230303 11:49:24.254" endtime="20230303 11:49:24.390"/>
</kw>
<kw name="Input Text" library="SeleniumLibrary">
<arg>${Région_Département1}</arg>
<arg>${Région_Département}</arg>
<doc>Types the given ``text`` into the text field identified by ``locator``.</doc>
<msg timestamp="20230303 11:49:24.390" level="INFO">Typing text 'x23' into text field 'xpath://input[@id='billing_state']'.</msg>
<status status="PASS" starttime="20230303 11:49:24.390" endtime="20230303 11:49:24.496"/>
</kw>
<kw name="Input Text" library="SeleniumLibrary">
<arg>${Code_postal1}</arg>
<arg>${Code_postal}</arg>
<doc>Types the given ``text`` into the text field identified by ``locator``.</doc>
<msg timestamp="20230303 11:49:24.496" level="INFO">Typing text 'ABC' into text field 'xpath://input[@id='billing_postcode']'.</msg>
<status status="PASS" starttime="20230303 11:49:24.496" endtime="20230303 11:49:24.657"/>
</kw>
<kw name="Sleep" library="BuiltIn">
<arg>4</arg>
<doc>Pauses the test executed for the given time.</doc>
<msg timestamp="20230303 11:49:28.659" level="INFO">Slept 4 seconds</msg>
<status status="PASS" starttime="20230303 11:49:24.658" endtime="20230303 11:49:28.661"/>
</kw>
<kw name="Input Text" library="SeleniumLibrary">
<arg>${Téléphone1}</arg>
<arg>${Téléphone}</arg>
<doc>Types the given ``text`` into the text field identified by ``locator``.</doc>
<msg timestamp="20230303 11:49:28.667" level="INFO">Typing text '0651780789' into text field 'xpath://input[@id='billing_phone']'.</msg>
<status status="PASS" starttime="20230303 11:49:28.664" endtime="20230303 11:49:28.883"/>
</kw>
<kw name="Input Text" library="SeleniumLibrary">
<arg>${E_mail1}</arg>
<arg>${E_mail}</arg>
<doc>Types the given ``text`` into the text field identified by ``locator``.</doc>
<msg timestamp="20230303 11:49:28.885" level="INFO">Typing text 'IlhamBrh1@gmail.com' into text field 'xpath://input[@id='billing_email']'.</msg>
<status status="PASS" starttime="20230303 11:49:28.883" endtime="20230303 11:49:29.173"/>
</kw>
<kw name="Sleep" library="BuiltIn">
<arg>4</arg>
<doc>Pauses the test executed for the given time.</doc>
<msg timestamp="20230303 11:49:33.175" level="INFO">Slept 4 seconds</msg>
<status status="PASS" starttime="20230303 11:49:29.173" endtime="20230303 11:49:33.181"/>
</kw>
<kw name="Select Checkbox" library="SeleniumLibrary">
<arg>${Accepter_les_conditions}</arg>
<doc>Selects the checkbox identified by ``locator``.</doc>
<msg timestamp="20230303 11:49:33.185" level="INFO">Selecting checkbox 'id:terms'.</msg>
<status status="PASS" starttime="20230303 11:49:33.182" endtime="20230303 11:49:33.324"/>
</kw>
<kw name="Sleep" library="BuiltIn">
<arg>5</arg>
<doc>Pauses the test executed for the given time.</doc>
<msg timestamp="20230303 11:49:38.325" level="INFO">Slept 5 seconds</msg>
<status status="PASS" starttime="20230303 11:49:33.324" endtime="20230303 11:49:38.325"/>
</kw>
<kw name="Click Element" library="SeleniumLibrary">
<arg>${Commander}</arg>
<doc>Click the element identified by ``locator``.</doc>
<msg timestamp="20230303 11:49:38.325" level="INFO">Clicking element 'xpath://button[@id='place_order']'.</msg>
<status status="PASS" starttime="20230303 11:49:38.325" endtime="20230303 11:49:38.533"/>
</kw>
<kw name="Sleep" library="BuiltIn">
<arg>7</arg>
<doc>Pauses the test executed for the given time.</doc>
<msg timestamp="20230303 11:49:45.541" level="INFO">Slept 7 seconds</msg>
<status status="PASS" starttime="20230303 11:49:38.533" endtime="20230303 11:49:45.542"/>
</kw>
<status status="PASS" starttime="20230303 11:49:13.122" endtime="20230303 11:49:45.543"/>
</kw>
<kw name="Wait until it checks and display -Commande non Valide-" library="CommandePage3">
<arg>${Détails_de_facturation}</arg>
<kw name="Wait Until Element Is Visible" library="SeleniumLibrary">
<arg>${Détails_de_facturation}</arg>
<doc>Waits until the element ``locator`` is visible.</doc>
<msg timestamp="20230303 11:49:51.179" level="INFO" html="true">&lt;/td&gt;&lt;/tr&gt;&lt;tr&gt;&lt;td colspan="3"&gt;&lt;a href="selenium-screenshot-1.png"&gt;&lt;img src="selenium-screenshot-1.png" width="800px"&gt;&lt;/a&gt;</msg>
<msg timestamp="20230303 11:49:51.179" level="FAIL">Element 'xpath://h3[contains(text(),'Détails de facturation')]' not visible after 5 seconds.</msg>
<status status="FAIL" starttime="20230303 11:49:45.545" endtime="20230303 11:49:51.183"/>
</kw>
<kw name="Sleep" library="BuiltIn">
<arg>5</arg>
<doc>Pauses the test executed for the given time.</doc>
<status status="NOT RUN" starttime="20230303 11:49:51.183" endtime="20230303 11:49:51.184"/>
</kw>
<status status="FAIL" starttime="20230303 11:49:45.543" endtime="20230303 11:49:51.185"/>
</kw>
<status status="FAIL" starttime="20230303 11:48:14.024" endtime="20230303 11:49:51.185">Element 'xpath://h3[contains(text(),'Détails de facturation')]' not visible after 5 seconds.</status>
</test>
<doc>Details de commande</doc>
<status status="FAIL" starttime="20230303 11:48:12.748" endtime="20230303 11:49:51.187"/>
</suite>
<status status="FAIL" starttime="20230303 11:48:12.724" endtime="20230303 11:49:51.191"/>
</suite>
<status status="FAIL" starttime="20230303 11:48:12.567" endtime="20230303 11:49:51.195"/>
</suite>
<statistics>
<total>
<stat pass="0" fail="1" skip="0">All Tests</stat>
</total>
<tag>
</tag>
<suite>
<stat pass="0" fail="1" skip="0" id="s1" name="pythonProject13">pythonProject13</stat>
<stat pass="0" fail="1" skip="0" id="s1-s1" name="projet1- FILS DE CABLE - Details de commande">pythonProject13.projet1- FILS DE CABLE - Details de commande</stat>
<stat pass="0" fail="1" skip="0" id="s1-s1-s1" name="test3-Acc">pythonProject13.projet1- FILS DE CABLE - Details de commande.test3-Acc</stat>
</suite>
</statistics>
<errors>
</errors>
</robot>
