<?xml version="1.0" encoding="UTF-8"?>
<robot generator="Robot 6.0.1 (Python 3.11.1 on win32)" generated="20230303 11:34:53.203" rpa="false" schemaversion="3">
<suite id="s1" name="projet1- FILS DE CABLE - Quantité" source="C:\Users\Ilham BOURHAIM\PycharmProjects\pythonProject13\projet1- FILS DE CABLE - Quantité">
<suite id="s1-s1" name="test3-Quantité" source="C:\Users\Ilham BOURHAIM\PycharmProjects\pythonProject13\projet1- FILS DE CABLE - Quantité\test3-Quantité.robot">
<test id="s1-s1-t1" name="Cables et fils electrique-Fils de cable" line="10">
<kw name="open the browser with URL" library="resources">
<kw name="Create Webdriver" library="SeleniumLibrary">
<arg>Chrome</arg>
<doc>Creates an instance of Selenium WebDriver.</doc>
<msg timestamp="20230303 11:34:53.723" level="INFO">Creating an instance of the Chrome WebDriver.</msg>
<status status="PASS" starttime="20230303 11:34:53.723" endtime="20230303 11:34:56.588"/>
</kw>
<kw name="Go To" library="SeleniumLibrary">
<arg>${URL}</arg>
<doc>Navigates the current browser window to the provided ``url``.</doc>
<msg timestamp="20230303 11:34:56.590" level="INFO">Opening url 'http://192.168.31.31/'</msg>
<status status="PASS" starttime="20230303 11:34:56.589" endtime="20230303 11:35:04.136"/>
</kw>
<kw name="Maximize Browser Window" library="SeleniumLibrary">
<doc>Maximizes current browser window.</doc>
<status status="PASS" starttime="20230303 11:35:04.137" endtime="20230303 11:35:04.804"/>
</kw>
<kw name="Sleep" library="BuiltIn">
<arg>6</arg>
<doc>Pauses the test executed for the given time.</doc>
<msg timestamp="20230303 11:35:10.806" level="INFO">Slept 6 seconds</msg>
<status status="PASS" starttime="20230303 11:35:04.805" endtime="20230303 11:35:10.806"/>
</kw>
<status status="PASS" starttime="20230303 11:34:53.723" endtime="20230303 11:35:10.806"/>
</kw>
<kw name="click an Cables et fils electrique-Fils de cable" library="clickAn">
<arg>${Categories}</arg>
<arg>${Câbles_fils}</arg>
<arg>${FILS_CABLE}</arg>
<kw name="Click Element" library="SeleniumLibrary">
<arg>${Categories}</arg>
<doc>Click the element identified by ``locator``.</doc>
<msg timestamp="20230303 11:35:10.811" level="INFO">Clicking element 'xpath://span[contains(text(),'Categories')]'.</msg>
<status status="PASS" starttime="20230303 11:35:10.806" endtime="20230303 11:35:11.037"/>
</kw>
<kw name="Sleep" library="BuiltIn">
<arg>5</arg>
<doc>Pauses the test executed for the given time.</doc>
<msg timestamp="20230303 11:35:16.039" level="INFO">Slept 5 seconds</msg>
<status status="PASS" starttime="20230303 11:35:11.038" endtime="20230303 11:35:16.039"/>
</kw>
<kw name="Click Element" library="SeleniumLibrary">
<arg>${Câbles_fils}</arg>
<doc>Click the element identified by ``locator``.</doc>
<msg timestamp="20230303 11:35:16.040" level="INFO">Clicking element 'xpath://header/div[1]/div[2]/div[1]/div[1]/ul[1]/li[2]/div[2]/div[1]/ul[1]/li[2]/a[1]'.</msg>
<status status="PASS" starttime="20230303 11:35:16.039" endtime="20230303 11:35:19.422"/>
</kw>
<kw name="Sleep" library="BuiltIn">
<arg>5</arg>
<doc>Pauses the test executed for the given time.</doc>
<msg timestamp="20230303 11:35:24.423" level="INFO">Slept 5 seconds</msg>
<status status="PASS" starttime="20230303 11:35:19.422" endtime="20230303 11:35:24.425"/>
</kw>
<kw name="Click Element" library="SeleniumLibrary">
<arg>${FILS_CABLE}</arg>
<doc>Click the element identified by ``locator``.</doc>
<msg timestamp="20230303 11:35:24.429" level="INFO">Clicking element 'css:body.page-template-default.page.page-id-837.theme-flatsome.woocommerce-js.yith-wcan-pro.lightbox.nav-dropdown-has-shadow.nav-dropdown-has-border.page-template-blank.page-template-blank-php:nth-child(2) div.content-area section.section:nth-child(3) div.section-content.relative:nth-child(2) div.row div.col.medium-4.small-12.large-4:nth-child(3) div.col-inner.box-shadow-3:nth-child(1) div.row.row-collapse div.col.medium-8.large-8:nth-child(2) div.col-inner h3:nth-child(2) &gt; a:nth-child(1)'.</msg>
<status status="PASS" starttime="20230303 11:35:24.427" endtime="20230303 11:35:27.628"/>
</kw>
<kw name="Sleep" library="BuiltIn">
<arg>5</arg>
<doc>Pauses the test executed for the given time.</doc>
<msg timestamp="20230303 11:35:32.630" level="INFO">Slept 5 seconds</msg>
<status status="PASS" starttime="20230303 11:35:27.628" endtime="20230303 11:35:32.630"/>
</kw>
<status status="PASS" starttime="20230303 11:35:10.806" endtime="20230303 11:35:32.630"/>
</kw>
<kw name="clicker sur un produit et voir le panier" library="Choose3_Quantite">
<arg>${clicker_Produit}</arg>
<arg>${Ajout_Panier}</arg>
<arg>${Voirr_Panier}</arg>
<kw name="Sleep" library="BuiltIn">
<arg>5</arg>
<doc>Pauses the test executed for the given time.</doc>
<msg timestamp="20230303 11:35:37.633" level="INFO">Slept 5 seconds</msg>
<status status="PASS" starttime="20230303 11:35:32.631" endtime="20230303 11:35:37.635"/>
</kw>
<kw name="Click Element" library="SeleniumLibrary">
<arg>${clicker_Produit}</arg>
<doc>Click the element identified by ``locator``.</doc>
<msg timestamp="20230303 11:35:37.652" level="INFO">Clicking element 'xpath://a[contains(text(),'cable souple 16mm')]'.</msg>
<status status="PASS" starttime="20230303 11:35:37.636" endtime="20230303 11:35:43.638"/>
</kw>
<kw name="Sleep" library="BuiltIn">
<arg>5</arg>
<doc>Pauses the test executed for the given time.</doc>
<msg timestamp="20230303 11:35:48.642" level="INFO">Slept 5 seconds</msg>
<status status="PASS" starttime="20230303 11:35:43.639" endtime="20230303 11:35:48.642"/>
</kw>
<kw name="Click Element" library="SeleniumLibrary">
<arg>${Ajout_Panier}</arg>
<doc>Click the element identified by ``locator``.</doc>
<msg timestamp="20230303 11:35:48.643" level="INFO">Clicking element 'xpath://button[contains(text(),'Ajouter au panier')]'.</msg>
<status status="PASS" starttime="20230303 11:35:48.643" endtime="20230303 11:35:56.804"/>
</kw>
<kw name="Sleep" library="BuiltIn">
<arg>3</arg>
<doc>Pauses the test executed for the given time.</doc>
<msg timestamp="20230303 11:35:59.806" level="INFO">Slept 3 seconds</msg>
<status status="PASS" starttime="20230303 11:35:56.805" endtime="20230303 11:35:59.806"/>
</kw>
<kw name="Click Element" library="SeleniumLibrary">
<arg>${Voirr_Panier}</arg>
<doc>Click the element identified by ``locator``.</doc>
<msg timestamp="20230303 11:35:59.808" level="INFO">Clicking element 'xpath://header/div[1]/div[1]/div[1]/div[4]/ul[1]/li[3]/ul[1]/li[1]/div[1]/p[2]/a[1]'.</msg>
<status status="PASS" starttime="20230303 11:35:59.806" endtime="20230303 11:36:12.606"/>
</kw>
<kw name="Sleep" library="BuiltIn">
<arg>5</arg>
<doc>Pauses the test executed for the given time.</doc>
<msg timestamp="20230303 11:36:17.608" level="INFO">Slept 5 seconds</msg>
<status status="PASS" starttime="20230303 11:36:12.607" endtime="20230303 11:36:17.608"/>
</kw>
<status status="PASS" starttime="20230303 11:35:32.630" endtime="20230303 11:36:17.608"/>
</kw>
<kw name="Eliminer le produit (0 Produits)" library="Choose3_Quantite">
<arg>${Soustracter_nbr_produit}</arg>
<arg>${Mettre_à_jour_panier}</arg>
<arg>${Retour_à_la_boutique}</arg>
<kw name="Click Element" library="SeleniumLibrary">
<arg>${Soustracter_nbr_produit}</arg>
<doc>Click the element identified by ``locator``.</doc>
<msg timestamp="20230303 11:36:17.610" level="INFO">Clicking element 'xpath://tbody/tr[1]/td[5]/div[1]/input[1]'.</msg>
<status status="PASS" starttime="20230303 11:36:17.609" endtime="20230303 11:36:17.697"/>
</kw>
<kw name="Sleep" library="BuiltIn">
<arg>3</arg>
<doc>Pauses the test executed for the given time.</doc>
<msg timestamp="20230303 11:36:20.698" level="INFO">Slept 3 seconds</msg>
<status status="PASS" starttime="20230303 11:36:17.698" endtime="20230303 11:36:20.698"/>
</kw>
<kw name="Click Element" library="SeleniumLibrary">
<arg>${Mettre_à_jour_panier}</arg>
<doc>Click the element identified by ``locator``.</doc>
<msg timestamp="20230303 11:36:20.698" level="INFO">Clicking element 'xpath: // button[contains(text(), 'Mettre à jour le panier')]'.</msg>
<status status="PASS" starttime="20230303 11:36:20.698" endtime="20230303 11:36:20.779"/>
</kw>
<kw name="Sleep" library="BuiltIn">
<arg>7</arg>
<doc>Pauses the test executed for the given time.</doc>
<msg timestamp="20230303 11:36:27.781" level="INFO">Slept 7 seconds</msg>
<status status="PASS" starttime="20230303 11:36:20.780" endtime="20230303 11:36:27.781"/>
</kw>
<kw name="Click Element" library="SeleniumLibrary">
<arg>${Retour_à_la_boutique}</arg>
<doc>Click the element identified by ``locator``.</doc>
<msg timestamp="20230303 11:36:27.787" level="INFO">Clicking element 'xpath://a[contains(text(),'Retour à la boutique')]'.</msg>
<msg timestamp="20230303 11:36:28.090" level="INFO" html="true">&lt;/td&gt;&lt;/tr&gt;&lt;tr&gt;&lt;td colspan="3"&gt;&lt;a href="selenium-screenshot-1.png"&gt;&lt;img src="selenium-screenshot-1.png" width="800px"&gt;&lt;/a&gt;</msg>
<msg timestamp="20230303 11:36:28.090" level="FAIL">Element with locator 'xpath://a[contains(text(),'Retour à la boutique')]' not found.</msg>
<status status="FAIL" starttime="20230303 11:36:27.782" endtime="20230303 11:36:28.090"/>
</kw>
<kw name="Sleep" library="BuiltIn">
<arg>5</arg>
<doc>Pauses the test executed for the given time.</doc>
<status status="NOT RUN" starttime="20230303 11:36:28.090" endtime="20230303 11:36:28.090"/>
</kw>
<kw name="Wait Until Element Is Visible" library="SeleniumLibrary">
<arg>${Categories}</arg>
<doc>Waits until the element ``locator`` is visible.</doc>
<status status="NOT RUN" starttime="20230303 11:36:28.090" endtime="20230303 11:36:28.090"/>
</kw>
<kw name="Sleep" library="BuiltIn">
<arg>3</arg>
<doc>Pauses the test executed for the given time.</doc>
<status status="NOT RUN" starttime="20230303 11:36:28.090" endtime="20230303 11:36:28.090"/>
</kw>
<kw name="Click Element" library="SeleniumLibrary">
<arg>${Fils_de_cable}</arg>
<doc>Click the element identified by ``locator``.</doc>
<status status="NOT RUN" starttime="20230303 11:36:28.090" endtime="20230303 11:36:28.090"/>
</kw>
<kw name="Sleep" library="BuiltIn">
<arg>4</arg>
<doc>Pauses the test executed for the given time.</doc>
<status status="NOT RUN" starttime="20230303 11:36:28.090" endtime="20230303 11:36:28.090"/>
</kw>
<kw name="Wait Until Element Is Visible" library="SeleniumLibrary">
<arg>${PRODUITS_2_Fils_de_cable}</arg>
<doc>Waits until the element ``locator`` is visible.</doc>
<status status="NOT RUN" starttime="20230303 11:36:28.090" endtime="20230303 11:36:28.090"/>
</kw>
<status status="FAIL" starttime="20230303 11:36:17.609" endtime="20230303 11:36:28.090"/>
</kw>
<status status="FAIL" starttime="20230303 11:34:53.723" endtime="20230303 11:36:28.090">Element with locator 'xpath://a[contains(text(),'Retour à la boutique')]' not found.</status>
</test>
<doc>Cables et fils electrique-Fils de cable_Partie de Commande</doc>
<status status="FAIL" starttime="20230303 11:34:53.258" endtime="20230303 11:36:28.090"/>
</suite>
<status status="FAIL" starttime="20230303 11:34:53.227" endtime="20230303 11:36:28.101"/>
</suite>
<statistics>
<total>
<stat pass="0" fail="1" skip="0">All Tests</stat>
</total>
<tag>
</tag>
<suite>
<stat pass="0" fail="1" skip="0" id="s1" name="projet1- FILS DE CABLE - Quantité">projet1- FILS DE CABLE - Quantité</stat>
<stat pass="0" fail="1" skip="0" id="s1-s1" name="test3-Quantité">projet1- FILS DE CABLE - Quantité.test3-Quantité</stat>
</suite>
</statistics>
<errors>
</errors>
</robot>
